        -:    0:Source:D:/C,C++/CLion 2024.3.4/Projects/Lab6_7/UI/consola_discipline.cpp
        -:    0:Graph:D:\C,C++\CLion 2024.3.4\Projects\Lab6_7\cmake-build-debug-coverage\CMakeFiles\Lab6_7.dir\UI\consola_discipline.cpp.gcno
        -:    0:Data:D:\C,C++\CLion 2024.3.4\Projects\Lab6_7\cmake-build-debug-coverage\CMakeFiles\Lab6_7.dir\UI\consola_discipline.cpp.gcda
        -:    0:Runs:1
        -:    1:#include "consola_discipline.h"
        -:    2:
        -:    3:
function _ZN7Consola8ui_meniuEv called 1 returned 100% blocks executed 100%
        1:    4:void Consola::ui_meniu() {
        1:    5:    cout << "================== MENIU PRINCIPAL ==================" << endl;
        1:    5-block  0
call    0 returned 1
call    1 returned 1
        1:    6:    cout << "Optiuni:" << endl;
call    0 returned 1
call    1 returned 1
        1:    7:    cout << "0. Iesire" << endl;
call    0 returned 1
call    1 returned 1
        1:    8:    cout << "1. Tipareste disciplinele" << endl;
call    0 returned 1
call    1 returned 1
        1:    9:    cout << "2. Adauga o disciplina" << endl;
call    0 returned 1
call    1 returned 1
        1:   10:    cout << "3. Modifica o disciplina" << endl;
call    0 returned 1
call    1 returned 1
        1:   11:    cout << "4. Sterge o disciplina" << endl;
call    0 returned 1
call    1 returned 1
        1:   12:    cout << "5. Cauta o disciplina" << endl;
call    0 returned 1
call    1 returned 1
        1:   13:    cout << "6. Filtreaza disciplinele" << endl;
call    0 returned 1
call    1 returned 1
        1:   14:    cout << "7. Sorteaza disciplinele" << endl;
call    0 returned 1
call    1 returned 1
        1:   15:    cout << "8. Contract de studii" << endl;
call    0 returned 1
call    1 returned 1
        1:   16:    cout << "9. Raport pe tip" << endl;
call    0 returned 1
call    1 returned 1
        1:   17:    cout << "10. Refa ultima operatie" << endl;
call    0 returned 1
call    1 returned 1
        1:   18:    cout << ">>";
call    0 returned 1
        1:   19:}
        -:   20:
function _ZN7Consola10ui_afisareERKSt6vectorI10DisciplinaSaIS1_EERKNSt7__cxx1112basic_stringIcSt11char_traitsIcESaIcEEE called 0 returned 0% blocks executed 0%
    #####:   21:void Consola::ui_afisare(const vector<Disciplina> &lista_de_afisat, const string &titlu) {
    #####:   22:    if (lista_de_afisat.empty()) {
    %%%%%:   22-block  0
call    0 never executed
branch  1 never executed (fallthrough)
branch  2 never executed
    #####:   23:        cout << "Nu exista discipline :(" << endl;
    %%%%%:   23-block  0
call    0 never executed
call    1 never executed
    #####:   24:        return;
        -:   25:    }
        -:   26:
    #####:   27:    cout << endl << "================== " << titlu << " ==================" << endl;
    %%%%%:   27-block  0
call    0 never executed
call    1 never executed
call    2 never executed
call    3 never executed
call    4 never executed
    #####:   28:    size_t i = 0;
    #####:   29:    for (const auto &d: lista_de_afisat) {
call    0 never executed
call    1 never executed
    %%%%%:   29-block  0
call    2 never executed
    %%%%%:   29-block  1
call    3 never executed
    %%%%%:   29-block  2
call    4 never executed
branch  5 never executed
branch  6 never executed (fallthrough)
    #####:   30:        cout << "[" << i++ << "] " << d;
call    0 never executed
branch  1 never executed (fallthrough)
branch  2 never executed (throw)
    %%%%%:   30-block  0
call    3 never executed
branch  4 never executed (fallthrough)
branch  5 never executed (throw)
    %%%%%:   30-block  1
call    6 never executed
branch  7 never executed (fallthrough)
branch  8 never executed (throw)
    %%%%%:   30-block  2
call    9 never executed
branch 10 never executed (fallthrough)
branch 11 never executed (throw)
    #####:   31:        if (i < lista_de_afisat.size()) cout << ";";
    %%%%%:   31-block  0
call    0 never executed
branch  1 never executed (fallthrough)
branch  2 never executed
    %%%%%:   31-block  1
call    3 never executed
branch  4 never executed (fallthrough)
branch  5 never executed (throw)
    #####:   32:        cout << endl;
    %%%%%:   32-block  0
call    0 never executed
branch  1 never executed (fallthrough)
branch  2 never executed (throw)
        -:   33:    }
        -:   34:}
        -:   35:
function _ZN7Consola11citeste_intERKNSt7__cxx1112basic_stringIcSt11char_traitsIcESaIcEEE called 0 returned 0% blocks executed 0%
    #####:   36:int Consola::citeste_int(const string &mesaj) {
    %%%%%:   36-block  0
        -:   37:    int valoare;
        -:   38:    while (true) {
    #####:   39:        cout << mesaj;
    %%%%%:   39-block  0
call    0 never executed
branch  1 never executed (fallthrough)
branch  2 never executed (throw)
    %%%%%:   39-block  1
    #####:   40:        cin >> valoare;
    %%%%%:   40-block  0
call    0 never executed
branch  1 never executed (fallthrough)
branch  2 never executed (throw)
    #####:   41:        if (cin.fail()) {
    %%%%%:   41-block  0
call    0 never executed
branch  1 never executed (fallthrough)
branch  2 never executed (throw)
    %%%%%:   41-block  1
branch  3 never executed (fallthrough)
branch  4 never executed
    #####:   42:            cout << "!!!!!" << endl;
    %%%%%:   42-block  0
call    0 never executed
branch  1 never executed (fallthrough)
branch  2 never executed (throw)
    %%%%%:   42-block  1
call    3 never executed
branch  4 never executed (fallthrough)
branch  5 never executed (throw)
    #####:   43:            cout << "Valoarea trebuie sa fie numar intreg" << endl << endl;
    %%%%%:   43-block  0
call    0 never executed
branch  1 never executed (fallthrough)
branch  2 never executed (throw)
    %%%%%:   43-block  1
call    3 never executed
branch  4 never executed (fallthrough)
branch  5 never executed (throw)
    %%%%%:   43-block  2
call    6 never executed
branch  7 never executed (fallthrough)
branch  8 never executed (throw)
    #####:   44:            cin.clear();
    %%%%%:   44-block  0
call    0 never executed
branch  1 never executed (fallthrough)
branch  2 never executed (throw)
    #####:   45:            cin.ignore(std::numeric_limits<std::streamsize>::max(), '\n');
    %%%%%:   45-block  0
call    0 never executed
call    1 never executed
branch  2 never executed (fallthrough)
branch  3 never executed (throw)
        -:   46:        } else {
    #####:   47:            cin.ignore(std::numeric_limits<std::streamsize>::max(), '\n');
    %%%%%:   47-block  0
call    0 never executed
call    1 never executed
branch  2 never executed (fallthrough)
branch  3 never executed (throw)
    #####:   48:            return valoare;
    %%%%%:   48-block  0
    %%%%%:   48-block  1
        -:   49:        }
        -:   50:    }
        -:   51:}
        -:   52:
function _ZN7Consola14citeste_stringERKNSt7__cxx1112basic_stringIcSt11char_traitsIcESaIcEEE called 0 returned 0% blocks executed 0%
    #####:   53:string Consola::citeste_string(const string &mesaj) {
    #####:   54:    string cuvant;
    %%%%%:   54-block  0
call    0 never executed
    #####:   55:    cout << mesaj;
call    0 never executed
branch  1 never executed (fallthrough)
branch  2 never executed (throw)
    #####:   56:    if (cin.peek() == '\n')
    %%%%%:   56-block  0
call    0 never executed
branch  1 never executed (fallthrough)
branch  2 never executed (throw)
    %%%%%:   56-block  1
branch  3 never executed (fallthrough)
branch  4 never executed
    #####:   57:        cin.ignore();
    %%%%%:   57-block  0
call    0 never executed
branch  1 never executed (fallthrough)
branch  2 never executed (throw)
    #####:   58:    getline(cin, cuvant);
    %%%%%:   58-block  0
call    0 never executed
branch  1 never executed (fallthrough)
branch  2 never executed (throw)
    #####:   59:    return cuvant;
    %%%%%:   59-block  0
    %%%%%:   59-block  1
    =====:   60:}
    $$$$$:   60-block  0
call    0 never executed
        -:   61:
        -:   62:
function _ZNK7Consola11ui_adaugareEv called 0 returned 0% blocks executed 0%
    #####:   63:void Consola::ui_adaugare() const {
    #####:   64:    cin.ignore();
    %%%%%:   64-block  0
call    0 never executed
branch  1 never executed (fallthrough)
branch  2 never executed (throw)
    #####:   65:    const string nume = citeste_string("Numele materiei: ");
    %%%%%:   65-block  0
call    0 never executed
branch  1 never executed (fallthrough)
branch  2 never executed (throw)
    %%%%%:   65-block  1
call    3 never executed
branch  4 never executed (fallthrough)
branch  5 never executed (throw)
    %%%%%:   65-block  2
call    6 never executed
    %%%%%:   65-block  3
    $$$$$:   65-block  4
call    7 never executed
    $$$$$:   65-block  5
    $$$$$:   65-block  6
    #####:   66:    const int ora = citeste_int("Numarul de ore pe saptamana: ");
    %%%%%:   66-block  0
call    0 never executed
branch  1 never executed (fallthrough)
branch  2 never executed (throw)
    %%%%%:   66-block  1
call    3 never executed
branch  4 never executed (fallthrough)
branch  5 never executed (throw)
    %%%%%:   66-block  2
call    6 never executed
    %%%%%:   66-block  3
    $$$$$:   66-block  4
call    7 never executed
    $$$$$:   66-block  5
    $$$$$:   66-block  6
    #####:   67:    const string tip = citeste_string("Tipul materiei: ");
    %%%%%:   67-block  0
call    0 never executed
branch  1 never executed (fallthrough)
branch  2 never executed (throw)
    %%%%%:   67-block  1
call    3 never executed
branch  4 never executed (fallthrough)
branch  5 never executed (throw)
    %%%%%:   67-block  2
call    6 never executed
    %%%%%:   67-block  3
    $$$$$:   67-block  4
call    7 never executed
    $$$$$:   67-block  5
    $$$$$:   67-block  6
    #####:   68:    const string profesor = citeste_string("Profesorul la materie: ");
    %%%%%:   68-block  0
call    0 never executed
branch  1 never executed (fallthrough)
branch  2 never executed (throw)
    %%%%%:   68-block  1
call    3 never executed
branch  4 never executed (fallthrough)
branch  5 never executed (throw)
    %%%%%:   68-block  2
call    6 never executed
    $$$$$:   68-block  3
call    7 never executed
    $$$$$:   68-block  4
    $$$$$:   68-block  5
        -:   69:
        -:   70:    try {
    #####:   71:        service.adauga_service(nume, ora, tip, profesor);
    %%%%%:   71-block  0
call    0 never executed
branch  1 never executed (fallthrough)
branch  2 never executed (throw)
    #####:   72:        cout << "Materie adaugata cu succes!";
    %%%%%:   72-block  0
call    0 never executed
branch  1 never executed (fallthrough)
branch  2 never executed (throw)
    =====:   73:    } catch (const RepoException &rex) {
    $$$$$:   73-block  0
branch  0 never executed (fallthrough)
branch  1 never executed
branch  2 never executed
    $$$$$:   73-block  1
call    3 never executed
    =====:   74:        cout << endl << "!!!!!" << endl;
call    0 never executed
branch  1 never executed (fallthrough)
branch  2 never executed (throw)
    $$$$$:   74-block  0
call    3 never executed
branch  4 never executed (fallthrough)
branch  5 never executed (throw)
    $$$$$:   74-block  1
call    6 never executed
branch  7 never executed (fallthrough)
branch  8 never executed (throw)
    =====:   75:        cout << rex.getMesaj() << endl;
    $$$$$:   75-block  0
call    0 never executed
call    1 never executed
branch  2 never executed (fallthrough)
branch  3 never executed (throw)
    $$$$$:   75-block  1
call    4 never executed
branch  5 never executed (fallthrough)
branch  6 never executed (throw)
    =====:   76:    }catch (const ValidationException &vex) {
    $$$$$:   76-block  0
call    0 never executed
branch  1 never executed (fallthrough)
branch  2 never executed (throw)
    $$$$$:   76-block  1
call    3 never executed
    $$$$$:   76-block  2
call    4 never executed
    =====:   77:        cout << "!!!!!" << endl;
call    0 never executed
branch  1 never executed (fallthrough)
branch  2 never executed (throw)
    $$$$$:   77-block  0
call    3 never executed
branch  4 never executed (fallthrough)
branch  5 never executed (throw)
    =====:   78:        cout << vex.getMesaj() << endl;
    $$$$$:   78-block  0
call    0 never executed
call    1 never executed
branch  2 never executed (fallthrough)
branch  3 never executed (throw)
    $$$$$:   78-block  1
call    4 never executed
branch  5 never executed (fallthrough)
branch  6 never executed (throw)
    =====:   79:    }
    $$$$$:   79-block  0
call    0 never executed
    $$$$$:   79-block  1
call    1 never executed
    #####:   80:}
    %%%%%:   80-block  0
call    0 never executed
call    1 never executed
call    2 never executed
    $$$$$:   80-block  1
call    3 never executed
    $$$$$:   80-block  2
call    4 never executed
    $$$$$:   80-block  3
call    5 never executed
        -:   81:
function _ZNK7Consola13ui_modificareEv called 0 returned 0% blocks executed 0%
    #####:   82:void Consola::ui_modificare() const {
    %%%%%:   82-block  0
    #####:   83:    const int index = citeste_int("Introduceti pozitia disciplinei pe care doriti sa o modificati: ");
    %%%%%:   83-block  0
call    0 never executed
branch  1 never executed (fallthrough)
branch  2 never executed (throw)
    %%%%%:   83-block  1
call    3 never executed
branch  4 never executed (fallthrough)
branch  5 never executed (throw)
    %%%%%:   83-block  2
call    6 never executed
    %%%%%:   83-block  3
    $$$$$:   83-block  4
call    7 never executed
    $$$$$:   83-block  5
    $$$$$:   83-block  6
    #####:   84:    const string nume = citeste_string("Numele nou al materiei: ");
    %%%%%:   84-block  0
call    0 never executed
branch  1 never executed (fallthrough)
branch  2 never executed (throw)
    %%%%%:   84-block  1
call    3 never executed
branch  4 never executed (fallthrough)
branch  5 never executed (throw)
    %%%%%:   84-block  2
call    6 never executed
    %%%%%:   84-block  3
    $$$$$:   84-block  4
call    7 never executed
    $$$$$:   84-block  5
    $$$$$:   84-block  6
    #####:   85:    const int ora = citeste_int("Numarul nou de ore pe saptamana: ");
    %%%%%:   85-block  0
call    0 never executed
branch  1 never executed (fallthrough)
branch  2 never executed (throw)
    %%%%%:   85-block  1
call    3 never executed
branch  4 never executed (fallthrough)
branch  5 never executed (throw)
    %%%%%:   85-block  2
call    6 never executed
    %%%%%:   85-block  3
    $$$$$:   85-block  4
call    7 never executed
    $$$$$:   85-block  5
    $$$$$:   85-block  6
    #####:   86:    const string tip = citeste_string("Tipul nou al materiei: ");
    %%%%%:   86-block  0
call    0 never executed
branch  1 never executed (fallthrough)
branch  2 never executed (throw)
    %%%%%:   86-block  1
call    3 never executed
branch  4 never executed (fallthrough)
branch  5 never executed (throw)
    %%%%%:   86-block  2
call    6 never executed
    %%%%%:   86-block  3
    $$$$$:   86-block  4
call    7 never executed
    $$$$$:   86-block  5
    $$$$$:   86-block  6
    #####:   87:    const string profesor = citeste_string("Profesorul nou la materie: ");
    %%%%%:   87-block  0
call    0 never executed
branch  1 never executed (fallthrough)
branch  2 never executed (throw)
    %%%%%:   87-block  1
call    3 never executed
branch  4 never executed (fallthrough)
branch  5 never executed (throw)
    %%%%%:   87-block  2
call    6 never executed
    $$$$$:   87-block  3
call    7 never executed
    $$$$$:   87-block  4
    $$$$$:   87-block  5
        -:   88:
        -:   89:    try {
    #####:   90:        service.modifica_service(index, nume, ora, tip, profesor);
    %%%%%:   90-block  0
call    0 never executed
branch  1 never executed (fallthrough)
branch  2 never executed (throw)
    #####:   91:        cout << "Materie modificata cu succes!";
    %%%%%:   91-block  0
call    0 never executed
branch  1 never executed (fallthrough)
branch  2 never executed (throw)
    =====:   92:    } catch (const RepoException &ex) {
    $$$$$:   92-block  0
branch  0 never executed (fallthrough)
branch  1 never executed
branch  2 never executed
    $$$$$:   92-block  1
call    3 never executed
    =====:   93:        cout << "!!!!!" << endl;
call    0 never executed
branch  1 never executed (fallthrough)
branch  2 never executed (throw)
    $$$$$:   93-block  0
call    3 never executed
branch  4 never executed (fallthrough)
branch  5 never executed (throw)
    =====:   94:        cout << ex.getMesaj();
    $$$$$:   94-block  0
call    0 never executed
call    1 never executed
branch  2 never executed (fallthrough)
branch  3 never executed (throw)
    =====:   95:    }catch (const ValidationException &vex) {
    $$$$$:   95-block  0
call    0 never executed
branch  1 never executed (fallthrough)
branch  2 never executed (throw)
    $$$$$:   95-block  1
call    3 never executed
    $$$$$:   95-block  2
call    4 never executed
    =====:   96:        cout << "!!!!!" << endl;
call    0 never executed
branch  1 never executed (fallthrough)
branch  2 never executed (throw)
    $$$$$:   96-block  0
call    3 never executed
branch  4 never executed (fallthrough)
branch  5 never executed (throw)
    =====:   97:        cout << vex.getMesaj() << endl;
    $$$$$:   97-block  0
call    0 never executed
call    1 never executed
branch  2 never executed (fallthrough)
branch  3 never executed (throw)
    $$$$$:   97-block  1
call    4 never executed
branch  5 never executed (fallthrough)
branch  6 never executed (throw)
    =====:   98:    }
    $$$$$:   98-block  0
call    0 never executed
    $$$$$:   98-block  1
call    1 never executed
    #####:   99:}
    %%%%%:   99-block  0
call    0 never executed
call    1 never executed
call    2 never executed
    $$$$$:   99-block  1
call    3 never executed
    $$$$$:   99-block  2
call    4 never executed
    $$$$$:   99-block  3
call    5 never executed
        -:  100:
function _ZNK7Consola11ui_stergereEv called 0 returned 0% blocks executed 0%
    #####:  101:void Consola::ui_stergere() const {
    %%%%%:  101-block  0
    #####:  102:    const int index = citeste_int("Introduceti pozitia disciplinei pe care doriti sa o stergeti: ");
    %%%%%:  102-block  0
call    0 never executed
branch  1 never executed (fallthrough)
branch  2 never executed (throw)
    %%%%%:  102-block  1
call    3 never executed
branch  4 never executed (fallthrough)
branch  5 never executed (throw)
    %%%%%:  102-block  2
call    6 never executed
    $$$$$:  102-block  3
call    7 never executed
    $$$$$:  102-block  4
    $$$$$:  102-block  5
call    8 never executed
        -:  103:
        -:  104:    try {
    #####:  105:        service.sterge_service(index);
    %%%%%:  105-block  0
call    0 never executed
branch  1 never executed (fallthrough)
branch  2 never executed (throw)
    #####:  106:        cout << "Materie stearsa cu succes!";
    %%%%%:  106-block  0
call    0 never executed
branch  1 never executed (fallthrough)
branch  2 never executed (throw)
    =====:  107:    } catch (const RepoException &ex) {
    $$$$$:  107-block  0
branch  0 never executed (fallthrough)
branch  1 never executed
    $$$$$:  107-block  1
call    2 never executed
    =====:  108:        cout << "!!!!!" << endl;
call    0 never executed
branch  1 never executed (fallthrough)
branch  2 never executed (throw)
    $$$$$:  108-block  0
call    3 never executed
branch  4 never executed (fallthrough)
branch  5 never executed (throw)
    =====:  109:        cout << ex.getMesaj() << endl;
    $$$$$:  109-block  0
call    0 never executed
call    1 never executed
branch  2 never executed (fallthrough)
branch  3 never executed (throw)
    $$$$$:  109-block  1
call    4 never executed
branch  5 never executed (fallthrough)
branch  6 never executed (throw)
    =====:  110:    }
    $$$$$:  110-block  0
call    0 never executed
    $$$$$:  110-block  1
call    1 never executed
    #####:  111:}
    %%%%%:  111-block  0
        -:  112:
function _ZNK7Consola10ui_cautareEv called 0 returned 0% blocks executed 0%
    #####:  113:void Consola::ui_cautare() const {
    %%%%%:  113-block  0
    #####:  114:    const int index = citeste_int("Introduceti pozitia disciplinei pe care doriti sa o cautati: ");
    %%%%%:  114-block  0
call    0 never executed
branch  1 never executed (fallthrough)
branch  2 never executed (throw)
    %%%%%:  114-block  1
call    3 never executed
branch  4 never executed (fallthrough)
branch  5 never executed (throw)
    %%%%%:  114-block  2
call    6 never executed
    $$$$$:  114-block  3
call    7 never executed
    $$$$$:  114-block  4
    $$$$$:  114-block  5
call    8 never executed
        -:  115:
        -:  116:    try {
    #####:  117:        const Disciplina &d = service.cauta_service(index);
    %%%%%:  117-block  0
call    0 never executed
branch  1 never executed (fallthrough)
branch  2 never executed (throw)
    #####:  118:        cout << endl << "Gasit:  " << d;
    %%%%%:  118-block  0
call    0 never executed
branch  1 never executed (fallthrough)
branch  2 never executed (throw)
    %%%%%:  118-block  1
call    3 never executed
branch  4 never executed (fallthrough)
branch  5 never executed (throw)
    %%%%%:  118-block  2
call    6 never executed
branch  7 never executed (fallthrough)
branch  8 never executed (throw)
    =====:  119:    } catch (const RepoException &ex) {
    $$$$$:  119-block  0
branch  0 never executed (fallthrough)
branch  1 never executed
    $$$$$:  119-block  1
call    2 never executed
    =====:  120:        cout << "!!!!!" << endl;
call    0 never executed
branch  1 never executed (fallthrough)
branch  2 never executed (throw)
    $$$$$:  120-block  0
call    3 never executed
branch  4 never executed (fallthrough)
branch  5 never executed (throw)
    =====:  121:        cout << ex.getMesaj() << endl;
    $$$$$:  121-block  0
call    0 never executed
call    1 never executed
branch  2 never executed (fallthrough)
branch  3 never executed (throw)
    $$$$$:  121-block  1
call    4 never executed
branch  5 never executed (fallthrough)
branch  6 never executed (throw)
    =====:  122:    }
    $$$$$:  122-block  0
call    0 never executed
    $$$$$:  122-block  1
call    1 never executed
    #####:  123:}
    %%%%%:  123-block  0
        -:  124:
        -:  125:
function _ZNK7Consola11ui_filtrareEv called 0 returned 0% blocks executed 0%
    #####:  126:void Consola::ui_filtrare() const {
    #####:  127:    cout << endl << "1. Filtrare dupa ore";
    %%%%%:  127-block  0
call    0 never executed
branch  1 never executed (fallthrough)
branch  2 never executed (throw)
    %%%%%:  127-block  1
call    3 never executed
branch  4 never executed (fallthrough)
branch  5 never executed (throw)
    #####:  128:    cout << endl << "2. Filtrare dupa profesor";
    %%%%%:  128-block  0
call    0 never executed
branch  1 never executed (fallthrough)
branch  2 never executed (throw)
    %%%%%:  128-block  1
call    3 never executed
branch  4 never executed (fallthrough)
branch  5 never executed (throw)
    #####:  129:    const int comanda = citeste_int("\n>>");
    %%%%%:  129-block  0
call    0 never executed
branch  1 never executed (fallthrough)
branch  2 never executed (throw)
    %%%%%:  129-block  1
call    3 never executed
branch  4 never executed (fallthrough)
branch  5 never executed (throw)
    %%%%%:  129-block  2
call    6 never executed
    $$$$$:  129-block  3
call    7 never executed
    $$$$$:  129-block  4
    $$$$$:  129-block  5
        -:  130:
    #####:  131:    vector<Disciplina> lista_filtrata;
    #####:  132:    if (comanda == 1) {
    %%%%%:  132-block  0
branch  0 never executed (fallthrough)
branch  1 never executed
    #####:  133:        const int ora = citeste_int("\nIntroduceti ora dupa care doriti sa filtrati: ");
    %%%%%:  133-block  0
call    0 never executed
branch  1 never executed (fallthrough)
branch  2 never executed (throw)
    %%%%%:  133-block  1
call    3 never executed
branch  4 never executed (fallthrough)
branch  5 never executed (throw)
    %%%%%:  133-block  2
call    6 never executed
    $$$$$:  133-block  3
call    7 never executed
    $$$$$:  133-block  4
    $$$$$:  133-block  5
    #####:  134:        service.filtrare_ore(ora, lista_filtrata);
    %%%%%:  134-block  0
call    0 never executed
branch  1 never executed (fallthrough)
branch  2 never executed (throw)
    #####:  135:    } else if (comanda == 2) {
    %%%%%:  135-block  0
branch  0 never executed (fallthrough)
branch  1 never executed
    #####:  136:        cin.ignore();
    %%%%%:  136-block  0
call    0 never executed
branch  1 never executed (fallthrough)
branch  2 never executed (throw)
    #####:  137:        const string profesor = citeste_string("\nIntroduceti profesorul dupa care doriti sa filtrati: ");
    %%%%%:  137-block  0
call    0 never executed
branch  1 never executed (fallthrough)
branch  2 never executed (throw)
    %%%%%:  137-block  1
call    3 never executed
branch  4 never executed (fallthrough)
branch  5 never executed (throw)
    %%%%%:  137-block  2
call    6 never executed
    $$$$$:  137-block  3
call    7 never executed
    $$$$$:  137-block  4
    $$$$$:  137-block  5
    #####:  138:        service.filtrare_profesor(profesor, lista_filtrata);
    %%%%%:  138-block  0
call    0 never executed
branch  1 never executed (fallthrough)
branch  2 never executed (throw)
    #####:  139:    } else {
    %%%%%:  139-block  0
call    0 never executed
    $$$$$:  139-block  1
call    1 never executed
    #####:  140:        cout << "Comanda invalida!\n";
    %%%%%:  140-block  0
call    0 never executed
branch  1 never executed (fallthrough)
branch  2 never executed (throw)
    #####:  141:        return;
    %%%%%:  141-block  0
        -:  142:    }
        -:  143:
    #####:  144:    ui_afisare(lista_filtrata, "DISCIPLINE FILTRATE");
    %%%%%:  144-block  0
call    0 never executed
branch  1 never executed (fallthrough)
branch  2 never executed (throw)
    %%%%%:  144-block  1
call    3 never executed
branch  4 never executed (fallthrough)
branch  5 never executed (throw)
    %%%%%:  144-block  2
call    6 never executed
    $$$$$:  144-block  3
call    7 never executed
    $$$$$:  144-block  4
    $$$$$:  144-block  5
    #####:  145:}
    %%%%%:  145-block  0
    %%%%%:  145-block  1
call    0 never executed
branch  1 never executed (fallthrough)
branch  2 never executed
    $$$$$:  145-block  2
call    3 never executed
        -:  146:
function _ZNK7Consola10ui_sortareEv called 0 returned 0% blocks executed 0%
    #####:  147:void Consola::ui_sortare() const {
    #####:  148:    cout << endl << "1. Sortare dupa nume";
    %%%%%:  148-block  0
call    0 never executed
branch  1 never executed (fallthrough)
branch  2 never executed (throw)
    %%%%%:  148-block  1
call    3 never executed
branch  4 never executed (fallthrough)
branch  5 never executed (throw)
    #####:  149:    cout << endl << "2. Sortare dupa ore";
    %%%%%:  149-block  0
call    0 never executed
branch  1 never executed (fallthrough)
branch  2 never executed (throw)
    %%%%%:  149-block  1
call    3 never executed
branch  4 never executed (fallthrough)
branch  5 never executed (throw)
    #####:  150:    cout << endl << "3. Sortare dupa profesor si tip";
    %%%%%:  150-block  0
call    0 never executed
branch  1 never executed (fallthrough)
branch  2 never executed (throw)
    %%%%%:  150-block  1
call    3 never executed
branch  4 never executed (fallthrough)
branch  5 never executed (throw)
    #####:  151:    const int comanda = citeste_int("\n>>");
    %%%%%:  151-block  0
call    0 never executed
branch  1 never executed (fallthrough)
branch  2 never executed (throw)
    %%%%%:  151-block  1
call    3 never executed
branch  4 never executed (fallthrough)
branch  5 never executed (throw)
    %%%%%:  151-block  2
call    6 never executed
    $$$$$:  151-block  3
call    7 never executed
    $$$$$:  151-block  4
    $$$$$:  151-block  5
        -:  152:
    #####:  153:    vector<Disciplina> lista_sortata;
        -:  154:
    #####:  155:    switch (comanda) {
    %%%%%:  155-block  0
branch  0 never executed
branch  1 never executed
branch  2 never executed
branch  3 never executed
    #####:  156:        case 1: service.sortare_nume(lista_sortata);
    %%%%%:  156-block  0
call    0 never executed
branch  1 never executed (fallthrough)
branch  2 never executed (throw)
    #####:  157:            break;
    %%%%%:  157-block  0
    #####:  158:        case 2: service.sortare_ore(lista_sortata);
    %%%%%:  158-block  0
call    0 never executed
branch  1 never executed (fallthrough)
branch  2 never executed (throw)
    #####:  159:            break;
    %%%%%:  159-block  0
    #####:  160:        case 3: service.sortare_profesor_tip(lista_sortata);
    %%%%%:  160-block  0
call    0 never executed
branch  1 never executed (fallthrough)
branch  2 never executed (throw)
    #####:  161:            break;
    %%%%%:  161-block  0
    #####:  162:        default: cout << "Comanda invalida!";
    %%%%%:  162-block  0
call    0 never executed
branch  1 never executed (fallthrough)
branch  2 never executed (throw)
    #####:  163:            return;
    %%%%%:  163-block  0
        -:  164:    }
        -:  165:
    #####:  166:    ui_afisare(lista_sortata, "DISCIPLINE SORTATE");
    %%%%%:  166-block  0
call    0 never executed
branch  1 never executed (fallthrough)
branch  2 never executed (throw)
    %%%%%:  166-block  1
call    3 never executed
branch  4 never executed (fallthrough)
branch  5 never executed (throw)
    %%%%%:  166-block  2
call    6 never executed
    $$$$$:  166-block  3
call    7 never executed
    $$$$$:  166-block  4
    $$$$$:  166-block  5
    #####:  167:}
    %%%%%:  167-block  0
    %%%%%:  167-block  1
call    0 never executed
branch  1 never executed (fallthrough)
branch  2 never executed
    $$$$$:  167-block  2
call    3 never executed
        -:  168:
        -:  169:
function _ZNK7Consola13ui_raport_tipEv called 0 returned 0% blocks executed 0%
    #####:  170:void Consola::ui_raport_tip() const {
    #####:  171:    const auto raport = service.raport_tip();
    %%%%%:  171-block  0
call    0 never executed
branch  1 never executed (fallthrough)
branch  2 never executed (throw)
    #####:  172:    cout << endl << "================== RAPORT PE TIP ==================" << endl;
    %%%%%:  172-block  0
call    0 never executed
branch  1 never executed (fallthrough)
branch  2 never executed (throw)
    %%%%%:  172-block  1
call    3 never executed
branch  4 never executed (fallthrough)
branch  5 never executed (throw)
    %%%%%:  172-block  2
call    6 never executed
branch  7 never executed (fallthrough)
branch  8 never executed (throw)
    #####:  173:    for (const auto &[tip, dto]: raport)
    %%%%%:  173-block  0
call    0 never executed
call    1 never executed
    %%%%%:  173-block  1
call    2 never executed
call    3 never executed
call    4 never executed
    %%%%%:  173-block  2
call    5 never executed
    %%%%%:  173-block  3
call    6 never executed
branch  7 never executed
branch  8 never executed (fallthrough)
    #####:  174:        cout << "Tip: " << tip << "  | Numar: " << dto.getCount() << endl;
call    0 never executed
branch  1 never executed (fallthrough)
branch  2 never executed (throw)
    %%%%%:  174-block  0
call    3 never executed
branch  4 never executed (fallthrough)
branch  5 never executed (throw)
    %%%%%:  174-block  1
call    6 never executed
branch  7 never executed (fallthrough)
branch  8 never executed (throw)
    %%%%%:  174-block  2
call    9 never executed
call   10 never executed
branch 11 never executed (fallthrough)
branch 12 never executed (throw)
    %%%%%:  174-block  3
call   13 never executed
branch 14 never executed (fallthrough)
branch 15 never executed (throw)
    #####:  175:}
    %%%%%:  175-block  0
call    0 never executed
    $$$$$:  175-block  1
call    1 never executed
        -:  176:
        -:  177:
function _ZNK7Consola7ui_undoEv called 0 returned 0% blocks executed 0%
    #####:  178:void Consola::ui_undo() const {
        -:  179:    try {
    #####:  180:        service.undo();
    %%%%%:  180-block  0
call    0 never executed
branch  1 never executed (fallthrough)
branch  2 never executed (throw)
    #####:  181:        cout << "Ultima operatie a fost anulata cu succes!" << endl;
    %%%%%:  181-block  0
call    0 never executed
branch  1 never executed (fallthrough)
branch  2 never executed (throw)
    %%%%%:  181-block  1
call    3 never executed
branch  4 never executed (fallthrough)
branch  5 never executed (throw)
    =====:  182:    } catch (const RepoException& re) {
    $$$$$:  182-block  0
branch  0 never executed (fallthrough)
branch  1 never executed
    $$$$$:  182-block  1
call    2 never executed
    =====:  183:        cout << "!!!!!" << endl;
call    0 never executed
branch  1 never executed (fallthrough)
branch  2 never executed (throw)
    $$$$$:  183-block  0
call    3 never executed
branch  4 never executed (fallthrough)
branch  5 never executed (throw)
    =====:  184:        cout << re.getMesaj() << endl;
    $$$$$:  184-block  0
call    0 never executed
call    1 never executed
branch  2 never executed (fallthrough)
branch  3 never executed (throw)
    $$$$$:  184-block  1
call    4 never executed
branch  5 never executed (fallthrough)
branch  6 never executed (throw)
    =====:  185:    }
    $$$$$:  185-block  0
call    0 never executed
    $$$$$:  185-block  1
call    1 never executed
    #####:  186:}
    %%%%%:  186-block  0
        -:  187:
        -:  188:
function _ZNK7Consola11ui_contractEv called 0 returned 0% blocks executed 0%
    #####:  189:void Consola::ui_contract() const {
    %%%%%:  189-block  0
        -:  190:    while (true) {
    #####:  191:        cout << endl << "================== MENIU CONTRACT ==================" << endl;
    %%%%%:  191-block  0
call    0 never executed
call    1 never executed
call    2 never executed
    %%%%%:  191-block  1
    #####:  192:        cout << "0. Inapoi" << endl;
call    0 never executed
call    1 never executed
    #####:  193:        cout << "1. Adauga in contract" << endl;
call    0 never executed
call    1 never executed
    #####:  194:        cout << "2. Goleste contract" << endl;
call    0 never executed
call    1 never executed
    #####:  195:        cout << "3. Genereaza contract" << endl;
call    0 never executed
call    1 never executed
    #####:  196:        cout << "4. Exporteaza contract" << endl;
call    0 never executed
call    1 never executed
        -:  197:
        -:  198:
    #####:  199:        switch (citeste_int(">>")) {
    %%%%%:  199-block  0
call    0 never executed
branch  1 never executed (fallthrough)
branch  2 never executed (throw)
    %%%%%:  199-block  1
call    3 never executed
branch  4 never executed (fallthrough)
branch  5 never executed (throw)
    %%%%%:  199-block  2
call    6 never executed
    %%%%%:  199-block  3
branch  7 never executed
branch  8 never executed
branch  9 never executed
branch 10 never executed
branch 11 never executed
branch 12 never executed
    $$$$$:  199-block  4
call   13 never executed
    $$$$$:  199-block  5
    #####:  200:            case 0: return;
    %%%%%:  200-block  0
    %%%%%:  200-block  1
    #####:  201:            case 1: ui_contract_adauga();
    %%%%%:  201-block  0
call    0 never executed
    #####:  202:                break;
    #####:  203:            case 2: ui_contract_goleste();
    %%%%%:  203-block  0
call    0 never executed
    #####:  204:                break;
    #####:  205:            case 3: ui_contract_random();
    %%%%%:  205-block  0
call    0 never executed
    #####:  206:                break;
    #####:  207:            case 4: ui_contract_export();
    %%%%%:  207-block  0
call    0 never executed
    #####:  208:                break;
    #####:  209:            default: cout << "Comanda invalida!" << endl;
    %%%%%:  209-block  0
call    0 never executed
call    1 never executed
        -:  210:        }
        -:  211:    }
        -:  212:}
        -:  213:
function _ZNK7Consola18ui_contract_adaugaEv called 0 returned 0% blocks executed 0%
    #####:  214:void Consola::ui_contract_adauga() const {
    %%%%%:  214-block  0
    #####:  215:    const string nume = citeste_string("Nume disciplina: ");
    %%%%%:  215-block  0
call    0 never executed
branch  1 never executed (fallthrough)
branch  2 never executed (throw)
    %%%%%:  215-block  1
call    3 never executed
branch  4 never executed (fallthrough)
branch  5 never executed (throw)
    %%%%%:  215-block  2
call    6 never executed
    $$$$$:  215-block  3
call    7 never executed
    $$$$$:  215-block  4
    $$$$$:  215-block  5
        -:  216:    try {
    #####:  217:        service.contract_adauga(nume);
    %%%%%:  217-block  0
    %%%%%:  217-block  1
call    0 never executed
branch  1 never executed (fallthrough)
branch  2 never executed (throw)
    %%%%%:  217-block  2
call    3 never executed
branch  4 never executed (fallthrough)
branch  5 never executed (throw)
    %%%%%:  217-block  3
call    6 never executed
branch  7 never executed (fallthrough)
branch  8 never executed (throw)
    %%%%%:  217-block  4
call    9 never executed
    %%%%%:  217-block  5
call   10 never executed
    %%%%%:  217-block  6
    $$$$$:  217-block  7
call   11 never executed
    $$$$$:  217-block  8
    $$$$$:  217-block  9
    $$$$$:  217-block 10
call   12 never executed
    $$$$$:  217-block 11
    $$$$$:  217-block 12
    #####:  218:        ui_afisare(service.contract_getAll(), "CONTRACT DE STUDII ANUAL");
    %%%%%:  218-block  0
call    0 never executed
branch  1 never executed (fallthrough)
branch  2 never executed (throw)
    %%%%%:  218-block  1
call    3 never executed
call    4 never executed
branch  5 never executed (fallthrough)
branch  6 never executed (throw)
    %%%%%:  218-block  2
call    7 never executed
    %%%%%:  218-block  3
    $$$$$:  218-block  4
call    8 never executed
    $$$$$:  218-block  5
    $$$$$:  218-block  6
    =====:  219:    } catch (const ContractException &ce) {
    $$$$$:  219-block  0
branch  0 never executed (fallthrough)
branch  1 never executed
    $$$$$:  219-block  1
call    2 never executed
    =====:  220:        if (ce.getMesaj() != "Exista mai multe discipline cu acest nume. Doriti un profesor anume?: ") {
call    0 never executed
call    1 never executed
branch  2 never executed (fallthrough)
branch  3 never executed (throw)
    $$$$$:  220-block  0
branch  4 never executed (fallthrough)
branch  5 never executed
    =====:  221:            cout << "!!!!!" << endl;
    $$$$$:  221-block  0
call    0 never executed
branch  1 never executed (fallthrough)
branch  2 never executed (throw)
    $$$$$:  221-block  1
call    3 never executed
branch  4 never executed (fallthrough)
branch  5 never executed (throw)
    =====:  222:            cout << ce.getMesaj() << endl;
    $$$$$:  222-block  0
call    0 never executed
call    1 never executed
branch  2 never executed (fallthrough)
branch  3 never executed (throw)
    $$$$$:  222-block  1
call    4 never executed
branch  5 never executed (fallthrough)
branch  6 never executed (throw)
    =====:  223:            return;
    $$$$$:  223-block  0
        -:  224:        }
    =====:  225:        if (const string dorinta = citeste_string(ce.getMesaj()); ServiceDisciplina::no_keywords().contains(dorinta)) {
    $$$$$:  225-block  0
call    0 never executed
call    1 never executed
branch  2 never executed (fallthrough)
branch  3 never executed (throw)
    $$$$$:  225-block  1
call    4 never executed
branch  5 never executed (fallthrough)
branch  6 never executed (throw)
    $$$$$:  225-block  2
call    7 never executed
branch  8 never executed (fallthrough)
branch  9 never executed (throw)
    $$$$$:  225-block  3
call   10 never executed
branch 11 never executed (fallthrough)
branch 12 never executed
    $$$$$:  225-block  4
call   13 never executed
    $$$$$:  225-block  5
    =====:  226:            service.contract_adauga(nume, "", dorinta);
    $$$$$:  226-block  0
    $$$$$:  226-block  1
call    0 never executed
branch  1 never executed (fallthrough)
branch  2 never executed (throw)
    $$$$$:  226-block  2
call    3 never executed
branch  4 never executed (fallthrough)
branch  5 never executed (throw)
    $$$$$:  226-block  3
call    6 never executed
    $$$$$:  226-block  4
    $$$$$:  226-block  5
call    7 never executed
    $$$$$:  226-block  6
    $$$$$:  226-block  7
    =====:  227:            ui_afisare(service.contract_getAll(), "CONTRACT DE STUDII ANUAL");
    $$$$$:  227-block  0
call    0 never executed
branch  1 never executed (fallthrough)
branch  2 never executed (throw)
    $$$$$:  227-block  1
call    3 never executed
call    4 never executed
branch  5 never executed (fallthrough)
branch  6 never executed (throw)
    $$$$$:  227-block  2
call    7 never executed
    $$$$$:  227-block  3
    $$$$$:  227-block  4
call    8 never executed
    $$$$$:  227-block  5
    $$$$$:  227-block  6
        -:  228:        } else {
    =====:  229:            const string profesor = citeste_string("Nume profesor: ");
    $$$$$:  229-block  0
call    0 never executed
branch  1 never executed (fallthrough)
branch  2 never executed (throw)
    $$$$$:  229-block  1
call    3 never executed
branch  4 never executed (fallthrough)
branch  5 never executed (throw)
    $$$$$:  229-block  2
call    6 never executed
    $$$$$:  229-block  3
call    7 never executed
    $$$$$:  229-block  4
    $$$$$:  229-block  5
        -:  230:            try {
    =====:  231:                service.contract_adauga(nume, profesor);
    $$$$$:  231-block  0
    $$$$$:  231-block  1
call    0 never executed
branch  1 never executed (fallthrough)
branch  2 never executed (throw)
    $$$$$:  231-block  2
call    3 never executed
branch  4 never executed (fallthrough)
branch  5 never executed (throw)
    $$$$$:  231-block  3
call    6 never executed
    $$$$$:  231-block  4
    $$$$$:  231-block  5
call    7 never executed
    $$$$$:  231-block  6
    $$$$$:  231-block  7
    =====:  232:                ui_afisare(service.contract_getAll(), "CONTRACT DE STUDII ANUAL");
    $$$$$:  232-block  0
call    0 never executed
branch  1 never executed (fallthrough)
branch  2 never executed (throw)
    $$$$$:  232-block  1
call    3 never executed
call    4 never executed
branch  5 never executed (fallthrough)
branch  6 never executed (throw)
    $$$$$:  232-block  2
call    7 never executed
    $$$$$:  232-block  3
    $$$$$:  232-block  4
call    8 never executed
    $$$$$:  232-block  5
    $$$$$:  232-block  6
    =====:  233:            } catch (const ContractException &coex) {
    $$$$$:  233-block  0
branch  0 never executed (fallthrough)
branch  1 never executed
    $$$$$:  233-block  1
call    2 never executed
    =====:  234:                cout << "!!!!!" << endl;
call    0 never executed
branch  1 never executed (fallthrough)
branch  2 never executed (throw)
    $$$$$:  234-block  0
call    3 never executed
branch  4 never executed (fallthrough)
branch  5 never executed (throw)
    =====:  235:                cout << coex.getMesaj() << endl;
    $$$$$:  235-block  0
call    0 never executed
call    1 never executed
branch  2 never executed (fallthrough)
branch  3 never executed (throw)
    $$$$$:  235-block  1
call    4 never executed
branch  5 never executed (fallthrough)
branch  6 never executed (throw)
    =====:  236:            }
    $$$$$:  236-block  0
call    0 never executed
branch  1 never executed (fallthrough)
branch  2 never executed (throw)
    $$$$$:  236-block  1
call    3 never executed
    =====:  237:        }
    $$$$$:  237-block  0
call    0 never executed
    $$$$$:  237-block  1
call    1 never executed
    $$$$$:  237-block  2
call    2 never executed
    $$$$$:  237-block  3
call    3 never executed
    =====:  238:    }
    $$$$$:  238-block  0
call    0 never executed
branch  1 never executed (fallthrough)
branch  2 never executed (throw)
    $$$$$:  238-block  1
branch  3 never executed (fallthrough)
branch  4 never executed
    $$$$$:  238-block  2
call    5 never executed
    #####:  239:}
    %%%%%:  239-block  0
    %%%%%:  239-block  1
call    0 never executed
branch  1 never executed (fallthrough)
branch  2 never executed
    $$$$$:  239-block  2
call    3 never executed
        -:  240:
function _ZNK7Consola19ui_contract_golesteEv called 0 returned 0% blocks executed 0%
    #####:  241:void Consola::ui_contract_goleste() const {
        -:  242:    try {
    #####:  243:        service.contract_goleste();
    %%%%%:  243-block  0
call    0 never executed
branch  1 never executed (fallthrough)
branch  2 never executed (throw)
    #####:  244:        ui_afisare(service.contract_getAll(), "CONTRACT DE STUDII ANUAL");
    %%%%%:  244-block  0
call    0 never executed
branch  1 never executed (fallthrough)
branch  2 never executed (throw)
    %%%%%:  244-block  1
call    3 never executed
call    4 never executed
branch  5 never executed (fallthrough)
branch  6 never executed (throw)
    %%%%%:  244-block  2
call    7 never executed
    %%%%%:  244-block  3
    $$$$$:  244-block  4
call    8 never executed
    $$$$$:  244-block  5
    $$$$$:  244-block  6
    =====:  245:    } catch (const ContractException &ce) {
    $$$$$:  245-block  0
branch  0 never executed (fallthrough)
branch  1 never executed
    $$$$$:  245-block  1
call    2 never executed
    =====:  246:        cout << "!!!!!" << endl;
call    0 never executed
branch  1 never executed (fallthrough)
branch  2 never executed (throw)
    $$$$$:  246-block  0
call    3 never executed
branch  4 never executed (fallthrough)
branch  5 never executed (throw)
    =====:  247:        cout << ce.getMesaj() << endl;
    $$$$$:  247-block  0
call    0 never executed
call    1 never executed
branch  2 never executed (fallthrough)
branch  3 never executed (throw)
    $$$$$:  247-block  1
call    4 never executed
branch  5 never executed (fallthrough)
branch  6 never executed (throw)
    =====:  248:    }
    $$$$$:  248-block  0
call    0 never executed
    $$$$$:  248-block  1
call    1 never executed
    #####:  249:}
    %%%%%:  249-block  0
        -:  250:
function _ZNK7Consola18ui_contract_randomEv called 0 returned 0% blocks executed 0%
    #####:  251:void Consola::ui_contract_random() const {
    %%%%%:  251-block  0
    #####:  252:    const int nr = citeste_int("Cate discipline doriti sa adaugati?: ");
    %%%%%:  252-block  0
call    0 never executed
branch  1 never executed (fallthrough)
branch  2 never executed (throw)
    %%%%%:  252-block  1
call    3 never executed
branch  4 never executed (fallthrough)
branch  5 never executed (throw)
    %%%%%:  252-block  2
call    6 never executed
    $$$$$:  252-block  3
call    7 never executed
    $$$$$:  252-block  4
    $$$$$:  252-block  5
call    8 never executed
        -:  253:
        -:  254:    try {
    #####:  255:        service.contract_generare(nr);
    %%%%%:  255-block  0
call    0 never executed
branch  1 never executed (fallthrough)
branch  2 never executed (throw)
    #####:  256:        ui_afisare(service.contract_getAll(), "CONTRACT DE STUDII ANUAL");
    %%%%%:  256-block  0
call    0 never executed
branch  1 never executed (fallthrough)
branch  2 never executed (throw)
    %%%%%:  256-block  1
call    3 never executed
call    4 never executed
branch  5 never executed (fallthrough)
branch  6 never executed (throw)
    %%%%%:  256-block  2
call    7 never executed
    %%%%%:  256-block  3
    $$$$$:  256-block  4
call    8 never executed
    $$$$$:  256-block  5
    $$$$$:  256-block  6
    =====:  257:    } catch (const ContractException &ce) {
    $$$$$:  257-block  0
branch  0 never executed (fallthrough)
branch  1 never executed
    $$$$$:  257-block  1
call    2 never executed
    =====:  258:        cout << "!!!!!" << endl;
call    0 never executed
branch  1 never executed (fallthrough)
branch  2 never executed (throw)
    $$$$$:  258-block  0
call    3 never executed
branch  4 never executed (fallthrough)
branch  5 never executed (throw)
    =====:  259:        cout << ce.getMesaj() << endl;
    $$$$$:  259-block  0
call    0 never executed
call    1 never executed
branch  2 never executed (fallthrough)
branch  3 never executed (throw)
    $$$$$:  259-block  1
call    4 never executed
branch  5 never executed (fallthrough)
branch  6 never executed (throw)
    =====:  260:    }
    $$$$$:  260-block  0
call    0 never executed
    $$$$$:  260-block  1
call    1 never executed
    #####:  261:}
    %%%%%:  261-block  0
        -:  262:
        -:  263:
function _ZNK7Consola18ui_contract_exportEv called 0 returned 0% blocks executed 0%
    #####:  264:void Consola::ui_contract_export() const {
    %%%%%:  264-block  0
    #####:  265:    const string file_path = citeste_string("Introduceti calea fisierului pentru export: ");
    %%%%%:  265-block  0
call    0 never executed
branch  1 never executed (fallthrough)
branch  2 never executed (throw)
    %%%%%:  265-block  1
call    3 never executed
branch  4 never executed (fallthrough)
branch  5 never executed (throw)
    %%%%%:  265-block  2
call    6 never executed
    $$$$$:  265-block  3
call    7 never executed
    $$$$$:  265-block  4
    $$$$$:  265-block  5
        -:  266:    try {
    #####:  267:        service.contract_exporta(file_path);
    %%%%%:  267-block  0
call    0 never executed
branch  1 never executed (fallthrough)
branch  2 never executed (throw)
    #####:  268:        ui_afisare(service.contract_getAll(), "CONTRACT DE STUDII ANUAL");
    %%%%%:  268-block  0
call    0 never executed
branch  1 never executed (fallthrough)
branch  2 never executed (throw)
    %%%%%:  268-block  1
call    3 never executed
call    4 never executed
branch  5 never executed (fallthrough)
branch  6 never executed (throw)
    %%%%%:  268-block  2
call    7 never executed
    %%%%%:  268-block  3
    $$$$$:  268-block  4
call    8 never executed
    $$$$$:  268-block  5
    $$$$$:  268-block  6
    =====:  269:    } catch (const FileException &fe) {
    $$$$$:  269-block  0
branch  0 never executed (fallthrough)
branch  1 never executed
    $$$$$:  269-block  1
call    2 never executed
    =====:  270:        cout << "!!!!!" << endl;
call    0 never executed
branch  1 never executed (fallthrough)
branch  2 never executed (throw)
    $$$$$:  270-block  0
call    3 never executed
branch  4 never executed (fallthrough)
branch  5 never executed (throw)
    =====:  271:        cout << fe.getMesaj() << endl;
    $$$$$:  271-block  0
call    0 never executed
call    1 never executed
branch  2 never executed (fallthrough)
branch  3 never executed (throw)
    $$$$$:  271-block  1
call    4 never executed
branch  5 never executed (fallthrough)
branch  6 never executed (throw)
    =====:  272:    }
    $$$$$:  272-block  0
call    0 never executed
branch  1 never executed (fallthrough)
branch  2 never executed (throw)
    $$$$$:  272-block  1
call    3 never executed
    #####:  273:}
    %%%%%:  273-block  0
call    0 never executed
    $$$$$:  273-block  1
call    1 never executed
        -:  274:
        -:  275:
function _ZN7Consola12preload_dataER17ServiceDisciplina called 1 returned 100% blocks executed 47%
        1:  276:void Consola::preload_data(ServiceDisciplina &service) {
        1:  276-block  0
        6:  277:    service.adauga_service("Chimie", 2, "Real", "Paula");
        1:  277-block  0
call    0 returned 1
branch  1 taken 1 (fallthrough)
branch  2 taken 0 (throw)
        1:  277-block  1
call    3 returned 1
branch  4 taken 1 (fallthrough)
branch  5 taken 0 (throw)
        1:  277-block  2
call    6 returned 1
branch  7 taken 1 (fallthrough)
branch  8 taken 0 (throw)
        1:  277-block  3
call    9 returned 1
branch 10 taken 1 (fallthrough)
branch 11 taken 0 (throw)
        1:  277-block  4
call   12 returned 1
        1:  277-block  5
call   13 returned 1
        1:  277-block  6
call   14 returned 1
        1:  277-block  7
    $$$$$:  277-block  8
call   15 never executed
    $$$$$:  277-block  9
    $$$$$:  277-block 10
    $$$$$:  277-block 11
call   16 never executed
    $$$$$:  277-block 12
    $$$$$:  277-block 13
    $$$$$:  277-block 14
call   17 never executed
    $$$$$:  277-block 15
    $$$$$:  277-block 16
call   18 never executed
        6:  278:    service.adauga_service("Informatica", 2, "Real", "Miha");
        1:  278-block  0
call    0 returned 1
branch  1 taken 1 (fallthrough)
branch  2 taken 0 (throw)
        1:  278-block  1
call    3 returned 1
branch  4 taken 1 (fallthrough)
branch  5 taken 0 (throw)
        1:  278-block  2
call    6 returned 1
branch  7 taken 1 (fallthrough)
branch  8 taken 0 (throw)
        1:  278-block  3
call    9 returned 1
branch 10 taken 1 (fallthrough)
branch 11 taken 0 (throw)
        1:  278-block  4
call   12 returned 1
        1:  278-block  5
call   13 returned 1
        1:  278-block  6
call   14 returned 1
        1:  278-block  7
    $$$$$:  278-block  8
call   15 never executed
    $$$$$:  278-block  9
    $$$$$:  278-block 10
    $$$$$:  278-block 11
call   16 never executed
    $$$$$:  278-block 12
    $$$$$:  278-block 13
    $$$$$:  278-block 14
call   17 never executed
    $$$$$:  278-block 15
    $$$$$:  278-block 16
call   18 never executed
        6:  279:    service.adauga_service("Limba Engleza", 4, "Uman", "Balabuci");
        1:  279-block  0
call    0 returned 1
branch  1 taken 1 (fallthrough)
branch  2 taken 0 (throw)
        1:  279-block  1
call    3 returned 1
branch  4 taken 1 (fallthrough)
branch  5 taken 0 (throw)
        1:  279-block  2
call    6 returned 1
branch  7 taken 1 (fallthrough)
branch  8 taken 0 (throw)
        1:  279-block  3
call    9 returned 1
branch 10 taken 1 (fallthrough)
branch 11 taken 0 (throw)
        1:  279-block  4
call   12 returned 1
        1:  279-block  5
call   13 returned 1
        1:  279-block  6
call   14 returned 1
        1:  279-block  7
    $$$$$:  279-block  8
call   15 never executed
    $$$$$:  279-block  9
    $$$$$:  279-block 10
    $$$$$:  279-block 11
call   16 never executed
    $$$$$:  279-block 12
    $$$$$:  279-block 13
    $$$$$:  279-block 14
call   17 never executed
    $$$$$:  279-block 15
    $$$$$:  279-block 16
call   18 never executed
        6:  280:    service.adauga_service("Fizica", 2, "Real", "Dragos");
        1:  280-block  0
call    0 returned 1
branch  1 taken 1 (fallthrough)
branch  2 taken 0 (throw)
        1:  280-block  1
call    3 returned 1
branch  4 taken 1 (fallthrough)
branch  5 taken 0 (throw)
        1:  280-block  2
call    6 returned 1
branch  7 taken 1 (fallthrough)
branch  8 taken 0 (throw)
        1:  280-block  3
call    9 returned 1
branch 10 taken 1 (fallthrough)
branch 11 taken 0 (throw)
        1:  280-block  4
call   12 returned 1
        1:  280-block  5
call   13 returned 1
        1:  280-block  6
call   14 returned 1
        1:  280-block  7
    $$$$$:  280-block  8
call   15 never executed
    $$$$$:  280-block  9
    $$$$$:  280-block 10
    $$$$$:  280-block 11
call   16 never executed
    $$$$$:  280-block 12
    $$$$$:  280-block 13
    $$$$$:  280-block 14
call   17 never executed
    $$$$$:  280-block 15
    $$$$$:  280-block 16
call   18 never executed
        6:  281:    service.adauga_service("Biologie", 2, "Real", "Rares");
        1:  281-block  0
call    0 returned 1
branch  1 taken 1 (fallthrough)
branch  2 taken 0 (throw)
        1:  281-block  1
call    3 returned 1
branch  4 taken 1 (fallthrough)
branch  5 taken 0 (throw)
        1:  281-block  2
call    6 returned 1
branch  7 taken 1 (fallthrough)
branch  8 taken 0 (throw)
        1:  281-block  3
call    9 returned 1
branch 10 taken 1 (fallthrough)
branch 11 taken 0 (throw)
        1:  281-block  4
call   12 returned 1
        1:  281-block  5
call   13 returned 1
        1:  281-block  6
call   14 returned 1
        1:  281-block  7
    $$$$$:  281-block  8
call   15 never executed
    $$$$$:  281-block  9
    $$$$$:  281-block 10
    $$$$$:  281-block 11
call   16 never executed
    $$$$$:  281-block 12
    $$$$$:  281-block 13
    $$$$$:  281-block 14
call   17 never executed
    $$$$$:  281-block 15
    $$$$$:  281-block 16
call   18 never executed
        6:  282:    service.adauga_service("Matematica", 4, "Real", "Petru");
        1:  282-block  0
call    0 returned 1
branch  1 taken 1 (fallthrough)
branch  2 taken 0 (throw)
        1:  282-block  1
call    3 returned 1
branch  4 taken 1 (fallthrough)
branch  5 taken 0 (throw)
        1:  282-block  2
call    6 returned 1
branch  7 taken 1 (fallthrough)
branch  8 taken 0 (throw)
        1:  282-block  3
call    9 returned 1
branch 10 taken 1 (fallthrough)
branch 11 taken 0 (throw)
        1:  282-block  4
call   12 returned 1
        1:  282-block  5
call   13 returned 1
        1:  282-block  6
call   14 returned 1
        1:  282-block  7
    $$$$$:  282-block  8
call   15 never executed
    $$$$$:  282-block  9
    $$$$$:  282-block 10
    $$$$$:  282-block 11
call   16 never executed
    $$$$$:  282-block 12
    $$$$$:  282-block 13
    $$$$$:  282-block 14
call   17 never executed
    $$$$$:  282-block 15
    $$$$$:  282-block 16
call   18 never executed
        6:  283:    service.adauga_service("Limba Romana", 4, "Uman", "Adriana");
        1:  283-block  0
call    0 returned 1
branch  1 taken 1 (fallthrough)
branch  2 taken 0 (throw)
        1:  283-block  1
call    3 returned 1
branch  4 taken 1 (fallthrough)
branch  5 taken 0 (throw)
        1:  283-block  2
call    6 returned 1
branch  7 taken 1 (fallthrough)
branch  8 taken 0 (throw)
        1:  283-block  3
call    9 returned 1
branch 10 taken 1 (fallthrough)
branch 11 taken 0 (throw)
        1:  283-block  4
call   12 returned 1
        1:  283-block  5
call   13 returned 1
        1:  283-block  6
call   14 returned 1
        1:  283-block  7
    $$$$$:  283-block  8
call   15 never executed
    $$$$$:  283-block  9
    $$$$$:  283-block 10
    $$$$$:  283-block 11
call   16 never executed
    $$$$$:  283-block 12
    $$$$$:  283-block 13
    $$$$$:  283-block 14
call   17 never executed
    $$$$$:  283-block 15
    $$$$$:  283-block 16
call   18 never executed
        6:  284:    service.adauga_service("Istorie", 2, "Uman", "Vlad");
        1:  284-block  0
call    0 returned 1
branch  1 taken 1 (fallthrough)
branch  2 taken 0 (throw)
        1:  284-block  1
call    3 returned 1
branch  4 taken 1 (fallthrough)
branch  5 taken 0 (throw)
        1:  284-block  2
call    6 returned 1
branch  7 taken 1 (fallthrough)
branch  8 taken 0 (throw)
        1:  284-block  3
call    9 returned 1
branch 10 taken 1 (fallthrough)
branch 11 taken 0 (throw)
        1:  284-block  4
call   12 returned 1
        1:  284-block  5
call   13 returned 1
        1:  284-block  6
call   14 returned 1
        1:  284-block  7
    $$$$$:  284-block  8
call   15 never executed
    $$$$$:  284-block  9
    $$$$$:  284-block 10
    $$$$$:  284-block 11
call   16 never executed
    $$$$$:  284-block 12
    $$$$$:  284-block 13
    $$$$$:  284-block 14
call   17 never executed
    $$$$$:  284-block 15
    $$$$$:  284-block 16
call   18 never executed
        6:  285:    service.adauga_service("Dirigentie", 1, "Uman", "Monea");
        1:  285-block  0
call    0 returned 1
branch  1 taken 1 (fallthrough)
branch  2 taken 0 (throw)
        1:  285-block  1
call    3 returned 1
branch  4 taken 1 (fallthrough)
branch  5 taken 0 (throw)
        1:  285-block  2
call    6 returned 1
branch  7 taken 1 (fallthrough)
branch  8 taken 0 (throw)
        1:  285-block  3
call    9 returned 1
branch 10 taken 1 (fallthrough)
branch 11 taken 0 (throw)
        1:  285-block  4
call   12 returned 1
        1:  285-block  5
call   13 returned 1
        1:  285-block  6
call   14 returned 1
        1:  285-block  7
    $$$$$:  285-block  8
call   15 never executed
    $$$$$:  285-block  9
    $$$$$:  285-block 10
    $$$$$:  285-block 11
call   16 never executed
    $$$$$:  285-block 12
    $$$$$:  285-block 13
    $$$$$:  285-block 14
call   17 never executed
    $$$$$:  285-block 15
    $$$$$:  285-block 16
call   18 never executed
        6:  286:    service.adauga_service("Religie", 1, "Uman", "Alin Muresan");
        1:  286-block  0
call    0 returned 1
branch  1 taken 1 (fallthrough)
branch  2 taken 0 (throw)
        1:  286-block  1
call    3 returned 1
branch  4 taken 1 (fallthrough)
branch  5 taken 0 (throw)
        1:  286-block  2
call    6 returned 1
branch  7 taken 1 (fallthrough)
branch  8 taken 0 (throw)
        1:  286-block  3
call    9 returned 1
branch 10 taken 1 (fallthrough)
branch 11 taken 0 (throw)
        1:  286-block  4
call   12 returned 1
        1:  286-block  5
call   13 returned 1
        1:  286-block  6
call   14 returned 1
        1:  286-block  7
    $$$$$:  286-block  8
call   15 never executed
    $$$$$:  286-block  9
    $$$$$:  286-block 10
    $$$$$:  286-block 11
call   16 never executed
    $$$$$:  286-block 12
    $$$$$:  286-block 13
    $$$$$:  286-block 14
call   17 never executed
    $$$$$:  286-block 15
    $$$$$:  286-block 16
call   18 never executed
        6:  287:    service.adauga_service("Limba Franceza", 2, "Uman", "Emily");
        1:  287-block  0
call    0 returned 1
branch  1 taken 1 (fallthrough)
branch  2 taken 0 (throw)
        1:  287-block  1
call    3 returned 1
branch  4 taken 1 (fallthrough)
branch  5 taken 0 (throw)
        1:  287-block  2
call    6 returned 1
branch  7 taken 1 (fallthrough)
branch  8 taken 0 (throw)
        1:  287-block  3
call    9 returned 1
branch 10 taken 1 (fallthrough)
branch 11 taken 0 (throw)
        1:  287-block  4
call   12 returned 1
        1:  287-block  5
call   13 returned 1
        1:  287-block  6
call   14 returned 1
        1:  287-block  7
    $$$$$:  287-block  8
call   15 never executed
    $$$$$:  287-block  9
    $$$$$:  287-block 10
    $$$$$:  287-block 11
call   16 never executed
    $$$$$:  287-block 12
    $$$$$:  287-block 13
    $$$$$:  287-block 14
call   17 never executed
    $$$$$:  287-block 15
    $$$$$:  287-block 16
call   18 never executed
        6:  288:    service.adauga_service("Educatie fizica", 1, "Real", "Dani");
        1:  288-block  0
call    0 returned 1
branch  1 taken 1 (fallthrough)
branch  2 taken 0 (throw)
        1:  288-block  1
call    3 returned 1
branch  4 taken 1 (fallthrough)
branch  5 taken 0 (throw)
        1:  288-block  2
call    6 returned 1
branch  7 taken 1 (fallthrough)
branch  8 taken 0 (throw)
        1:  288-block  3
call    9 returned 1
branch 10 taken 1 (fallthrough)
branch 11 taken 0 (throw)
        1:  288-block  4
call   12 returned 1
        1:  288-block  5
call   13 returned 1
        1:  288-block  6
call   14 returned 1
        1:  288-block  7
    $$$$$:  288-block  8
call   15 never executed
    $$$$$:  288-block  9
    $$$$$:  288-block 10
    $$$$$:  288-block 11
call   16 never executed
    $$$$$:  288-block 12
    $$$$$:  288-block 13
    $$$$$:  288-block 14
call   17 never executed
    $$$$$:  288-block 15
    $$$$$:  288-block 16
call   18 never executed
        6:  289:    service.adauga_service("TIC", 2, "Real", "ChatGPT");
        1:  289-block  0
call    0 returned 1
branch  1 taken 1 (fallthrough)
branch  2 taken 0 (throw)
        1:  289-block  1
call    3 returned 1
branch  4 taken 1 (fallthrough)
branch  5 taken 0 (throw)
        1:  289-block  2
call    6 returned 1
branch  7 taken 1 (fallthrough)
branch  8 taken 0 (throw)
        1:  289-block  3
call    9 returned 1
branch 10 taken 1 (fallthrough)
branch 11 taken 0 (throw)
        1:  289-block  4
call   12 returned 1
        1:  289-block  5
call   13 returned 1
        1:  289-block  6
call   14 returned 1
        1:  289-block  7
    $$$$$:  289-block  8
call   15 never executed
    $$$$$:  289-block  9
    $$$$$:  289-block 10
    $$$$$:  289-block 11
call   16 never executed
    $$$$$:  289-block 12
    $$$$$:  289-block 13
    $$$$$:  289-block 14
call   17 never executed
    $$$$$:  289-block 15
    $$$$$:  289-block 16
call   18 never executed
        6:  290:    service.adauga_service("Geografie", 1, "Uman", "Amzu");
        1:  290-block  0
call    0 returned 1
branch  1 taken 1 (fallthrough)
branch  2 taken 0 (throw)
        1:  290-block  1
call    3 returned 1
branch  4 taken 1 (fallthrough)
branch  5 taken 0 (throw)
        1:  290-block  2
call    6 returned 1
branch  7 taken 1 (fallthrough)
branch  8 taken 0 (throw)
        1:  290-block  3
call    9 returned 1
branch 10 taken 1 (fallthrough)
branch 11 taken 0 (throw)
        1:  290-block  4
call   12 returned 1
        1:  290-block  5
call   13 returned 1
        1:  290-block  6
call   14 returned 1
        1:  290-block  7
    $$$$$:  290-block  8
call   15 never executed
    $$$$$:  290-block  9
    $$$$$:  290-block 10
    $$$$$:  290-block 11
call   16 never executed
    $$$$$:  290-block 12
    $$$$$:  290-block 13
    $$$$$:  290-block 14
call   17 never executed
    $$$$$:  290-block 15
    $$$$$:  290-block 16
call   18 never executed
        6:  291:    service.adauga_service("Desen", 1, "Uman", "Oana");
        1:  291-block  0
call    0 returned 1
branch  1 taken 1 (fallthrough)
branch  2 taken 0 (throw)
        1:  291-block  1
call    3 returned 1
branch  4 taken 1 (fallthrough)
branch  5 taken 0 (throw)
        1:  291-block  2
call    6 returned 1
branch  7 taken 1 (fallthrough)
branch  8 taken 0 (throw)
        1:  291-block  3
call    9 returned 1
branch 10 taken 1 (fallthrough)
branch 11 taken 0 (throw)
        1:  291-block  4
call   12 returned 1
        1:  291-block  5
call   13 returned 1
        1:  291-block  6
call   14 returned 1
        1:  291-block  7
    $$$$$:  291-block  8
call   15 never executed
    $$$$$:  291-block  9
    $$$$$:  291-block 10
    $$$$$:  291-block 11
call   16 never executed
    $$$$$:  291-block 12
    $$$$$:  291-block 13
    $$$$$:  291-block 14
call   17 never executed
    $$$$$:  291-block 15
    $$$$$:  291-block 16
call   18 never executed
        6:  292:    service.adauga_service("Muzica", 1, "Uman", "Angel");
        1:  292-block  0
call    0 returned 1
branch  1 taken 1 (fallthrough)
branch  2 taken 0 (throw)
        1:  292-block  1
call    3 returned 1
branch  4 taken 1 (fallthrough)
branch  5 taken 0 (throw)
        1:  292-block  2
call    6 returned 1
branch  7 taken 1 (fallthrough)
branch  8 taken 0 (throw)
        1:  292-block  3
call    9 returned 1
branch 10 taken 1 (fallthrough)
branch 11 taken 0 (throw)
        1:  292-block  4
call   12 returned 1
        1:  292-block  5
call   13 returned 1
        1:  292-block  6
call   14 returned 1
        1:  292-block  7
    $$$$$:  292-block  8
call   15 never executed
    $$$$$:  292-block  9
    $$$$$:  292-block 10
    $$$$$:  292-block 11
call   16 never executed
    $$$$$:  292-block 12
    $$$$$:  292-block 13
    $$$$$:  292-block 14
call   17 never executed
    $$$$$:  292-block 15
    $$$$$:  292-block 16
call   18 never executed
        6:  293:    service.adauga_service("Educatie Antreprenoriala", 1, "Uman", "Vlad Barbu");
        1:  293-block  0
call    0 returned 1
branch  1 taken 1 (fallthrough)
branch  2 taken 0 (throw)
        1:  293-block  1
call    3 returned 1
branch  4 taken 1 (fallthrough)
branch  5 taken 0 (throw)
        1:  293-block  2
call    6 returned 1
branch  7 taken 1 (fallthrough)
branch  8 taken 0 (throw)
        1:  293-block  3
call    9 returned 1
branch 10 taken 1 (fallthrough)
branch 11 taken 0 (throw)
        1:  293-block  4
call   12 returned 1
        1:  293-block  5
call   13 returned 1
        1:  293-block  6
call   14 returned 1
        1:  293-block  7
    $$$$$:  293-block  8
call   15 never executed
    $$$$$:  293-block  9
    $$$$$:  293-block 10
    $$$$$:  293-block 11
call   16 never executed
    $$$$$:  293-block 12
    $$$$$:  293-block 13
    $$$$$:  293-block 14
call   17 never executed
    $$$$$:  293-block 15
    $$$$$:  293-block 16
call   18 never executed
        6:  294:    service.adauga_service("Psihologie", 1, "Uman", "Mara");
        1:  294-block  0
call    0 returned 1
branch  1 taken 1 (fallthrough)
branch  2 taken 0 (throw)
        1:  294-block  1
call    3 returned 1
branch  4 taken 1 (fallthrough)
branch  5 taken 0 (throw)
        1:  294-block  2
call    6 returned 1
branch  7 taken 1 (fallthrough)
branch  8 taken 0 (throw)
        1:  294-block  3
call    9 returned 1
branch 10 taken 1 (fallthrough)
branch 11 taken 0 (throw)
        1:  294-block  4
call   12 returned 1
        1:  294-block  5
call   13 returned 1
        1:  294-block  6
call   14 returned 1
        1:  294-block  7
    $$$$$:  294-block  8
call   15 never executed
    $$$$$:  294-block  9
    $$$$$:  294-block 10
    $$$$$:  294-block 11
call   16 never executed
    $$$$$:  294-block 12
    $$$$$:  294-block 13
    $$$$$:  294-block 14
call   17 never executed
    $$$$$:  294-block 15
    $$$$$:  294-block 16
call   18 never executed
        6:  295:    service.adauga_service("Economie", 1, "Uman", "Tarlea");
        1:  295-block  0
call    0 returned 1
branch  1 taken 1 (fallthrough)
branch  2 taken 0 (throw)
        1:  295-block  1
call    3 returned 1
branch  4 taken 1 (fallthrough)
branch  5 taken 0 (throw)
        1:  295-block  2
call    6 returned 1
branch  7 taken 1 (fallthrough)
branch  8 taken 0 (throw)
        1:  295-block  3
call    9 returned 1
branch 10 taken 1 (fallthrough)
branch 11 taken 0 (throw)
        1:  295-block  4
call   12 returned 1
        1:  295-block  5
call   13 returned 1
        1:  295-block  6
call   14 returned 1
        1:  295-block  7
    $$$$$:  295-block  8
call   15 never executed
    $$$$$:  295-block  9
    $$$$$:  295-block 10
    $$$$$:  295-block 11
call   16 never executed
    $$$$$:  295-block 12
    $$$$$:  295-block 13
    $$$$$:  295-block 14
call   17 never executed
    $$$$$:  295-block 15
    $$$$$:  295-block 16
call   18 never executed
        6:  296:    service.adauga_service("Logica", 1, "Uman", "Jayce");
        1:  296-block  0
call    0 returned 1
branch  1 taken 1 (fallthrough)
branch  2 taken 0 (throw)
        1:  296-block  1
call    3 returned 1
branch  4 taken 1 (fallthrough)
branch  5 taken 0 (throw)
        1:  296-block  2
call    6 returned 1
branch  7 taken 1 (fallthrough)
branch  8 taken 0 (throw)
        1:  296-block  3
call    9 returned 1
branch 10 taken 1 (fallthrough)
branch 11 taken 0 (throw)
        1:  296-block  4
call   12 returned 1
        1:  296-block  5
call   13 returned 1
        1:  296-block  6
call   14 returned 1
        1:  296-block  7
    $$$$$:  296-block  8
call   15 never executed
    $$$$$:  296-block  9
    $$$$$:  296-block 10
    $$$$$:  296-block 11
call   16 never executed
    $$$$$:  296-block 12
    $$$$$:  296-block 13
    $$$$$:  296-block 14
call   17 never executed
    $$$$$:  296-block 15
    $$$$$:  296-block 16
call   18 never executed
        6:  297:    service.adauga_service("Filosofie", 1, "Uman", "Matei");
        1:  297-block  0
call    0 returned 1
branch  1 taken 1 (fallthrough)
branch  2 taken 0 (throw)
        1:  297-block  1
call    3 returned 1
branch  4 taken 1 (fallthrough)
branch  5 taken 0 (throw)
        1:  297-block  2
call    6 returned 1
branch  7 taken 1 (fallthrough)
branch  8 taken 0 (throw)
        1:  297-block  3
call    9 returned 1
branch 10 taken 1 (fallthrough)
branch 11 taken 0 (throw)
        1:  297-block  4
call   12 returned 1
        1:  297-block  5
call   13 returned 1
        1:  297-block  6
call   14 returned 1
        1:  297-block  7
    $$$$$:  297-block  8
call   15 never executed
    $$$$$:  297-block  9
    $$$$$:  297-block 10
    $$$$$:  297-block 11
call   16 never executed
    $$$$$:  297-block 12
    $$$$$:  297-block 13
    $$$$$:  297-block 14
call   17 never executed
    $$$$$:  297-block 15
    $$$$$:  297-block 16
call   18 never executed
        6:  298:    service.adauga_service("Desen", 2, "Uman", "Bianca");
        1:  298-block  0
call    0 returned 1
branch  1 taken 1 (fallthrough)
branch  2 taken 0 (throw)
        1:  298-block  1
call    3 returned 1
branch  4 taken 1 (fallthrough)
branch  5 taken 0 (throw)
        1:  298-block  2
call    6 returned 1
branch  7 taken 1 (fallthrough)
branch  8 taken 0 (throw)
        1:  298-block  3
call    9 returned 1
branch 10 taken 1 (fallthrough)
branch 11 taken 0 (throw)
        1:  298-block  4
call   12 returned 1
        1:  298-block  5
call   13 returned 1
        1:  298-block  6
call   14 returned 1
        1:  298-block  7
    $$$$$:  298-block  8
call   15 never executed
    $$$$$:  298-block  9
    $$$$$:  298-block 10
    $$$$$:  298-block 11
call   16 never executed
    $$$$$:  298-block 12
    $$$$$:  298-block 13
    $$$$$:  298-block 14
call   17 never executed
    $$$$$:  298-block 15
    $$$$$:  298-block 16
call   18 never executed
        -:  299:
        6:  300:    service.adauga_service("Bloons TD6", 2, "Real", "Alex");
        1:  300-block  0
call    0 returned 1
branch  1 taken 1 (fallthrough)
branch  2 taken 0 (throw)
        1:  300-block  1
call    3 returned 1
branch  4 taken 1 (fallthrough)
branch  5 taken 0 (throw)
        1:  300-block  2
call    6 returned 1
branch  7 taken 1 (fallthrough)
branch  8 taken 0 (throw)
        1:  300-block  3
call    9 returned 1
branch 10 taken 1 (fallthrough)
branch 11 taken 0 (throw)
        1:  300-block  4
call   12 returned 1
        1:  300-block  5
call   13 returned 1
        1:  300-block  6
call   14 returned 1
        1:  300-block  7
    $$$$$:  300-block  8
call   15 never executed
    $$$$$:  300-block  9
    $$$$$:  300-block 10
    $$$$$:  300-block 11
call   16 never executed
    $$$$$:  300-block 12
    $$$$$:  300-block 13
    $$$$$:  300-block 14
call   17 never executed
    $$$$$:  300-block 15
    $$$$$:  300-block 16
call   18 never executed
        6:  301:    service.adauga_service("Chestii random", 1, "??", "Gabi");
        1:  301-block  0
call    0 returned 1
branch  1 taken 1 (fallthrough)
branch  2 taken 0 (throw)
        1:  301-block  1
call    3 returned 1
branch  4 taken 1 (fallthrough)
branch  5 taken 0 (throw)
        1:  301-block  2
call    6 returned 1
branch  7 taken 1 (fallthrough)
branch  8 taken 0 (throw)
        1:  301-block  3
call    9 returned 1
branch 10 taken 1 (fallthrough)
branch 11 taken 0 (throw)
        1:  301-block  4
call   12 returned 1
        1:  301-block  5
call   13 returned 1
        1:  301-block  6
call   14 returned 1
        1:  301-block  7
    $$$$$:  301-block  8
call   15 never executed
    $$$$$:  301-block  9
    $$$$$:  301-block 10
    $$$$$:  301-block 11
call   16 never executed
    $$$$$:  301-block 12
    $$$$$:  301-block 13
    $$$$$:  301-block 14
call   17 never executed
    $$$$$:  301-block 15
    $$$$$:  301-block 16
call   18 never executed
        6:  302:    service.adauga_service("Having very bad taste in men", 10, "Uman", "Nicol");
        1:  302-block  0
call    0 returned 1
branch  1 taken 1 (fallthrough)
branch  2 taken 0 (throw)
        1:  302-block  1
call    3 returned 1
branch  4 taken 1 (fallthrough)
branch  5 taken 0 (throw)
        1:  302-block  2
call    6 returned 1
branch  7 taken 1 (fallthrough)
branch  8 taken 0 (throw)
        1:  302-block  3
call    9 returned 1
branch 10 taken 1 (fallthrough)
branch 11 taken 0 (throw)
        1:  302-block  4
call   12 returned 1
        1:  302-block  5
call   13 returned 1
        1:  302-block  6
call   14 returned 1
        1:  302-block  7
    $$$$$:  302-block  8
call   15 never executed
    $$$$$:  302-block  9
    $$$$$:  302-block 10
    $$$$$:  302-block 11
call   16 never executed
    $$$$$:  302-block 12
    $$$$$:  302-block 13
    $$$$$:  302-block 14
call   17 never executed
    $$$$$:  302-block 15
    $$$$$:  302-block 16
call   18 never executed
        6:  303:    service.adauga_service("How to put on your t-shirt so your biceps are as visible as possible", 8, "Real", "Suciu");
        1:  303-block  0
call    0 returned 1
branch  1 taken 1 (fallthrough)
branch  2 taken 0 (throw)
        1:  303-block  1
call    3 returned 1
branch  4 taken 1 (fallthrough)
branch  5 taken 0 (throw)
        1:  303-block  2
call    6 returned 1
branch  7 taken 1 (fallthrough)
branch  8 taken 0 (throw)
        1:  303-block  3
call    9 returned 1
branch 10 taken 1 (fallthrough)
branch 11 taken 0 (throw)
        1:  303-block  4
call   12 returned 1
        1:  303-block  5
call   13 returned 1
        1:  303-block  6
call   14 returned 1
        1:  303-block  7
    $$$$$:  303-block  8
call   15 never executed
    $$$$$:  303-block  9
    $$$$$:  303-block 10
    $$$$$:  303-block 11
call   16 never executed
    $$$$$:  303-block 12
    $$$$$:  303-block 13
    $$$$$:  303-block 14
call   17 never executed
    $$$$$:  303-block 15
    $$$$$:  303-block 16
call   18 never executed
        5:  304:    service.adauga_service("Ceva si el pe acolo", 2, "Uman", "Viorel");
        1:  304-block  0
call    0 returned 1
branch  1 taken 1 (fallthrough)
branch  2 taken 0 (throw)
        1:  304-block  1
call    3 returned 1
branch  4 taken 1 (fallthrough)
branch  5 taken 0 (throw)
        1:  304-block  2
call    6 returned 1
branch  7 taken 1 (fallthrough)
branch  8 taken 0 (throw)
        1:  304-block  3
call    9 returned 1
branch 10 taken 1 (fallthrough)
branch 11 taken 0 (throw)
        1:  304-block  4
call   12 returned 1
        1:  304-block  5
call   13 returned 1
        1:  304-block  6
call   14 returned 1
    $$$$$:  304-block  7
call   15 never executed
    $$$$$:  304-block  8
    $$$$$:  304-block  9
    $$$$$:  304-block 10
call   16 never executed
    $$$$$:  304-block 11
    $$$$$:  304-block 12
    $$$$$:  304-block 13
call   17 never executed
    $$$$$:  304-block 14
        1:  305:}
        1:  305-block  0
        -:  306:
        -:  307:
function _ZNK7Consola15executa_comandaEiRb called 1 returned 100% blocks executed 11%
        1:  308:void Consola::executa_comanda(int comanda, bool &rulare) const {
        1:  309:    switch (comanda) {
        1:  309-block  0
branch  0 taken 1
branch  1 taken 0
branch  2 taken 0
branch  3 taken 0
branch  4 taken 0
branch  5 taken 0
branch  6 taken 0
branch  7 taken 0
branch  8 taken 0
branch  9 taken 0
branch 10 taken 0
branch 11 taken 0
        1:  310:        case 0: rulare = false;
        1:  311:            break;
        1:  311-block  0
    #####:  312:        case 1: ui_afisare(service.getAll(), "DISCIPLINE");
    %%%%%:  312-block  0
    %%%%%:  312-block  1
call    0 never executed
branch  1 never executed (fallthrough)
branch  2 never executed (throw)
    %%%%%:  312-block  2
call    3 never executed
call    4 never executed
branch  5 never executed (fallthrough)
branch  6 never executed (throw)
    %%%%%:  312-block  3
call    7 never executed
    $$$$$:  312-block  4
call    8 never executed
    $$$$$:  312-block  5
    #####:  313:            break;
    %%%%%:  313-block  0
    #####:  314:        case 2: ui_adaugare();
    %%%%%:  314-block  0
call    0 never executed
    #####:  315:            break;
    #####:  316:        case 3: ui_modificare();
    %%%%%:  316-block  0
call    0 never executed
    #####:  317:            break;
    #####:  318:        case 4: ui_stergere();
    %%%%%:  318-block  0
call    0 never executed
    #####:  319:            break;
    #####:  320:        case 5: ui_cautare();
    %%%%%:  320-block  0
call    0 never executed
    #####:  321:            break;
    #####:  322:        case 6: ui_filtrare();
    %%%%%:  322-block  0
call    0 never executed
    #####:  323:            break;
    #####:  324:        case 7: ui_sortare();
    %%%%%:  324-block  0
call    0 never executed
    #####:  325:            break;
    #####:  326:        case 8: ui_contract();
    %%%%%:  326-block  0
call    0 never executed
    #####:  327:            break;
    #####:  328:        case 9: ui_raport_tip();
    %%%%%:  328-block  0
call    0 never executed
    #####:  329:            break;
    #####:  330:        case 10: ui_undo();
    %%%%%:  330-block  0
call    0 never executed
    #####:  331:            break;
    #####:  332:        default: cout << "Comanda invalida!";
    %%%%%:  332-block  0
call    0 never executed
        -:  333:    }
        1:  334:}
        1:  334-block  0
        -:  335:
function _ZNK7Consola3runEv called 1 returned 100% blocks executed 52%
        1:  336:void Consola::run() const {
        1:  337:    bool running = true;
        2:  338:    while (running) {
        1:  338-block  0
        2:  338-block  1
branch  0 taken 1 (fallthrough)
branch  1 taken 1
        -:  339:        int comanda;
        -:  340:        while (true) {
        1:  341:            ui_meniu();
        1:  341-block  0
call    0 returned 1
branch  1 taken 1 (fallthrough)
branch  2 taken 0 (throw)
        1:  342:            cin >> comanda;
        1:  342-block  0
call    0 returned 1
branch  1 taken 1 (fallthrough)
branch  2 taken 0 (throw)
        -:  343:
        1:  344:            if (cin.fail()) {
        1:  344-block  0
call    0 returned 1
branch  1 taken 1 (fallthrough)
branch  2 taken 0 (throw)
        1:  344-block  1
branch  3 taken 0 (fallthrough)
branch  4 taken 1
    #####:  345:                cout << "\033[31m!!!!!\033[0m\n";  // red
    %%%%%:  345-block  0
call    0 never executed
branch  1 never executed (fallthrough)
branch  2 never executed (throw)
    #####:  346:                cout << "!!!!!" << endl;
    %%%%%:  346-block  0
call    0 never executed
branch  1 never executed (fallthrough)
branch  2 never executed (throw)
    %%%%%:  346-block  1
call    3 never executed
branch  4 never executed (fallthrough)
branch  5 never executed (throw)
    #####:  347:                cout << "Comanda trebuie sa fie numar intreg" << endl << endl << endl;
    %%%%%:  347-block  0
call    0 never executed
branch  1 never executed (fallthrough)
branch  2 never executed (throw)
    %%%%%:  347-block  1
call    3 never executed
branch  4 never executed (fallthrough)
branch  5 never executed (throw)
    %%%%%:  347-block  2
call    6 never executed
branch  7 never executed (fallthrough)
branch  8 never executed (throw)
    %%%%%:  347-block  3
call    9 never executed
branch 10 never executed (fallthrough)
branch 11 never executed (throw)
    #####:  348:                cin.clear();
    %%%%%:  348-block  0
call    0 never executed
branch  1 never executed (fallthrough)
branch  2 never executed (throw)
    #####:  349:                cin.ignore(std::numeric_limits<std::streamsize>::max(), '\n');
    %%%%%:  349-block  0
call    0 never executed
call    1 never executed
branch  2 never executed (fallthrough)
branch  3 never executed (throw)
        1:  350:            } else break;
        1:  350-block  0
        -:  351:        }
        -:  352:
        1:  353:        executa_comanda(comanda, running);
        1:  353-block  0
call    0 returned 1
branch  1 taken 1 (fallthrough)
branch  2 taken 0 (throw)
        1:  354:        cout << "\n\n";
        1:  354-block  0
call    0 returned 1
branch  1 taken 1 (fallthrough)
branch  2 taken 0 (throw)
        -:  355:    }
        1:  356:}
        1:  356-block  0
