        -:    0:Source:D:/C,C++/CLion 2024.3.4/Projects/Lab6_7/Contract/contract_discipline.cpp
        -:    0:Graph:D:\C,C++\CLion 2024.3.4\Projects\Lab6_7\cmake-build-debug-coverage\CMakeFiles\Lab6_7.dir\Contract\contract_discipline.cpp.gcno
        -:    0:Data:D:\C,C++\CLion 2024.3.4\Projects\Lab6_7\cmake-build-debug-coverage\CMakeFiles\Lab6_7.dir\Contract\contract_discipline.cpp.gcda
        -:    0:Runs:1
        -:    1:#include "contract_discipline.h"
        -:    2:
function _ZN14ContractStudii6adaugaERK10Disciplina called 8 returned 88% blocks executed 68%
        8:    3:void ContractStudii::adauga(const Disciplina &d) {
        8:    4:    if (find(contract, d) != contract.end())
        8:    4-block  0
call    0 returned 8
call    1 returned 8
branch  2 taken 8 (fallthrough)
branch  3 taken 0 (throw)
        8:    4-block  1
call    4 returned 8
branch  5 taken 1 (fallthrough)
branch  6 taken 7
    $$$$$:    4-block  2
    $$$$$:    4-block  3
call    7 never executed
        3:    5:        throw ContractException("Disciplina exista deja in contract!");
        1:    5-block  0
call    0 returned 1
        1:    5-block  1
call    1 returned 1
branch  2 taken 1 (fallthrough)
branch  3 taken 0 (throw)
        1:    5-block  2
call    4 returned 1
call    5 returned 1
        1:    5-block  3
call    6 returned 0
    $$$$$:    5-block  4
    $$$$$:    5-block  5
    $$$$$:    5-block  6
call    7 never executed
        -:    6:
        7:    7:    contract.emplace_back(d);
        7:    7-block  0
call    0 returned 7
        7:    8:}
        -:    9:
function _ZN14ContractStudii7golesteEv called 2 returned 50% blocks executed 72%
        2:   10:void ContractStudii::goleste() {
        2:   11:    if (contract.empty())
        2:   11-block  0
call    0 returned 2
branch  1 taken 1 (fallthrough)
branch  2 taken 1
        3:   12:        throw ContractException("Contractul este deja gol!");
        1:   12-block  0
call    0 returned 1
        1:   12-block  1
call    1 returned 1
branch  2 taken 1 (fallthrough)
branch  3 taken 0 (throw)
        1:   12-block  2
call    4 returned 1
call    5 returned 1
        1:   12-block  3
call    6 returned 0
    $$$$$:   12-block  4
    $$$$$:   12-block  5
    $$$$$:   12-block  6
call    7 never executed
        -:   13:
        1:   14:    contract.clear();
        1:   14-block  0
call    0 returned 1
        1:   15:}
        -:   16:
function _ZN14ContractStudii8generareERKSt6vectorI10DisciplinaSaIS1_EEi called 2 returned 100% blocks executed 64%
        2:   17:void ContractStudii::generare(const vector<Disciplina> &all, int nr) {
        2:   18:    vector<Disciplina> amestecate = all;
        2:   18-block  0
call    0 returned 2
branch  1 taken 2 (fallthrough)
branch  2 taken 0 (throw)
        2:   19:    shuffle(amestecate, mt19937(random_device{}()));
        2:   19-block  0
call    0 returned 2
branch  1 taken 2 (fallthrough)
branch  2 taken 0 (throw)
        2:   19-block  1
call    3 returned 2
branch  4 taken 2 (fallthrough)
branch  5 taken 0 (throw)
        2:   19-block  2
call    6 returned 2
branch  7 taken 2 (fallthrough)
branch  8 taken 0 (throw)
        2:   19-block  3
call    9 returned 2
branch 10 taken 2 (fallthrough)
branch 11 taken 0 (throw)
        2:   19-block  4
call   12 returned 2
    $$$$$:   19-block  5
call   13 never executed
    $$$$$:   19-block  6
    $$$$$:   19-block  7
        -:   20:
        2:   21:    contract.clear();
call    0 returned 2
        2:   22:    contract.insert(contract.end(), amestecate.begin(), amestecate.begin() + nr);
call    0 returned 2
call    1 returned 2
call    2 returned 2
call    3 returned 2
call    4 returned 2
call    5 returned 2
branch  6 taken 2 (fallthrough)
branch  7 taken 0 (throw)
    $$$$$:   22-block  0
    $$$$$:   22-block  1
    $$$$$:   22-block  2
        2:   23:}
        2:   23-block  0
call    0 returned 2
    $$$$$:   23-block  1
call    1 never executed
        -:   24:
function _ZNK14ContractStudii6getAllEv called 12 returned 100% blocks executed 100%
       12:   25:const vector<Disciplina> &ContractStudii::getAll() const noexcept {
       12:   26:    return contract;
       12:   26-block  0
        -:   27:}
        -:   28:
        -:   29:
function _ZNK14ContractStudii16exporta_contractERSt14basic_ofstreamIcSt11char_traitsIcEE called 1 returned 100% blocks executed 100%
        1:   30:void ContractStudii::exporta_contract(ofstream &out) const {
        3:   31:    for (const auto &disciplina: contract)
        1:   31-block  0
call    0 returned 1
call    1 returned 1
        2:   31-block  1
call    2 returned 2
        2:   31-block  2
call    3 returned 2
        3:   31-block  3
call    4 returned 3
branch  5 taken 2
branch  6 taken 1 (fallthrough)
        2:   32:        out << disciplina << endl;
call    0 returned 2
branch  1 taken 2 (fallthrough)
branch  2 taken 0 (throw)
        2:   32-block  0
call    3 returned 2
branch  4 taken 2 (fallthrough)
branch  5 taken 0 (throw)
        1:   33:}
        1:   33-block  0
