        -:    0:Source:D:/C,C++/CLion 2024.3.4/bin/mingw/lib/gcc/x86_64-w64-mingw32/13.1.0/include/c++/ranges
        -:    0:Graph:D:\C,C++\CLion 2024.3.4\Projects\Lab6_7\cmake-build-debug-coverage\CMakeFiles\Lab6_7.dir\Repo\repository_fals_discipline.cpp.gcno
        -:    0:Data:D:\C,C++\CLion 2024.3.4\Projects\Lab6_7\cmake-build-debug-coverage\CMakeFiles\Lab6_7.dir\Repo\repository_fals_discipline.cpp.gcda
        -:    0:Runs:1
        -:    1:// <ranges> -*- C++ -*-
        -:    2:
        -:    3:// Copyright (C) 2019-2023 Free Software Foundation, Inc.
        -:    4://
        -:    5:// This file is part of the GNU ISO C++ Library.  This library is free
        -:    6:// software; you can redistribute it and/or modify it under the
        -:    7:// terms of the GNU General Public License as published by the
        -:    8:// Free Software Foundation; either version 3, or (at your option)
        -:    9:// any later version.
        -:   10:
        -:   11:// This library is distributed in the hope that it will be useful,
        -:   12:// but WITHOUT ANY WARRANTY; without even the implied warranty of
        -:   13:// MERCHANTABILITY or FITNESS FOR A PARTICULAR PURPOSE.  See the
        -:   14:// GNU General Public License for more details.
        -:   15:
        -:   16:// Under Section 7 of GPL version 3, you are granted additional
        -:   17:// permissions described in the GCC Runtime Library Exception, version
        -:   18:// 3.1, as published by the Free Software Foundation.
        -:   19:
        -:   20:// You should have received a copy of the GNU General Public License and
        -:   21:// a copy of the GCC Runtime Library Exception along with this program;
        -:   22:// see the files COPYING3 and COPYING.RUNTIME respectively.  If not, see
        -:   23:// <http://www.gnu.org/licenses/>.
        -:   24:
        -:   25:/** @file include/ranges
        -:   26: *  This is a Standard C++ Library header.
        -:   27: *  @ingroup concepts
        -:   28: */
        -:   29:
        -:   30:#ifndef _GLIBCXX_RANGES
        -:   31:#define _GLIBCXX_RANGES 1
        -:   32:
        -:   33:#if __cplusplus > 201703L
        -:   34:
        -:   35:#pragma GCC system_header
        -:   36:
        -:   37:#include <concepts>
        -:   38:
        -:   39:#if __cpp_lib_concepts
        -:   40:
        -:   41:#include <compare>
        -:   42:#include <initializer_list>
        -:   43:#include <iterator>
        -:   44:#include <optional>
        -:   45:#include <span>
        -:   46:#include <string_view>
        -:   47:#include <tuple>
        -:   48:#if __cplusplus > 202002L
        -:   49:#include <variant>
        -:   50:#endif
        -:   51:#include <bits/ranges_util.h>
        -:   52:#include <bits/refwrap.h>
        -:   53:
        -:   54:/**
        -:   55: * @defgroup ranges Ranges
        -:   56: *
        -:   57: * Components for dealing with ranges of elements.
        -:   58: */
        -:   59:
        -:   60:namespace std _GLIBCXX_VISIBILITY(default)
        -:   61:{
        -:   62:_GLIBCXX_BEGIN_NAMESPACE_VERSION
        -:   63:namespace ranges
        -:   64:{
        -:   65:  // [range.access] customization point objects
        -:   66:  // [range.req] range and view concepts
        -:   67:  // [range.dangling] dangling iterator handling
        -:   68:  // Defined in <bits/ranges_base.h>
        -:   69:
        -:   70:  // [view.interface] View interface
        -:   71:  // [range.subrange] Sub-ranges
        -:   72:  // Defined in <bits/ranges_util.h>
        -:   73:
        -:   74:  // C++20 24.6 [range.factories] Range factories
        -:   75:
        -:   76:  /// A view that contains no elements.
        -:   77:  template<typename _Tp> requires is_object_v<_Tp>
        -:   78:    class empty_view
        -:   79:    : public view_interface<empty_view<_Tp>>
        -:   80:    {
        -:   81:    public:
        -:   82:      static constexpr _Tp* begin() noexcept { return nullptr; }
        -:   83:      static constexpr _Tp* end() noexcept { return nullptr; }
        -:   84:      static constexpr _Tp* data() noexcept { return nullptr; }
        -:   85:      static constexpr size_t size() noexcept { return 0; }
        -:   86:      static constexpr bool empty() noexcept { return true; }
        -:   87:    };
        -:   88:
        -:   89:  template<typename _Tp>
        -:   90:    inline constexpr bool enable_borrowed_range<empty_view<_Tp>> = true;
        -:   91:
        -:   92:  namespace __detail
        -:   93:  {
        -:   94:    template<typename _Tp>
        -:   95:      concept __boxable = copy_constructible<_Tp> && is_object_v<_Tp>;
        -:   96:
        -:   97:    template<__boxable _Tp>
        -:   98:      struct __box : std::optional<_Tp>
        -:   99:      {
        -:  100:	using std::optional<_Tp>::optional;
        -:  101:
        -:  102:	constexpr
        -:  103:	__box()
        -:  104:	noexcept(is_nothrow_default_constructible_v<_Tp>)
        -:  105:	requires default_initializable<_Tp>
        -:  106:	: std::optional<_Tp>{std::in_place}
        -:  107:	{ }
        -:  108:
        -:  109:	__box(const __box&) = default;
        -:  110:	__box(__box&&) = default;
        -:  111:
        -:  112:	using std::optional<_Tp>::operator=;
        -:  113:
        -:  114:	// _GLIBCXX_RESOLVE_LIB_DEFECTS
        -:  115:	// 3477. Simplify constraints for semiregular-box
        -:  116:	// 3572. copyable-box should be fully constexpr
        -:  117:	constexpr __box&
        -:  118:	operator=(const __box& __that)
        -:  119:	noexcept(is_nothrow_copy_constructible_v<_Tp>)
        -:  120:	requires (!copyable<_Tp>)
        -:  121:	{
        -:  122:	  if (this != std::__addressof(__that))
        -:  123:	    {
        -:  124:	      if ((bool)__that)
        -:  125:		this->emplace(*__that);
        -:  126:	      else
        -:  127:		this->reset();
        -:  128:	    }
        -:  129:	  return *this;
        -:  130:	}
        -:  131:
        -:  132:	constexpr __box&
        -:  133:	operator=(__box&& __that)
        -:  134:	noexcept(is_nothrow_move_constructible_v<_Tp>)
        -:  135:	requires (!movable<_Tp>)
        -:  136:	{
        -:  137:	  if (this != std::__addressof(__that))
        -:  138:	    {
        -:  139:	      if ((bool)__that)
        -:  140:		this->emplace(std::move(*__that));
        -:  141:	      else
        -:  142:		this->reset();
        -:  143:	    }
        -:  144:	  return *this;
        -:  145:	}
        -:  146:      };
        -:  147:
        -:  148:    // For types which are already copyable, this specialization of the
        -:  149:    // copyable wrapper stores the object directly without going through
        -:  150:    // std::optional.  It provides just the subset of the primary template's
        -:  151:    // API that we currently use.
        -:  152:    template<__boxable _Tp>
        -:  153:      requires copyable<_Tp> || (is_nothrow_move_constructible_v<_Tp>
        -:  154:				 && is_nothrow_copy_constructible_v<_Tp>)
        -:  155:      struct __box<_Tp>
        -:  156:      {
        -:  157:      private:
        -:  158:	[[no_unique_address]] _Tp _M_value = _Tp();
        -:  159:
        -:  160:      public:
        -:  161:	__box() requires default_initializable<_Tp> = default;
        -:  162:
        -:  163:	constexpr explicit
        -:  164:	__box(const _Tp& __t)
        -:  165:	noexcept(is_nothrow_copy_constructible_v<_Tp>)
        -:  166:	: _M_value(__t)
        -:  167:	{ }
        -:  168:
        -:  169:	constexpr explicit
        -:  170:	__box(_Tp&& __t)
        -:  171:	noexcept(is_nothrow_move_constructible_v<_Tp>)
        -:  172:	: _M_value(std::move(__t))
        -:  173:	{ }
        -:  174:
        -:  175:	template<typename... _Args>
        -:  176:	  requires constructible_from<_Tp, _Args...>
        -:  177:	  constexpr explicit
        -:  178:	  __box(in_place_t, _Args&&... __args)
        -:  179:	  noexcept(is_nothrow_constructible_v<_Tp, _Args...>)
        -:  180:	  : _M_value(std::forward<_Args>(__args)...)
        -:  181:	  { }
        -:  182:
        -:  183:	__box(const __box&) = default;
        -:  184:	__box(__box&&) = default;
        -:  185:	__box& operator=(const __box&) requires copyable<_Tp> = default;
        -:  186:	__box& operator=(__box&&) requires copyable<_Tp> = default;
        -:  187:
        -:  188:	// When _Tp is nothrow_copy_constructible but not copy_assignable,
        -:  189:	// copy assignment is implemented via destroy-then-copy-construct.
        -:  190:	constexpr __box&
        -:  191:	operator=(const __box& __that) noexcept
        -:  192:	{
        -:  193:	  static_assert(is_nothrow_copy_constructible_v<_Tp>);
        -:  194:	  if (this != std::__addressof(__that))
        -:  195:	    {
        -:  196:	      _M_value.~_Tp();
        -:  197:	      std::construct_at(std::__addressof(_M_value), *__that);
        -:  198:	    }
        -:  199:	  return *this;
        -:  200:	}
        -:  201:
        -:  202:	// Likewise for move assignment.
        -:  203:	constexpr __box&
        -:  204:	operator=(__box&& __that) noexcept
        -:  205:	{
        -:  206:	  static_assert(is_nothrow_move_constructible_v<_Tp>);
        -:  207:	  if (this != std::__addressof(__that))
        -:  208:	    {
        -:  209:	      _M_value.~_Tp();
        -:  210:	      std::construct_at(std::__addressof(_M_value), std::move(*__that));
        -:  211:	    }
        -:  212:	  return *this;
        -:  213:	}
        -:  214:
        -:  215:	constexpr bool
        -:  216:	has_value() const noexcept
        -:  217:	{ return true; };
        -:  218:
        -:  219:	constexpr _Tp&
        -:  220:	operator*() noexcept
        -:  221:	{ return _M_value; }
        -:  222:
        -:  223:	constexpr const _Tp&
        -:  224:	operator*() const noexcept
        -:  225:	{ return _M_value; }
        -:  226:
        -:  227:	constexpr _Tp*
        -:  228:	operator->() noexcept
        -:  229:	{ return std::__addressof(_M_value); }
        -:  230:
        -:  231:	constexpr const _Tp*
        -:  232:	operator->() const noexcept
        -:  233:	{ return std::__addressof(_M_value); }
        -:  234:      };
        -:  235:  } // namespace __detail
        -:  236:
        -:  237:  /// A view that contains exactly one element.
        -:  238:  template<copy_constructible _Tp> requires is_object_v<_Tp>
        -:  239:    class single_view : public view_interface<single_view<_Tp>>
        -:  240:    {
        -:  241:    public:
        -:  242:      single_view() requires default_initializable<_Tp> = default;
        -:  243:
        -:  244:      constexpr explicit
        -:  245:      single_view(const _Tp& __t)
        -:  246:      noexcept(is_nothrow_copy_constructible_v<_Tp>)
        -:  247:      : _M_value(__t)
        -:  248:      { }
        -:  249:
        -:  250:      constexpr explicit
        -:  251:      single_view(_Tp&& __t)
        -:  252:      noexcept(is_nothrow_move_constructible_v<_Tp>)
        -:  253:      : _M_value(std::move(__t))
        -:  254:      { }
        -:  255:
        -:  256:      // _GLIBCXX_RESOLVE_LIB_DEFECTS
        -:  257:      // 3428. single_view's in place constructor should be explicit
        -:  258:      template<typename... _Args>
        -:  259:	requires constructible_from<_Tp, _Args...>
        -:  260:	constexpr explicit
        -:  261:	single_view(in_place_t, _Args&&... __args)
        -:  262:	noexcept(is_nothrow_constructible_v<_Tp, _Args...>)
        -:  263:	: _M_value{in_place, std::forward<_Args>(__args)...}
        -:  264:	{ }
        -:  265:
        -:  266:      constexpr _Tp*
        -:  267:      begin() noexcept
        -:  268:      { return data(); }
        -:  269:
        -:  270:      constexpr const _Tp*
        -:  271:      begin() const noexcept
        -:  272:      { return data(); }
        -:  273:
        -:  274:      constexpr _Tp*
        -:  275:      end() noexcept
        -:  276:      { return data() + 1; }
        -:  277:
        -:  278:      constexpr const _Tp*
        -:  279:      end() const noexcept
        -:  280:      { return data() + 1; }
        -:  281:
        -:  282:      static constexpr size_t
        -:  283:      size() noexcept
        -:  284:      { return 1; }
        -:  285:
        -:  286:      constexpr _Tp*
        -:  287:      data() noexcept
        -:  288:      { return _M_value.operator->(); }
        -:  289:
        -:  290:      constexpr const _Tp*
        -:  291:      data() const noexcept
        -:  292:      { return _M_value.operator->(); }
        -:  293:
        -:  294:    private:
        -:  295:      [[no_unique_address]] __detail::__box<_Tp> _M_value;
        -:  296:    };
        -:  297:
        -:  298:  template<typename _Tp>
        -:  299:    single_view(_Tp) -> single_view<_Tp>;
        -:  300:
        -:  301:  namespace __detail
        -:  302:  {
        -:  303:    template<typename _Wp>
        -:  304:      constexpr auto __to_signed_like(_Wp __w) noexcept
        -:  305:      {
        -:  306:	if constexpr (!integral<_Wp>)
        -:  307:	  return iter_difference_t<_Wp>();
        -:  308:	else if constexpr (sizeof(iter_difference_t<_Wp>) > sizeof(_Wp))
        -:  309:	  return iter_difference_t<_Wp>(__w);
        -:  310:	else if constexpr (sizeof(ptrdiff_t) > sizeof(_Wp))
        -:  311:	  return ptrdiff_t(__w);
        -:  312:	else if constexpr (sizeof(long long) > sizeof(_Wp))
        -:  313:	  return (long long)(__w);
        -:  314:#ifdef __SIZEOF_INT128__
        -:  315:	else if constexpr (__SIZEOF_INT128__ > sizeof(_Wp))
        -:  316:	  return __int128(__w);
        -:  317:#endif
        -:  318:	else
        -:  319:	  return __max_diff_type(__w);
        -:  320:      }
        -:  321:
        -:  322:    template<typename _Wp>
        -:  323:      using __iota_diff_t = decltype(__to_signed_like(std::declval<_Wp>()));
        -:  324:
        -:  325:    template<typename _It>
        -:  326:      concept __decrementable = incrementable<_It>
        -:  327:	&& requires(_It __i)
        -:  328:	{
        -:  329:	    { --__i } -> same_as<_It&>;
        -:  330:	    { __i-- } -> same_as<_It>;
        -:  331:	};
        -:  332:
        -:  333:    template<typename _It>
        -:  334:      concept __advanceable = __decrementable<_It> && totally_ordered<_It>
        -:  335:	&& requires( _It __i, const _It __j, const __iota_diff_t<_It> __n)
        -:  336:	{
        -:  337:	  { __i += __n } -> same_as<_It&>;
        -:  338:	  { __i -= __n } -> same_as<_It&>;
        -:  339:	  _It(__j + __n);
        -:  340:	  _It(__n + __j);
        -:  341:	  _It(__j - __n);
        -:  342:	  { __j - __j } -> convertible_to<__iota_diff_t<_It>>;
        -:  343:	};
        -:  344:
        -:  345:    template<typename _Winc>
        -:  346:      struct __iota_view_iter_cat
        -:  347:      { };
        -:  348:
        -:  349:    template<incrementable _Winc>
        -:  350:      struct __iota_view_iter_cat<_Winc>
        -:  351:      { using iterator_category = input_iterator_tag; };
        -:  352:  } // namespace __detail
        -:  353:
        -:  354:  template<weakly_incrementable _Winc,
        -:  355:	   semiregular _Bound = unreachable_sentinel_t>
        -:  356:    requires std::__detail::__weakly_eq_cmp_with<_Winc, _Bound>
        -:  357:      && copyable<_Winc>
        -:  358:    class iota_view : public view_interface<iota_view<_Winc, _Bound>>
        -:  359:    {
        -:  360:    private:
        -:  361:      struct _Sentinel;
        -:  362:
        -:  363:      struct _Iterator : __detail::__iota_view_iter_cat<_Winc>
        -:  364:      {
        -:  365:      private:
        -:  366:	static auto
        -:  367:	_S_iter_concept()
        -:  368:	{
        -:  369:	  using namespace __detail;
        -:  370:	  if constexpr (__advanceable<_Winc>)
        -:  371:	    return random_access_iterator_tag{};
        -:  372:	  else if constexpr (__decrementable<_Winc>)
        -:  373:	    return bidirectional_iterator_tag{};
        -:  374:	  else if constexpr (incrementable<_Winc>)
        -:  375:	    return forward_iterator_tag{};
        -:  376:	  else
        -:  377:	    return input_iterator_tag{};
        -:  378:	}
        -:  379:
        -:  380:      public:
        -:  381:	using iterator_concept = decltype(_S_iter_concept());
        -:  382:	// iterator_category defined in __iota_view_iter_cat
        -:  383:	using value_type = _Winc;
        -:  384:	using difference_type = __detail::__iota_diff_t<_Winc>;
        -:  385:
        -:  386:	_Iterator() requires default_initializable<_Winc> = default;
        -:  387:
        -:  388:	constexpr explicit
        -:  389:	_Iterator(_Winc __value)
        -:  390:	: _M_value(__value) { }
        -:  391:
        -:  392:	constexpr _Winc
        -:  393:	operator*() const noexcept(is_nothrow_copy_constructible_v<_Winc>)
        -:  394:	{ return _M_value; }
        -:  395:
        -:  396:	constexpr _Iterator&
        -:  397:	operator++()
        -:  398:	{
        -:  399:	  ++_M_value;
        -:  400:	  return *this;
        -:  401:	}
        -:  402:
        -:  403:	constexpr void
        -:  404:	operator++(int)
        -:  405:	{ ++*this; }
        -:  406:
        -:  407:	constexpr _Iterator
        -:  408:	operator++(int) requires incrementable<_Winc>
        -:  409:	{
        -:  410:	  auto __tmp = *this;
        -:  411:	  ++*this;
        -:  412:	  return __tmp;
        -:  413:	}
        -:  414:
        -:  415:	constexpr _Iterator&
        -:  416:	operator--() requires __detail::__decrementable<_Winc>
        -:  417:	{
        -:  418:	  --_M_value;
        -:  419:	  return *this;
        -:  420:	}
        -:  421:
        -:  422:	constexpr _Iterator
        -:  423:	operator--(int) requires __detail::__decrementable<_Winc>
        -:  424:	{
        -:  425:	  auto __tmp = *this;
        -:  426:	  --*this;
        -:  427:	  return __tmp;
        -:  428:	}
        -:  429:
        -:  430:	constexpr _Iterator&
        -:  431:	operator+=(difference_type __n) requires __detail::__advanceable<_Winc>
        -:  432:	{
        -:  433:	  using __detail::__is_integer_like;
        -:  434:	  using __detail::__is_signed_integer_like;
        -:  435:	  if constexpr (__is_integer_like<_Winc>
        -:  436:	      && !__is_signed_integer_like<_Winc>)
        -:  437:	    {
        -:  438:	      if (__n >= difference_type(0))
        -:  439:		_M_value += static_cast<_Winc>(__n);
        -:  440:	      else
        -:  441:		_M_value -= static_cast<_Winc>(-__n);
        -:  442:	    }
        -:  443:	  else
        -:  444:	    _M_value += __n;
        -:  445:	  return *this;
        -:  446:	}
        -:  447:
        -:  448:	constexpr _Iterator&
        -:  449:	operator-=(difference_type __n) requires __detail::__advanceable<_Winc>
        -:  450:	{
        -:  451:	  using __detail::__is_integer_like;
        -:  452:	  using __detail::__is_signed_integer_like;
        -:  453:	  if constexpr (__is_integer_like<_Winc>
        -:  454:	      && !__is_signed_integer_like<_Winc>)
        -:  455:	    {
        -:  456:	      if (__n >= difference_type(0))
        -:  457:		_M_value -= static_cast<_Winc>(__n);
        -:  458:	      else
        -:  459:		_M_value += static_cast<_Winc>(-__n);
        -:  460:	    }
        -:  461:	  else
        -:  462:	    _M_value -= __n;
        -:  463:	  return *this;
        -:  464:	}
        -:  465:
        -:  466:	constexpr _Winc
        -:  467:	operator[](difference_type __n) const
        -:  468:	requires __detail::__advanceable<_Winc>
        -:  469:	{ return _Winc(_M_value + __n); }
        -:  470:
        -:  471:	friend constexpr bool
        -:  472:	operator==(const _Iterator& __x, const _Iterator& __y)
        -:  473:	requires equality_comparable<_Winc>
        -:  474:	{ return __x._M_value == __y._M_value; }
        -:  475:
        -:  476:	friend constexpr bool
        -:  477:	operator<(const _Iterator& __x, const _Iterator& __y)
        -:  478:	requires totally_ordered<_Winc>
        -:  479:	{ return __x._M_value < __y._M_value; }
        -:  480:
        -:  481:	friend constexpr bool
        -:  482:	operator>(const _Iterator& __x, const _Iterator& __y)
        -:  483:	  requires totally_ordered<_Winc>
        -:  484:	{ return __y < __x; }
        -:  485:
        -:  486:	friend constexpr bool
        -:  487:	operator<=(const _Iterator& __x, const _Iterator& __y)
        -:  488:	  requires totally_ordered<_Winc>
        -:  489:	{ return !(__y < __x); }
        -:  490:
        -:  491:	friend constexpr bool
        -:  492:	operator>=(const _Iterator& __x, const _Iterator& __y)
        -:  493:	  requires totally_ordered<_Winc>
        -:  494:	{ return !(__x < __y); }
        -:  495:
        -:  496:#ifdef __cpp_lib_three_way_comparison
        -:  497:	friend constexpr auto
        -:  498:	operator<=>(const _Iterator& __x, const _Iterator& __y)
        -:  499:	  requires totally_ordered<_Winc> && three_way_comparable<_Winc>
        -:  500:	{ return __x._M_value <=> __y._M_value; }
        -:  501:#endif
        -:  502:
        -:  503:	friend constexpr _Iterator
        -:  504:	operator+(_Iterator __i, difference_type __n)
        -:  505:	  requires __detail::__advanceable<_Winc>
        -:  506:	{
        -:  507:	  __i += __n;
        -:  508:	  return __i;
        -:  509:	}
        -:  510:
        -:  511:	friend constexpr _Iterator
        -:  512:	operator+(difference_type __n, _Iterator __i)
        -:  513:	  requires __detail::__advanceable<_Winc>
        -:  514:	{ return __i += __n; }
        -:  515:
        -:  516:	friend constexpr _Iterator
        -:  517:	operator-(_Iterator __i, difference_type __n)
        -:  518:	  requires __detail::__advanceable<_Winc>
        -:  519:	{
        -:  520:	  __i -= __n;
        -:  521:	  return __i;
        -:  522:	}
        -:  523:
        -:  524:	friend constexpr difference_type
        -:  525:	operator-(const _Iterator& __x, const _Iterator& __y)
        -:  526:	  requires __detail::__advanceable<_Winc>
        -:  527:	{
        -:  528:	  using __detail::__is_integer_like;
        -:  529:	  using __detail::__is_signed_integer_like;
        -:  530:	  using _Dt = difference_type;
        -:  531:	  if constexpr (__is_integer_like<_Winc>)
        -:  532:	    {
        -:  533:	      if constexpr (__is_signed_integer_like<_Winc>)
        -:  534:		return _Dt(_Dt(__x._M_value) - _Dt(__y._M_value));
        -:  535:	      else
        -:  536:		return (__y._M_value > __x._M_value)
        -:  537:		  ? _Dt(-_Dt(__y._M_value - __x._M_value))
        -:  538:		  : _Dt(__x._M_value - __y._M_value);
        -:  539:	    }
        -:  540:	  else
        -:  541:	    return __x._M_value - __y._M_value;
        -:  542:	}
        -:  543:
        -:  544:      private:
        -:  545:	_Winc _M_value = _Winc();
        -:  546:
        -:  547:	friend iota_view;
        -:  548:        friend _Sentinel;
        -:  549:      };
        -:  550:
        -:  551:      struct _Sentinel
        -:  552:      {
        -:  553:      private:
        -:  554:	constexpr bool
        -:  555:	_M_equal(const _Iterator& __x) const
        -:  556:	{ return __x._M_value == _M_bound; }
        -:  557:
        -:  558:	constexpr auto
        -:  559:	_M_distance_from(const _Iterator& __x) const
        -:  560:	{ return _M_bound - __x._M_value; }
        -:  561:
        -:  562:	_Bound _M_bound = _Bound();
        -:  563:
        -:  564:      public:
        -:  565:	_Sentinel() = default;
        -:  566:
        -:  567:	constexpr explicit
        -:  568:	_Sentinel(_Bound __bound)
        -:  569:	: _M_bound(__bound) { }
        -:  570:
        -:  571:	friend constexpr bool
        -:  572:	operator==(const _Iterator& __x, const _Sentinel& __y)
        -:  573:	{ return __y._M_equal(__x); }
        -:  574:
        -:  575:	friend constexpr iter_difference_t<_Winc>
        -:  576:	operator-(const _Iterator& __x, const _Sentinel& __y)
        -:  577:	  requires sized_sentinel_for<_Bound, _Winc>
        -:  578:	{ return -__y._M_distance_from(__x); }
        -:  579:
        -:  580:	friend constexpr iter_difference_t<_Winc>
        -:  581:	operator-(const _Sentinel& __x, const _Iterator& __y)
        -:  582:	  requires sized_sentinel_for<_Bound, _Winc>
        -:  583:	{ return __x._M_distance_from(__y); }
        -:  584:
        -:  585:	friend iota_view;
        -:  586:      };
        -:  587:
        -:  588:      _Winc _M_value = _Winc();
        -:  589:      [[no_unique_address]] _Bound _M_bound = _Bound();
        -:  590:
        -:  591:    public:
        -:  592:      iota_view() requires default_initializable<_Winc> = default;
        -:  593:
        -:  594:      constexpr explicit
        -:  595:      iota_view(_Winc __value)
        -:  596:      : _M_value(__value)
        -:  597:      { }
        -:  598:
        -:  599:      constexpr
        -:  600:      iota_view(type_identity_t<_Winc> __value,
        -:  601:		type_identity_t<_Bound> __bound)
        -:  602:      : _M_value(__value), _M_bound(__bound)
        -:  603:      {
        -:  604:	if constexpr (totally_ordered_with<_Winc, _Bound>)
        -:  605:	  __glibcxx_assert( bool(__value <= __bound) );
        -:  606:      }
        -:  607:
        -:  608:      constexpr
        -:  609:      iota_view(_Iterator __first, _Iterator __last)
        -:  610:	requires same_as<_Winc, _Bound>
        -:  611:	: iota_view(__first._M_value, __last._M_value)
        -:  612:      { }
        -:  613:
        -:  614:      constexpr
        -:  615:      iota_view(_Iterator __first, unreachable_sentinel_t __last)
        -:  616:	requires same_as<_Bound, unreachable_sentinel_t>
        -:  617:	: iota_view(__first._M_value, __last)
        -:  618:      { }
        -:  619:
        -:  620:      constexpr
        -:  621:      iota_view(_Iterator __first, _Sentinel __last)
        -:  622:	requires (!same_as<_Winc, _Bound>) && (!same_as<_Bound, unreachable_sentinel_t>)
        -:  623:	: iota_view(__first._M_value, __last._M_bound)
        -:  624:      { }
        -:  625:
        -:  626:      constexpr _Iterator
        -:  627:      begin() const { return _Iterator{_M_value}; }
        -:  628:
        -:  629:      constexpr auto
        -:  630:      end() const
        -:  631:      {
        -:  632:	if constexpr (same_as<_Bound, unreachable_sentinel_t>)
        -:  633:	  return unreachable_sentinel;
        -:  634:	else
        -:  635:	  return _Sentinel{_M_bound};
        -:  636:      }
        -:  637:
        -:  638:      constexpr _Iterator
        -:  639:      end() const requires same_as<_Winc, _Bound>
        -:  640:      { return _Iterator{_M_bound}; }
        -:  641:
        -:  642:      constexpr auto
        -:  643:      size() const
        -:  644:      requires (same_as<_Winc, _Bound> && __detail::__advanceable<_Winc>)
        -:  645:      || (integral<_Winc> && integral<_Bound>)
        -:  646:      || sized_sentinel_for<_Bound, _Winc>
        -:  647:      {
        -:  648:	using __detail::__is_integer_like;
        -:  649:	using __detail::__to_unsigned_like;
        -:  650:	if constexpr (integral<_Winc> && integral<_Bound>)
        -:  651:	  {
        -:  652:	    using _Up = make_unsigned_t<decltype(_M_bound - _M_value)>;
        -:  653:	    return _Up(_M_bound) - _Up(_M_value);
        -:  654:	  }
        -:  655:	else if constexpr (__is_integer_like<_Winc>)
        -:  656:	  return __to_unsigned_like(_M_bound) - __to_unsigned_like(_M_value);
        -:  657:	else
        -:  658:	  return __to_unsigned_like(_M_bound - _M_value);
        -:  659:      }
        -:  660:    };
        -:  661:
        -:  662:  template<typename _Winc, typename _Bound>
        -:  663:    requires (!__detail::__is_integer_like<_Winc>
        -:  664:	|| !__detail::__is_integer_like<_Bound>
        -:  665:	|| (__detail::__is_signed_integer_like<_Winc>
        -:  666:	    == __detail::__is_signed_integer_like<_Bound>))
        -:  667:    iota_view(_Winc, _Bound) -> iota_view<_Winc, _Bound>;
        -:  668:
        -:  669:  template<typename _Winc, typename _Bound>
        -:  670:    inline constexpr bool
        -:  671:      enable_borrowed_range<iota_view<_Winc, _Bound>> = true;
        -:  672:
        -:  673:namespace views
        -:  674:{
        -:  675:  template<typename _Tp>
        -:  676:    inline constexpr empty_view<_Tp> empty{};
        -:  677:
        -:  678:  namespace __detail
        -:  679:  {
        -:  680:    template<typename _Tp>
        -:  681:      concept __can_single_view
        -:  682:	= requires { single_view<decay_t<_Tp>>(std::declval<_Tp>()); };
        -:  683:  } // namespace __detail
        -:  684:
        -:  685:  struct _Single
        -:  686:  {
        -:  687:    template<__detail::__can_single_view _Tp>
        -:  688:      constexpr auto
        -:  689:      operator() [[nodiscard]] (_Tp&& __e) const
        -:  690:      noexcept(noexcept(single_view<decay_t<_Tp>>(std::forward<_Tp>(__e))))
        -:  691:      { return single_view<decay_t<_Tp>>(std::forward<_Tp>(__e)); }
        -:  692:  };
        -:  693:
        -:  694:  inline constexpr _Single single{};
        -:  695:
        -:  696:  namespace __detail
        -:  697:  {
        -:  698:    template<typename... _Args>
        -:  699:      concept __can_iota_view = requires { iota_view(std::declval<_Args>()...); };
        -:  700:  } // namespace __detail
        -:  701:
        -:  702:  struct _Iota
        -:  703:  {
        -:  704:    template<__detail::__can_iota_view _Tp>
        -:  705:      constexpr auto
        -:  706:      operator() [[nodiscard]] (_Tp&& __e) const
        -:  707:      { return iota_view(std::forward<_Tp>(__e)); }
        -:  708:
        -:  709:    template<typename _Tp, typename _Up>
        -:  710:      requires __detail::__can_iota_view<_Tp, _Up>
        -:  711:      constexpr auto
        -:  712:      operator() [[nodiscard]] (_Tp&& __e, _Up&& __f) const
        -:  713:      { return iota_view(std::forward<_Tp>(__e), std::forward<_Up>(__f)); }
        -:  714:  };
        -:  715:
        -:  716:  inline constexpr _Iota iota{};
        -:  717:} // namespace views
        -:  718:
        -:  719:#if _GLIBCXX_HOSTED
        -:  720:  namespace __detail
        -:  721:  {
        -:  722:    template<typename _Val, typename _CharT, typename _Traits>
        -:  723:      concept __stream_extractable
        -:  724:	= requires(basic_istream<_CharT, _Traits>& is, _Val& t) { is >> t; };
        -:  725:  } // namespace __detail
        -:  726:
        -:  727:  template<movable _Val, typename _CharT,
        -:  728:	   typename _Traits = char_traits<_CharT>>
        -:  729:    requires default_initializable<_Val>
        -:  730:      && __detail::__stream_extractable<_Val, _CharT, _Traits>
        -:  731:    class basic_istream_view
        -:  732:    : public view_interface<basic_istream_view<_Val, _CharT, _Traits>>
        -:  733:    {
        -:  734:    public:
        -:  735:      constexpr explicit
        -:  736:      basic_istream_view(basic_istream<_CharT, _Traits>& __stream)
        -:  737:	: _M_stream(std::__addressof(__stream))
        -:  738:      { }
        -:  739:
        -:  740:      constexpr auto
        -:  741:      begin()
        -:  742:      {
        -:  743:	*_M_stream >> _M_object;
        -:  744:	return _Iterator{this};
        -:  745:      }
        -:  746:
        -:  747:      constexpr default_sentinel_t
        -:  748:      end() const noexcept
        -:  749:      { return default_sentinel; }
        -:  750:
        -:  751:    private:
        -:  752:      basic_istream<_CharT, _Traits>* _M_stream;
        -:  753:      _Val _M_object = _Val();
        -:  754:
        -:  755:      struct _Iterator
        -:  756:      {
        -:  757:      public:
        -:  758:	using iterator_concept = input_iterator_tag;
        -:  759:	using difference_type = ptrdiff_t;
        -:  760:	using value_type = _Val;
        -:  761:
        -:  762:	constexpr explicit
        -:  763:	_Iterator(basic_istream_view* __parent) noexcept
        -:  764:	  : _M_parent(__parent)
        -:  765:	{ }
        -:  766:
        -:  767:	_Iterator(const _Iterator&) = delete;
        -:  768:	_Iterator(_Iterator&&) = default;
        -:  769:	_Iterator& operator=(const _Iterator&) = delete;
        -:  770:	_Iterator& operator=(_Iterator&&) = default;
        -:  771:
        -:  772:	_Iterator&
        -:  773:	operator++()
        -:  774:	{
        -:  775:	  *_M_parent->_M_stream >> _M_parent->_M_object;
        -:  776:	  return *this;
        -:  777:	}
        -:  778:
        -:  779:	void
        -:  780:	operator++(int)
        -:  781:	{ ++*this; }
        -:  782:
        -:  783:	_Val&
        -:  784:	operator*() const
        -:  785:	{ return _M_parent->_M_object; }
        -:  786:
        -:  787:	friend bool
        -:  788:	operator==(const _Iterator& __x, default_sentinel_t)
        -:  789:	{ return __x._M_at_end(); }
        -:  790:
        -:  791:      private:
        -:  792:	basic_istream_view* _M_parent;
        -:  793:
        -:  794:	bool
        -:  795:	_M_at_end() const
        -:  796:	{ return !*_M_parent->_M_stream; }
        -:  797:      };
        -:  798:
        -:  799:      friend _Iterator;
        -:  800:    };
        -:  801:
        -:  802:  template<typename _Val>
        -:  803:    using istream_view = basic_istream_view<_Val, char>;
        -:  804:
        -:  805:  template<typename _Val>
        -:  806:    using wistream_view = basic_istream_view<_Val, wchar_t>;
        -:  807:
        -:  808:namespace views
        -:  809:{
        -:  810:  namespace __detail
        -:  811:  {
        -:  812:    template<typename _Tp, typename _Up>
        -:  813:    concept __can_istream_view = requires (_Up __e) {
        -:  814:      basic_istream_view<_Tp, typename _Up::char_type, typename _Up::traits_type>(__e);
        -:  815:    };
        -:  816:  } // namespace __detail
        -:  817:
        -:  818:  template<typename _Tp>
        -:  819:    struct _Istream
        -:  820:    {
        -:  821:      template<typename _CharT, typename _Traits>
        -:  822:	constexpr auto
        -:  823:	operator() [[nodiscard]] (basic_istream<_CharT, _Traits>& __e) const
        -:  824:	requires __detail::__can_istream_view<_Tp, remove_reference_t<decltype(__e)>>
        -:  825:	{ return basic_istream_view<_Tp, _CharT, _Traits>(__e); }
        -:  826:    };
        -:  827:
        -:  828:  template<typename _Tp>
        -:  829:    inline constexpr _Istream<_Tp> istream;
        -:  830:}
        -:  831:#endif // HOSTED
        -:  832:
        -:  833:  // C++20 24.7 [range.adaptors] Range adaptors
        -:  834:
        -:  835:namespace __detail
        -:  836:{
        -:  837:  struct _Empty { };
        -:  838:
        -:  839:  // Alias for a type that is conditionally present
        -:  840:  // (and is an empty type otherwise).
        -:  841:  // Data members using this alias should use [[no_unique_address]] so that
        -:  842:  // they take no space when not needed.
        -:  843:  template<bool _Present, typename _Tp>
        -:  844:    using __maybe_present_t = __conditional_t<_Present, _Tp, _Empty>;
        -:  845:
        -:  846:  // Alias for a type that is conditionally const.
        -:  847:  template<bool _Const, typename _Tp>
        -:  848:    using __maybe_const_t = __conditional_t<_Const, const _Tp, _Tp>;
        -:  849:
        -:  850:} // namespace __detail
        -:  851:
        -:  852:// Shorthand for __detail::__maybe_const_t.
        -:  853:using __detail::__maybe_const_t;
        -:  854:
        -:  855:namespace views::__adaptor
        -:  856:{
        -:  857:  // True if the range adaptor _Adaptor can be applied with _Args.
        -:  858:  template<typename _Adaptor, typename... _Args>
        -:  859:    concept __adaptor_invocable
        -:  860:      = requires { std::declval<_Adaptor>()(declval<_Args>()...); };
        -:  861:
        -:  862:  // True if the range adaptor non-closure _Adaptor can be partially applied
        -:  863:  // with _Args.
        -:  864:  template<typename _Adaptor, typename... _Args>
        -:  865:    concept __adaptor_partial_app_viable = (_Adaptor::_S_arity > 1)
        -:  866:      && (sizeof...(_Args) == _Adaptor::_S_arity - 1)
        -:  867:      && (constructible_from<decay_t<_Args>, _Args> && ...);
        -:  868:
        -:  869:  template<typename _Adaptor, typename... _Args>
        -:  870:    struct _Partial;
        -:  871:
        -:  872:  template<typename _Lhs, typename _Rhs>
        -:  873:    struct _Pipe;
        -:  874:
        -:  875:  // The base class of every range adaptor closure.
        -:  876:  //
        -:  877:  // The derived class should define the optional static data member
        -:  878:  // _S_has_simple_call_op to true if the behavior of this adaptor is
        -:  879:  // independent of the constness/value category of the adaptor object.
        -:  880:  struct _RangeAdaptorClosure
        -:  881:  {
        -:  882:    // range | adaptor is equivalent to adaptor(range).
        -:  883:    template<typename _Self, typename _Range>
        -:  884:      requires derived_from<remove_cvref_t<_Self>, _RangeAdaptorClosure>
        -:  885:	&& __adaptor_invocable<_Self, _Range>
        -:  886:      friend constexpr auto
       46:  887:      operator|(_Range&& __r, _Self&& __self)
       46:  888:      { return std::forward<_Self>(__self)(std::forward<_Range>(__r)); }
------------------
_ZNSt6ranges5views9__adaptororIRKNS0_9_ElementsILy1EEERKSt3mapIi10DisciplinaSt4lessIiESaISt4pairIKiS8_EEEEEDaOT0_OT_:
function _ZNSt6ranges5views9__adaptororIRKNS0_9_ElementsILy1EEERKSt3mapIi10DisciplinaSt4lessIiESaISt4pairIKiS8_EEEEEDaOT0_OT_ called 25 returned 100% blocks executed 100%
       25:  887:      operator|(_Range&& __r, _Self&& __self)
       25:  888:      { return std::forward<_Self>(__self)(std::forward<_Range>(__r)); }
       25:  888-block  0
call    0 returned 25
call    1 returned 25
call    2 returned 25
------------------
_ZNSt6ranges5views9__adaptororIRKNS0_9_ElementsILy1EEERSt3mapIi10DisciplinaSt4lessIiESaISt4pairIKiS8_EEEEEDaOT0_OT_:
function _ZNSt6ranges5views9__adaptororIRKNS0_9_ElementsILy1EEERSt3mapIi10DisciplinaSt4lessIiESaISt4pairIKiS8_EEEEEDaOT0_OT_ called 21 returned 100% blocks executed 100%
       21:  887:      operator|(_Range&& __r, _Self&& __self)
       21:  888:      { return std::forward<_Self>(__self)(std::forward<_Range>(__r)); }
       21:  888-block  0
call    0 returned 21
call    1 returned 21
call    2 returned 21
------------------
        -:  889:
        -:  890:    // Compose the adaptors __lhs and __rhs into a pipeline, returning
        -:  891:    // another range adaptor closure object.
        -:  892:    template<typename _Lhs, typename _Rhs>
        -:  893:      requires derived_from<_Lhs, _RangeAdaptorClosure>
        -:  894:	&& derived_from<_Rhs, _RangeAdaptorClosure>
        -:  895:      friend constexpr auto
        -:  896:      operator|(_Lhs __lhs, _Rhs __rhs)
        -:  897:      { return _Pipe<_Lhs, _Rhs>{std::move(__lhs), std::move(__rhs)}; }
        -:  898:  };
        -:  899:
        -:  900:  // The base class of every range adaptor non-closure.
        -:  901:  //
        -:  902:  // The static data member _Derived::_S_arity must contain the total number of
        -:  903:  // arguments that the adaptor takes, and the class _Derived must introduce
        -:  904:  // _RangeAdaptor::operator() into the class scope via a using-declaration.
        -:  905:  //
        -:  906:  // The optional static data member _Derived::_S_has_simple_extra_args should
        -:  907:  // be defined to true if the behavior of this adaptor is independent of the
        -:  908:  // constness/value category of the extra arguments.  This data member could
        -:  909:  // also be defined as a variable template parameterized by the types of the
        -:  910:  // extra arguments.
        -:  911:  template<typename _Derived>
        -:  912:    struct _RangeAdaptor
        -:  913:    {
        -:  914:      // Partially apply the arguments __args to the range adaptor _Derived,
        -:  915:      // returning a range adaptor closure object.
        -:  916:      template<typename... _Args>
        -:  917:	requires __adaptor_partial_app_viable<_Derived, _Args...>
        -:  918:	constexpr auto
        -:  919:	operator()(_Args&&... __args) const
        -:  920:	{
        -:  921:	  return _Partial<_Derived, decay_t<_Args>...>{std::forward<_Args>(__args)...};
        -:  922:	}
        -:  923:    };
        -:  924:
        -:  925:  // True if the range adaptor closure _Adaptor has a simple operator(), i.e.
        -:  926:  // one that's not overloaded according to constness or value category of the
        -:  927:  // _Adaptor object.
        -:  928:  template<typename _Adaptor>
        -:  929:    concept __closure_has_simple_call_op = _Adaptor::_S_has_simple_call_op;
        -:  930:
        -:  931:  // True if the behavior of the range adaptor non-closure _Adaptor is
        -:  932:  // independent of the value category of its extra arguments _Args.
        -:  933:  template<typename _Adaptor, typename... _Args>
        -:  934:    concept __adaptor_has_simple_extra_args = _Adaptor::_S_has_simple_extra_args
        -:  935:      || _Adaptor::template _S_has_simple_extra_args<_Args...>;
        -:  936:
        -:  937:  // A range adaptor closure that represents partial application of
        -:  938:  // the range adaptor _Adaptor with arguments _Args.
        -:  939:  template<typename _Adaptor, typename... _Args>
        -:  940:    struct _Partial : _RangeAdaptorClosure
        -:  941:    {
        -:  942:      tuple<_Args...> _M_args;
        -:  943:
        -:  944:      constexpr
        -:  945:      _Partial(_Args... __args)
        -:  946:	: _M_args(std::move(__args)...)
        -:  947:      { }
        -:  948:
        -:  949:      // Invoke _Adaptor with arguments __r, _M_args... according to the
        -:  950:      // value category of this _Partial object.
        -:  951:      template<typename _Range>
        -:  952:	requires __adaptor_invocable<_Adaptor, _Range, const _Args&...>
        -:  953:	constexpr auto
        -:  954:	operator()(_Range&& __r) const &
        -:  955:	{
        -:  956:	  auto __forwarder = [&__r] (const auto&... __args) {
        -:  957:	    return _Adaptor{}(std::forward<_Range>(__r), __args...);
        -:  958:	  };
        -:  959:	  return std::apply(__forwarder, _M_args);
        -:  960:	}
        -:  961:
        -:  962:      template<typename _Range>
        -:  963:	requires __adaptor_invocable<_Adaptor, _Range, _Args...>
        -:  964:	constexpr auto
        -:  965:	operator()(_Range&& __r) &&
        -:  966:	{
        -:  967:	  auto __forwarder = [&__r] (auto&... __args) {
        -:  968:	    return _Adaptor{}(std::forward<_Range>(__r), std::move(__args)...);
        -:  969:	  };
        -:  970:	  return std::apply(__forwarder, _M_args);
        -:  971:	}
        -:  972:
        -:  973:      template<typename _Range>
        -:  974:	constexpr auto
        -:  975:	operator()(_Range&& __r) const && = delete;
        -:  976:    };
        -:  977:
        -:  978:  // A lightweight specialization of the above primary template for
        -:  979:  // the common case where _Adaptor accepts a single extra argument.
        -:  980:  template<typename _Adaptor, typename _Arg>
        -:  981:    struct _Partial<_Adaptor, _Arg> : _RangeAdaptorClosure
        -:  982:    {
        -:  983:      _Arg _M_arg;
        -:  984:
        -:  985:      constexpr
        -:  986:      _Partial(_Arg __arg)
        -:  987:	: _M_arg(std::move(__arg))
        -:  988:      { }
        -:  989:
        -:  990:      template<typename _Range>
        -:  991:	requires __adaptor_invocable<_Adaptor, _Range, const _Arg&>
        -:  992:	constexpr auto
        -:  993:	operator()(_Range&& __r) const &
        -:  994:	{ return _Adaptor{}(std::forward<_Range>(__r), _M_arg); }
        -:  995:
        -:  996:      template<typename _Range>
        -:  997:	requires __adaptor_invocable<_Adaptor, _Range, _Arg>
        -:  998:	constexpr auto
        -:  999:	operator()(_Range&& __r) &&
        -: 1000:	{ return _Adaptor{}(std::forward<_Range>(__r), std::move(_M_arg)); }
        -: 1001:
        -: 1002:      template<typename _Range>
        -: 1003:	constexpr auto
        -: 1004:	operator()(_Range&& __r) const && = delete;
        -: 1005:    };
        -: 1006:
        -: 1007:  // Partial specialization of the primary template for the case where the extra
        -: 1008:  // arguments of the adaptor can always be safely and efficiently forwarded by
        -: 1009:  // const reference.  This lets us get away with a single operator() overload,
        -: 1010:  // which makes overload resolution failure diagnostics more concise.
        -: 1011:  template<typename _Adaptor, typename... _Args>
        -: 1012:    requires __adaptor_has_simple_extra_args<_Adaptor, _Args...>
        -: 1013:      && (is_trivially_copyable_v<_Args> && ...)
        -: 1014:    struct _Partial<_Adaptor, _Args...> : _RangeAdaptorClosure
        -: 1015:    {
        -: 1016:      tuple<_Args...> _M_args;
        -: 1017:
        -: 1018:      constexpr
        -: 1019:      _Partial(_Args... __args)
        -: 1020:	: _M_args(std::move(__args)...)
        -: 1021:      { }
        -: 1022:
        -: 1023:      // Invoke _Adaptor with arguments __r, const _M_args&... regardless
        -: 1024:      // of the value category of this _Partial object.
        -: 1025:      template<typename _Range>
        -: 1026:	requires __adaptor_invocable<_Adaptor, _Range, const _Args&...>
        -: 1027:	constexpr auto
        -: 1028:	operator()(_Range&& __r) const
        -: 1029:	{
        -: 1030:	  auto __forwarder = [&__r] (const auto&... __args) {
        -: 1031:	    return _Adaptor{}(std::forward<_Range>(__r), __args...);
        -: 1032:	  };
        -: 1033:	  return std::apply(__forwarder, _M_args);
        -: 1034:	}
        -: 1035:
        -: 1036:      static constexpr bool _S_has_simple_call_op = true;
        -: 1037:    };
        -: 1038:
        -: 1039:  // A lightweight specialization of the above template for the common case
        -: 1040:  // where _Adaptor accepts a single extra argument.
        -: 1041:  template<typename _Adaptor, typename _Arg>
        -: 1042:    requires __adaptor_has_simple_extra_args<_Adaptor, _Arg>
        -: 1043:      && is_trivially_copyable_v<_Arg>
        -: 1044:    struct _Partial<_Adaptor, _Arg> : _RangeAdaptorClosure
        -: 1045:    {
        -: 1046:      _Arg _M_arg;
        -: 1047:
        -: 1048:      constexpr
        -: 1049:      _Partial(_Arg __arg)
        -: 1050:	: _M_arg(std::move(__arg))
        -: 1051:      { }
        -: 1052:
        -: 1053:      template<typename _Range>
        -: 1054:	requires __adaptor_invocable<_Adaptor, _Range, const _Arg&>
        -: 1055:	constexpr auto
        -: 1056:	operator()(_Range&& __r) const
        -: 1057:	{ return _Adaptor{}(std::forward<_Range>(__r), _M_arg); }
        -: 1058:
        -: 1059:      static constexpr bool _S_has_simple_call_op = true;
        -: 1060:    };
        -: 1061:
        -: 1062:  template<typename _Lhs, typename _Rhs, typename _Range>
        -: 1063:    concept __pipe_invocable
        -: 1064:      = requires { std::declval<_Rhs>()(std::declval<_Lhs>()(std::declval<_Range>())); };
        -: 1065:
        -: 1066:  // A range adaptor closure that represents composition of the range
        -: 1067:  // adaptor closures _Lhs and _Rhs.
        -: 1068:  template<typename _Lhs, typename _Rhs>
        -: 1069:    struct _Pipe : _RangeAdaptorClosure
        -: 1070:    {
        -: 1071:      [[no_unique_address]] _Lhs _M_lhs;
        -: 1072:      [[no_unique_address]] _Rhs _M_rhs;
        -: 1073:
        -: 1074:      constexpr
        -: 1075:      _Pipe(_Lhs __lhs, _Rhs __rhs)
        -: 1076:	: _M_lhs(std::move(__lhs)), _M_rhs(std::move(__rhs))
        -: 1077:      { }
        -: 1078:
        -: 1079:      // Invoke _M_rhs(_M_lhs(__r)) according to the value category of this
        -: 1080:      // range adaptor closure object.
        -: 1081:      template<typename _Range>
        -: 1082:	requires __pipe_invocable<const _Lhs&, const _Rhs&, _Range>
        -: 1083:	constexpr auto
        -: 1084:	operator()(_Range&& __r) const &
        -: 1085:	{ return _M_rhs(_M_lhs(std::forward<_Range>(__r))); }
        -: 1086:
        -: 1087:      template<typename _Range>
        -: 1088:	requires __pipe_invocable<_Lhs, _Rhs, _Range>
        -: 1089:	constexpr auto
        -: 1090:	operator()(_Range&& __r) &&
        -: 1091:	{ return std::move(_M_rhs)(std::move(_M_lhs)(std::forward<_Range>(__r))); }
        -: 1092:
        -: 1093:      template<typename _Range>
        -: 1094:	constexpr auto
        -: 1095:	operator()(_Range&& __r) const && = delete;
        -: 1096:    };
        -: 1097:
        -: 1098:  // A partial specialization of the above primary template for the case where
        -: 1099:  // both adaptor operands have a simple operator().  This in turn lets us
        -: 1100:  // implement composition using a single simple operator(), which makes
        -: 1101:  // overload resolution failure diagnostics more concise.
        -: 1102:  template<typename _Lhs, typename _Rhs>
        -: 1103:    requires __closure_has_simple_call_op<_Lhs>
        -: 1104:      && __closure_has_simple_call_op<_Rhs>
        -: 1105:    struct _Pipe<_Lhs, _Rhs> : _RangeAdaptorClosure
        -: 1106:    {
        -: 1107:      [[no_unique_address]] _Lhs _M_lhs;
        -: 1108:      [[no_unique_address]] _Rhs _M_rhs;
        -: 1109:
        -: 1110:      constexpr
        -: 1111:      _Pipe(_Lhs __lhs, _Rhs __rhs)
        -: 1112:	: _M_lhs(std::move(__lhs)), _M_rhs(std::move(__rhs))
        -: 1113:      { }
        -: 1114:
        -: 1115:      template<typename _Range>
        -: 1116:	requires __pipe_invocable<const _Lhs&, const _Rhs&, _Range>
        -: 1117:	constexpr auto
        -: 1118:	operator()(_Range&& __r) const
        -: 1119:	{ return _M_rhs(_M_lhs(std::forward<_Range>(__r))); }
        -: 1120:
        -: 1121:      static constexpr bool _S_has_simple_call_op = true;
        -: 1122:    };
        -: 1123:} // namespace views::__adaptor
        -: 1124:
        -: 1125:#if __cplusplus > 202002L
        -: 1126:  template<typename _Derived>
        -: 1127:    requires is_class_v<_Derived> && same_as<_Derived, remove_cv_t<_Derived>>
        -: 1128:    class range_adaptor_closure
        -: 1129:    : public views::__adaptor::_RangeAdaptorClosure
        -: 1130:    { };
        -: 1131:#endif
        -: 1132:
        -: 1133:  template<range _Range> requires is_object_v<_Range>
        -: 1134:    class ref_view : public view_interface<ref_view<_Range>>
        -: 1135:    {
        -: 1136:    private:
        -: 1137:      _Range* _M_r;
        -: 1138:
        -: 1139:      static void _S_fun(_Range&); // not defined
        -: 1140:      static void _S_fun(_Range&&) = delete;
        -: 1141:
        -: 1142:    public:
        -: 1143:      template<__detail::__different_from<ref_view> _Tp>
        -: 1144:	requires convertible_to<_Tp, _Range&>
        -: 1145:	  && requires { _S_fun(declval<_Tp>()); }
        -: 1146:	constexpr
       46: 1147:	ref_view(_Tp&& __t)
        -: 1148:	noexcept(noexcept(static_cast<_Range&>(std::declval<_Tp>())))
       46: 1149:	  : _M_r(std::__addressof(static_cast<_Range&>(std::forward<_Tp>(__t))))
       46: 1150:	{ }
------------------
_ZNSt6ranges8ref_viewIKSt3mapIi10DisciplinaSt4lessIiESaISt4pairIKiS2_EEEEC1IRSA_EEOT_:
function _ZNSt6ranges8ref_viewIKSt3mapIi10DisciplinaSt4lessIiESaISt4pairIKiS2_EEEEC1IRSA_EEOT_ called 25 returned 100% blocks executed 100%
       25: 1147:	ref_view(_Tp&& __t)
        -: 1148:	noexcept(noexcept(static_cast<_Range&>(std::declval<_Tp>())))
       25: 1149:	  : _M_r(std::__addressof(static_cast<_Range&>(std::forward<_Tp>(__t))))
       25: 1149-block  0
call    0 returned 25
call    1 returned 25
       25: 1150:	{ }
------------------
_ZNSt6ranges8ref_viewISt3mapIi10DisciplinaSt4lessIiESaISt4pairIKiS2_EEEEC1IRS9_EEOT_:
function _ZNSt6ranges8ref_viewISt3mapIi10DisciplinaSt4lessIiESaISt4pairIKiS2_EEEEC1IRS9_EEOT_ called 21 returned 100% blocks executed 100%
       21: 1147:	ref_view(_Tp&& __t)
        -: 1148:	noexcept(noexcept(static_cast<_Range&>(std::declval<_Tp>())))
       21: 1149:	  : _M_r(std::__addressof(static_cast<_Range&>(std::forward<_Tp>(__t))))
       21: 1149-block  0
call    0 returned 21
call    1 returned 21
       21: 1150:	{ }
------------------
        -: 1151:
        -: 1152:      constexpr _Range&
        -: 1153:      base() const
        -: 1154:      { return *_M_r; }
        -: 1155:
        -: 1156:      constexpr iterator_t<_Range>
       46: 1157:      begin() const
       46: 1158:      { return ranges::begin(*_M_r); }
------------------
_ZNKSt6ranges8ref_viewIKSt3mapIi10DisciplinaSt4lessIiESaISt4pairIKiS2_EEEE5beginEv:
function _ZNKSt6ranges8ref_viewIKSt3mapIi10DisciplinaSt4lessIiESaISt4pairIKiS2_EEEE5beginEv called 25 returned 100% blocks executed 100%
       25: 1157:      begin() const
       25: 1158:      { return ranges::begin(*_M_r); }
       25: 1158-block  0
call    0 returned 25
------------------
_ZNKSt6ranges8ref_viewISt3mapIi10DisciplinaSt4lessIiESaISt4pairIKiS2_EEEE5beginEv:
function _ZNKSt6ranges8ref_viewISt3mapIi10DisciplinaSt4lessIiESaISt4pairIKiS2_EEEE5beginEv called 21 returned 100% blocks executed 100%
       21: 1157:      begin() const
       21: 1158:      { return ranges::begin(*_M_r); }
       21: 1158-block  0
call    0 returned 21
------------------
        -: 1159:
        -: 1160:      constexpr sentinel_t<_Range>
       46: 1161:      end() const
       46: 1162:      { return ranges::end(*_M_r); }
------------------
_ZNKSt6ranges8ref_viewIKSt3mapIi10DisciplinaSt4lessIiESaISt4pairIKiS2_EEEE3endEv:
function _ZNKSt6ranges8ref_viewIKSt3mapIi10DisciplinaSt4lessIiESaISt4pairIKiS2_EEEE3endEv called 25 returned 100% blocks executed 100%
       25: 1161:      end() const
       25: 1162:      { return ranges::end(*_M_r); }
       25: 1162-block  0
call    0 returned 25
------------------
_ZNKSt6ranges8ref_viewISt3mapIi10DisciplinaSt4lessIiESaISt4pairIKiS2_EEEE3endEv:
function _ZNKSt6ranges8ref_viewISt3mapIi10DisciplinaSt4lessIiESaISt4pairIKiS2_EEEE3endEv called 21 returned 100% blocks executed 100%
       21: 1161:      end() const
       21: 1162:      { return ranges::end(*_M_r); }
       21: 1162-block  0
call    0 returned 21
------------------
        -: 1163:
        -: 1164:      constexpr bool
        -: 1165:      empty() const requires requires { ranges::empty(*_M_r); }
        -: 1166:      { return ranges::empty(*_M_r); }
        -: 1167:
        -: 1168:      constexpr auto
        -: 1169:      size() const requires sized_range<_Range>
        -: 1170:      { return ranges::size(*_M_r); }
        -: 1171:
        -: 1172:      constexpr auto
        -: 1173:      data() const requires contiguous_range<_Range>
        -: 1174:      { return ranges::data(*_M_r); }
        -: 1175:    };
        -: 1176:
        -: 1177:  template<typename _Range>
        -: 1178:    ref_view(_Range&) -> ref_view<_Range>;
        -: 1179:
        -: 1180:  template<typename _Tp>
        -: 1181:    inline constexpr bool enable_borrowed_range<ref_view<_Tp>> = true;
        -: 1182:
        -: 1183:  template<range _Range>
        -: 1184:    requires movable<_Range>
        -: 1185:      && (!__detail::__is_initializer_list<remove_cv_t<_Range>>)
        -: 1186:    class owning_view : public view_interface<owning_view<_Range>>
        -: 1187:    {
        -: 1188:    private:
        -: 1189:      _Range _M_r = _Range();
        -: 1190:
        -: 1191:    public:
        -: 1192:      owning_view() requires default_initializable<_Range> = default;
        -: 1193:
        -: 1194:      constexpr
        -: 1195:      owning_view(_Range&& __t)
        -: 1196:      noexcept(is_nothrow_move_constructible_v<_Range>)
        -: 1197:	: _M_r(std::move(__t))
        -: 1198:      { }
        -: 1199:
        -: 1200:      owning_view(owning_view&&) = default;
        -: 1201:      owning_view& operator=(owning_view&&) = default;
        -: 1202:
        -: 1203:      constexpr _Range&
        -: 1204:      base() & noexcept
        -: 1205:      { return _M_r; }
        -: 1206:
        -: 1207:      constexpr const _Range&
        -: 1208:      base() const& noexcept
        -: 1209:      { return _M_r; }
        -: 1210:
        -: 1211:      constexpr _Range&&
        -: 1212:      base() && noexcept
        -: 1213:      { return std::move(_M_r); }
        -: 1214:
        -: 1215:      constexpr const _Range&&
        -: 1216:      base() const&& noexcept
        -: 1217:      { return std::move(_M_r); }
        -: 1218:
        -: 1219:      constexpr iterator_t<_Range>
        -: 1220:      begin()
        -: 1221:      { return ranges::begin(_M_r); }
        -: 1222:
        -: 1223:      constexpr sentinel_t<_Range>
        -: 1224:      end()
        -: 1225:      { return ranges::end(_M_r); }
        -: 1226:
        -: 1227:      constexpr auto
        -: 1228:      begin() const requires range<const _Range>
        -: 1229:      { return ranges::begin(_M_r); }
        -: 1230:
        -: 1231:      constexpr auto
        -: 1232:      end() const requires range<const _Range>
        -: 1233:      { return ranges::end(_M_r); }
        -: 1234:
        -: 1235:      constexpr bool
        -: 1236:      empty() requires requires { ranges::empty(_M_r); }
        -: 1237:      { return ranges::empty(_M_r); }
        -: 1238:
        -: 1239:      constexpr bool
        -: 1240:      empty() const requires requires { ranges::empty(_M_r); }
        -: 1241:      { return ranges::empty(_M_r); }
        -: 1242:
        -: 1243:      constexpr auto
        -: 1244:      size() requires sized_range<_Range>
        -: 1245:      { return ranges::size(_M_r); }
        -: 1246:
        -: 1247:      constexpr auto
        -: 1248:      size() const requires sized_range<const _Range>
        -: 1249:      { return ranges::size(_M_r); }
        -: 1250:
        -: 1251:      constexpr auto
        -: 1252:      data() requires contiguous_range<_Range>
        -: 1253:      { return ranges::data(_M_r); }
        -: 1254:
        -: 1255:      constexpr auto
        -: 1256:      data() const requires contiguous_range<const _Range>
        -: 1257:      { return ranges::data(_M_r); }
        -: 1258:    };
        -: 1259:
        -: 1260:  template<typename _Tp>
        -: 1261:    inline constexpr bool enable_borrowed_range<owning_view<_Tp>>
        -: 1262:      = enable_borrowed_range<_Tp>;
        -: 1263:
        -: 1264:  namespace views
        -: 1265:  {
        -: 1266:    namespace __detail
        -: 1267:    {
        -: 1268:      template<typename _Range>
        -: 1269:	concept __can_ref_view = requires { ref_view{std::declval<_Range>()}; };
        -: 1270:
        -: 1271:      template<typename _Range>
        -: 1272:	concept __can_owning_view = requires { owning_view{std::declval<_Range>()}; };
        -: 1273:    } // namespace __detail
        -: 1274:
        -: 1275:    struct _All : __adaptor::_RangeAdaptorClosure
        -: 1276:    {
        -: 1277:      template<typename _Range>
        -: 1278:	static constexpr bool
        -: 1279:	_S_noexcept()
        -: 1280:	{
        -: 1281:	  if constexpr (view<decay_t<_Range>>)
        -: 1282:	    return is_nothrow_constructible_v<decay_t<_Range>, _Range>;
        -: 1283:	  else if constexpr (__detail::__can_ref_view<_Range>)
        -: 1284:	    return true;
        -: 1285:	  else
        -: 1286:	    return noexcept(owning_view{std::declval<_Range>()});
        -: 1287:	}
        -: 1288:
        -: 1289:      template<viewable_range _Range>
        -: 1290:	requires view<decay_t<_Range>>
        -: 1291:	  || __detail::__can_ref_view<_Range>
        -: 1292:	  || __detail::__can_owning_view<_Range>
        -: 1293:	constexpr auto
        -: 1294:	operator() [[nodiscard]] (_Range&& __r) const
        -: 1295:	noexcept(_S_noexcept<_Range>())
        -: 1296:	{
        -: 1297:	  if constexpr (view<decay_t<_Range>>)
        -: 1298:	    return std::forward<_Range>(__r);
        -: 1299:	  else if constexpr (__detail::__can_ref_view<_Range>)
        -: 1300:	    return ref_view{std::forward<_Range>(__r)};
        -: 1301:	  else
        -: 1302:	    return owning_view{std::forward<_Range>(__r)};
        -: 1303:	}
        -: 1304:
        -: 1305:      static constexpr bool _S_has_simple_call_op = true;
        -: 1306:    };
        -: 1307:
        -: 1308:    inline constexpr _All all;
        -: 1309:
        -: 1310:    template<viewable_range _Range>
        -: 1311:      using all_t = decltype(all(std::declval<_Range>()));
        -: 1312:  } // namespace views
        -: 1313:
        -: 1314:  namespace __detail
        -: 1315:  {
        -: 1316:    template<typename _Tp>
        -: 1317:      struct __non_propagating_cache
        -: 1318:      {
        -: 1319:	// When _Tp is not an object type (e.g. is a reference type), we make
        -: 1320:	// __non_propagating_cache<_Tp> empty rather than ill-formed so that
        -: 1321:	// users can easily conditionally declare data members with this type
        -: 1322:	// (such as join_view::_M_inner).
        -: 1323:      };
        -: 1324:
        -: 1325:    template<typename _Tp>
        -: 1326:      requires is_object_v<_Tp>
        -: 1327:      struct __non_propagating_cache<_Tp>
        -: 1328:      : protected _Optional_base<_Tp>
        -: 1329:      {
        -: 1330:	__non_propagating_cache() = default;
        -: 1331:
        -: 1332:	constexpr
        -: 1333:	__non_propagating_cache(const __non_propagating_cache&) noexcept
        -: 1334:	{ }
        -: 1335:
        -: 1336:	constexpr
        -: 1337:	__non_propagating_cache(__non_propagating_cache&& __other) noexcept
        -: 1338:	{ __other._M_reset(); }
        -: 1339:
        -: 1340:	constexpr __non_propagating_cache&
        -: 1341:	operator=(const __non_propagating_cache& __other) noexcept
        -: 1342:	{
        -: 1343:	  if (std::__addressof(__other) != this)
        -: 1344:	    this->_M_reset();
        -: 1345:	  return *this;
        -: 1346:	}
        -: 1347:
        -: 1348:	constexpr __non_propagating_cache&
        -: 1349:	operator=(__non_propagating_cache&& __other) noexcept
        -: 1350:	{
        -: 1351:	  this->_M_reset();
        -: 1352:	  __other._M_reset();
        -: 1353:	  return *this;
        -: 1354:	}
        -: 1355:
        -: 1356:	constexpr __non_propagating_cache&
        -: 1357:	operator=(_Tp __val)
        -: 1358:	{
        -: 1359:	  this->_M_reset();
        -: 1360:	  this->_M_payload._M_construct(std::move(__val));
        -: 1361:	  return *this;
        -: 1362:	}
        -: 1363:
        -: 1364:	constexpr explicit
        -: 1365:	operator bool() const noexcept
        -: 1366:	{ return this->_M_is_engaged(); }
        -: 1367:
        -: 1368:	constexpr _Tp&
        -: 1369:	operator*() noexcept
        -: 1370:	{ return this->_M_get(); }
        -: 1371:
        -: 1372:	constexpr const _Tp&
        -: 1373:	operator*() const noexcept
        -: 1374:	{ return this->_M_get(); }
        -: 1375:
        -: 1376:	template<typename _Iter>
        -: 1377:	  constexpr _Tp&
        -: 1378:	  _M_emplace_deref(const _Iter& __i)
        -: 1379:	  {
        -: 1380:	    this->_M_reset();
        -: 1381:	    auto __f = [] (auto& __x) { return *__x; };
        -: 1382:	    this->_M_payload._M_apply(_Optional_func{__f}, __i);
        -: 1383:	    return this->_M_get();
        -: 1384:	  }
        -: 1385:      };
        -: 1386:
        -: 1387:    template<range _Range>
        -: 1388:      struct _CachedPosition
        -: 1389:      {
        -: 1390:	constexpr bool
        -: 1391:	_M_has_value() const
        -: 1392:	{ return false; }
        -: 1393:
        -: 1394:	constexpr iterator_t<_Range>
        -: 1395:	_M_get(const _Range&) const
        -: 1396:	{
        -: 1397:	  __glibcxx_assert(false);
        -: 1398:	  __builtin_unreachable();
        -: 1399:	}
        -: 1400:
        -: 1401:	constexpr void
        -: 1402:	_M_set(const _Range&, const iterator_t<_Range>&) const
        -: 1403:	{ }
        -: 1404:      };
        -: 1405:
        -: 1406:    template<forward_range _Range>
        -: 1407:      struct _CachedPosition<_Range>
        -: 1408:	: protected __non_propagating_cache<iterator_t<_Range>>
        -: 1409:      {
        -: 1410:	constexpr bool
        -: 1411:	_M_has_value() const
        -: 1412:	{ return this->_M_is_engaged(); }
        -: 1413:
        -: 1414:	constexpr iterator_t<_Range>
        -: 1415:	_M_get(const _Range&) const
        -: 1416:	{
        -: 1417:	  __glibcxx_assert(_M_has_value());
        -: 1418:	  return **this;
        -: 1419:	}
        -: 1420:
        -: 1421:	constexpr void
        -: 1422:	_M_set(const _Range&, const iterator_t<_Range>& __it)
        -: 1423:	{
        -: 1424:	  __glibcxx_assert(!_M_has_value());
        -: 1425:	  std::construct_at(std::__addressof(this->_M_payload._M_payload),
        -: 1426:			    in_place, __it);
        -: 1427:	  this->_M_payload._M_engaged = true;
        -: 1428:	}
        -: 1429:      };
        -: 1430:
        -: 1431:    template<random_access_range _Range>
        -: 1432:      requires (sizeof(range_difference_t<_Range>)
        -: 1433:		<= sizeof(iterator_t<_Range>))
        -: 1434:      struct _CachedPosition<_Range>
        -: 1435:      {
        -: 1436:      private:
        -: 1437:	range_difference_t<_Range> _M_offset = -1;
        -: 1438:
        -: 1439:      public:
        -: 1440:	_CachedPosition() = default;
        -: 1441:
        -: 1442:	constexpr
        -: 1443:	_CachedPosition(const _CachedPosition&) = default;
        -: 1444:
        -: 1445:	constexpr
        -: 1446:	_CachedPosition(_CachedPosition&& __other) noexcept
        -: 1447:	{ *this = std::move(__other); }
        -: 1448:
        -: 1449:	constexpr _CachedPosition&
        -: 1450:	operator=(const _CachedPosition&) = default;
        -: 1451:
        -: 1452:	constexpr _CachedPosition&
        -: 1453:	operator=(_CachedPosition&& __other) noexcept
        -: 1454:	{
        -: 1455:	  // Propagate the cached offset, but invalidate the source.
        -: 1456:	  _M_offset = __other._M_offset;
        -: 1457:	  __other._M_offset = -1;
        -: 1458:	  return *this;
        -: 1459:	}
        -: 1460:
        -: 1461:	constexpr bool
        -: 1462:	_M_has_value() const
        -: 1463:	{ return _M_offset >= 0; }
        -: 1464:
        -: 1465:	constexpr iterator_t<_Range>
        -: 1466:	_M_get(_Range& __r) const
        -: 1467:	{
        -: 1468:	  __glibcxx_assert(_M_has_value());
        -: 1469:	  return ranges::begin(__r) + _M_offset;
        -: 1470:	}
        -: 1471:
        -: 1472:	constexpr void
        -: 1473:	_M_set(_Range& __r, const iterator_t<_Range>& __it)
        -: 1474:	{
        -: 1475:	  __glibcxx_assert(!_M_has_value());
        -: 1476:	  _M_offset = __it - ranges::begin(__r);
        -: 1477:	}
        -: 1478:      };
        -: 1479:  } // namespace __detail
        -: 1480:
        -: 1481:  namespace __detail
        -: 1482:  {
        -: 1483:    template<typename _Base>
        -: 1484:      struct __filter_view_iter_cat
        -: 1485:      { };
        -: 1486:
        -: 1487:    template<forward_range _Base>
        -: 1488:      struct __filter_view_iter_cat<_Base>
        -: 1489:      {
        -: 1490:      private:
        -: 1491:	static auto
        -: 1492:	_S_iter_cat()
        -: 1493:	{
        -: 1494:	  using _Cat = typename iterator_traits<iterator_t<_Base>>::iterator_category;
        -: 1495:	  if constexpr (derived_from<_Cat, bidirectional_iterator_tag>)
        -: 1496:	    return bidirectional_iterator_tag{};
        -: 1497:	  else if constexpr (derived_from<_Cat, forward_iterator_tag>)
        -: 1498:	    return forward_iterator_tag{};
        -: 1499:	  else
        -: 1500:	    return _Cat{};
        -: 1501:	}
        -: 1502:      public:
        -: 1503:	using iterator_category = decltype(_S_iter_cat());
        -: 1504:      };
        -: 1505:  } // namespace __detail
        -: 1506:
        -: 1507:  template<input_range _Vp,
        -: 1508:	   indirect_unary_predicate<iterator_t<_Vp>> _Pred>
        -: 1509:    requires view<_Vp> && is_object_v<_Pred>
        -: 1510:    class filter_view : public view_interface<filter_view<_Vp, _Pred>>
        -: 1511:    {
        -: 1512:    private:
        -: 1513:      struct _Sentinel;
        -: 1514:
        -: 1515:      struct _Iterator : __detail::__filter_view_iter_cat<_Vp>
        -: 1516:      {
        -: 1517:      private:
        -: 1518:	static constexpr auto
        -: 1519:	_S_iter_concept()
        -: 1520:	{
        -: 1521:	  if constexpr (bidirectional_range<_Vp>)
        -: 1522:	    return bidirectional_iterator_tag{};
        -: 1523:	  else if constexpr (forward_range<_Vp>)
        -: 1524:	    return forward_iterator_tag{};
        -: 1525:	  else
        -: 1526:	    return input_iterator_tag{};
        -: 1527:	}
        -: 1528:
        -: 1529:	friend filter_view;
        -: 1530:
        -: 1531:	using _Vp_iter = iterator_t<_Vp>;
        -: 1532:
        -: 1533:	_Vp_iter _M_current = _Vp_iter();
        -: 1534:	filter_view* _M_parent = nullptr;
        -: 1535:
        -: 1536:      public:
        -: 1537:	using iterator_concept = decltype(_S_iter_concept());
        -: 1538:	// iterator_category defined in __filter_view_iter_cat
        -: 1539:	using value_type = range_value_t<_Vp>;
        -: 1540:	using difference_type = range_difference_t<_Vp>;
        -: 1541:
        -: 1542:	_Iterator() requires default_initializable<_Vp_iter> = default;
        -: 1543:
        -: 1544:	constexpr
        -: 1545:	_Iterator(filter_view* __parent, _Vp_iter __current)
        -: 1546:	  : _M_current(std::move(__current)),
        -: 1547:	    _M_parent(__parent)
        -: 1548:	{ }
        -: 1549:
        -: 1550:	constexpr const _Vp_iter&
        -: 1551:	base() const & noexcept
        -: 1552:	{ return _M_current; }
        -: 1553:
        -: 1554:	constexpr _Vp_iter
        -: 1555:	base() &&
        -: 1556:	{ return std::move(_M_current); }
        -: 1557:
        -: 1558:	constexpr range_reference_t<_Vp>
        -: 1559:	operator*() const
        -: 1560:	{ return *_M_current; }
        -: 1561:
        -: 1562:	constexpr _Vp_iter
        -: 1563:	operator->() const
        -: 1564:	  requires __detail::__has_arrow<_Vp_iter>
        -: 1565:	    && copyable<_Vp_iter>
        -: 1566:	{ return _M_current; }
        -: 1567:
        -: 1568:	constexpr _Iterator&
        -: 1569:	operator++()
        -: 1570:	{
        -: 1571:	  _M_current = ranges::find_if(std::move(++_M_current),
        -: 1572:				       ranges::end(_M_parent->_M_base),
        -: 1573:				       std::ref(*_M_parent->_M_pred));
        -: 1574:	  return *this;
        -: 1575:	}
        -: 1576:
        -: 1577:	constexpr void
        -: 1578:	operator++(int)
        -: 1579:	{ ++*this; }
        -: 1580:
        -: 1581:	constexpr _Iterator
        -: 1582:	operator++(int) requires forward_range<_Vp>
        -: 1583:	{
        -: 1584:	  auto __tmp = *this;
        -: 1585:	  ++*this;
        -: 1586:	  return __tmp;
        -: 1587:	}
        -: 1588:
        -: 1589:	constexpr _Iterator&
        -: 1590:	operator--() requires bidirectional_range<_Vp>
        -: 1591:	{
        -: 1592:	  do
        -: 1593:	    --_M_current;
        -: 1594:	  while (!std::__invoke(*_M_parent->_M_pred, *_M_current));
        -: 1595:	  return *this;
        -: 1596:	}
        -: 1597:
        -: 1598:	constexpr _Iterator
        -: 1599:	operator--(int) requires bidirectional_range<_Vp>
        -: 1600:	{
        -: 1601:	  auto __tmp = *this;
        -: 1602:	  --*this;
        -: 1603:	  return __tmp;
        -: 1604:	}
        -: 1605:
        -: 1606:	friend constexpr bool
        -: 1607:	operator==(const _Iterator& __x, const _Iterator& __y)
        -: 1608:	  requires equality_comparable<_Vp_iter>
        -: 1609:	{ return __x._M_current == __y._M_current; }
        -: 1610:
        -: 1611:	friend constexpr range_rvalue_reference_t<_Vp>
        -: 1612:	iter_move(const _Iterator& __i)
        -: 1613:	  noexcept(noexcept(ranges::iter_move(__i._M_current)))
        -: 1614:	{ return ranges::iter_move(__i._M_current); }
        -: 1615:
        -: 1616:	friend constexpr void
        -: 1617:	iter_swap(const _Iterator& __x, const _Iterator& __y)
        -: 1618:	  noexcept(noexcept(ranges::iter_swap(__x._M_current, __y._M_current)))
        -: 1619:	  requires indirectly_swappable<_Vp_iter>
        -: 1620:	{ ranges::iter_swap(__x._M_current, __y._M_current); }
        -: 1621:      };
        -: 1622:
        -: 1623:      struct _Sentinel
        -: 1624:      {
        -: 1625:      private:
        -: 1626:	sentinel_t<_Vp> _M_end = sentinel_t<_Vp>();
        -: 1627:
        -: 1628:	constexpr bool
        -: 1629:	__equal(const _Iterator& __i) const
        -: 1630:	{ return __i._M_current == _M_end; }
        -: 1631:
        -: 1632:      public:
        -: 1633:	_Sentinel() = default;
        -: 1634:
        -: 1635:	constexpr explicit
        -: 1636:	_Sentinel(filter_view* __parent)
        -: 1637:	  : _M_end(ranges::end(__parent->_M_base))
        -: 1638:	{ }
        -: 1639:
        -: 1640:	constexpr sentinel_t<_Vp>
        -: 1641:	base() const
        -: 1642:	{ return _M_end; }
        -: 1643:
        -: 1644:	friend constexpr bool
        -: 1645:	operator==(const _Iterator& __x, const _Sentinel& __y)
        -: 1646:	{ return __y.__equal(__x); }
        -: 1647:      };
        -: 1648:
        -: 1649:      _Vp _M_base = _Vp();
        -: 1650:      [[no_unique_address]] __detail::__box<_Pred> _M_pred;
        -: 1651:      [[no_unique_address]] __detail::_CachedPosition<_Vp> _M_cached_begin;
        -: 1652:
        -: 1653:    public:
        -: 1654:      filter_view() requires (default_initializable<_Vp>
        -: 1655:			      && default_initializable<_Pred>)
        -: 1656:	= default;
        -: 1657:
        -: 1658:      constexpr
        -: 1659:      filter_view(_Vp __base, _Pred __pred)
        -: 1660:	: _M_base(std::move(__base)), _M_pred(std::move(__pred))
        -: 1661:      { }
        -: 1662:
        -: 1663:      constexpr _Vp
        -: 1664:      base() const& requires copy_constructible<_Vp>
        -: 1665:      { return _M_base; }
        -: 1666:
        -: 1667:      constexpr _Vp
        -: 1668:      base() &&
        -: 1669:      { return std::move(_M_base); }
        -: 1670:
        -: 1671:      constexpr const _Pred&
        -: 1672:      pred() const
        -: 1673:      { return *_M_pred; }
        -: 1674:
        -: 1675:      constexpr _Iterator
        -: 1676:      begin()
        -: 1677:      {
        -: 1678:	if (_M_cached_begin._M_has_value())
        -: 1679:	  return {this, _M_cached_begin._M_get(_M_base)};
        -: 1680:
        -: 1681:	__glibcxx_assert(_M_pred.has_value());
        -: 1682:	auto __it = ranges::find_if(ranges::begin(_M_base),
        -: 1683:				    ranges::end(_M_base),
        -: 1684:				    std::ref(*_M_pred));
        -: 1685:	_M_cached_begin._M_set(_M_base, __it);
        -: 1686:	return {this, std::move(__it)};
        -: 1687:      }
        -: 1688:
        -: 1689:      constexpr auto
        -: 1690:      end()
        -: 1691:      {
        -: 1692:	if constexpr (common_range<_Vp>)
        -: 1693:	  return _Iterator{this, ranges::end(_M_base)};
        -: 1694:	else
        -: 1695:	  return _Sentinel{this};
        -: 1696:      }
        -: 1697:    };
        -: 1698:
        -: 1699:  template<typename _Range, typename _Pred>
        -: 1700:    filter_view(_Range&&, _Pred) -> filter_view<views::all_t<_Range>, _Pred>;
        -: 1701:
        -: 1702:  namespace views
        -: 1703:  {
        -: 1704:    namespace __detail
        -: 1705:    {
        -: 1706:      template<typename _Range, typename _Pred>
        -: 1707:	concept __can_filter_view
        -: 1708:	  = requires { filter_view(std::declval<_Range>(), std::declval<_Pred>()); };
        -: 1709:    } // namespace __detail
        -: 1710:
        -: 1711:    struct _Filter : __adaptor::_RangeAdaptor<_Filter>
        -: 1712:    {
        -: 1713:      template<viewable_range _Range, typename _Pred>
        -: 1714:	requires __detail::__can_filter_view<_Range, _Pred>
        -: 1715:	constexpr auto
        -: 1716:	operator() [[nodiscard]] (_Range&& __r, _Pred&& __p) const
        -: 1717:	{
        -: 1718:	  return filter_view(std::forward<_Range>(__r), std::forward<_Pred>(__p));
        -: 1719:	}
        -: 1720:
        -: 1721:      using _RangeAdaptor<_Filter>::operator();
        -: 1722:      static constexpr int _S_arity = 2;
        -: 1723:      static constexpr bool _S_has_simple_extra_args = true;
        -: 1724:    };
        -: 1725:
        -: 1726:    inline constexpr _Filter filter;
        -: 1727:  } // namespace views
        -: 1728:
        -: 1729:  template<input_range _Vp, copy_constructible _Fp>
        -: 1730:    requires view<_Vp> && is_object_v<_Fp>
        -: 1731:      && regular_invocable<_Fp&, range_reference_t<_Vp>>
        -: 1732:      && std::__detail::__can_reference<invoke_result_t<_Fp&,
        -: 1733:							range_reference_t<_Vp>>>
        -: 1734:    class transform_view : public view_interface<transform_view<_Vp, _Fp>>
        -: 1735:    {
        -: 1736:    private:
        -: 1737:      template<bool _Const>
        -: 1738:	using _Base = __detail::__maybe_const_t<_Const, _Vp>;
        -: 1739:
        -: 1740:      template<bool _Const>
        -: 1741:	struct __iter_cat
        -: 1742:	{ };
        -: 1743:
        -: 1744:      template<bool _Const>
        -: 1745:	requires forward_range<_Base<_Const>>
        -: 1746:	struct __iter_cat<_Const>
        -: 1747:	{
        -: 1748:	private:
        -: 1749:	  static auto
        -: 1750:	  _S_iter_cat()
        -: 1751:	  {
        -: 1752:	    using _Base = transform_view::_Base<_Const>;
        -: 1753:	    using _Res = invoke_result_t<_Fp&, range_reference_t<_Base>>;
        -: 1754:	    if constexpr (is_lvalue_reference_v<_Res>)
        -: 1755:	      {
        -: 1756:		using _Cat
        -: 1757:		  = typename iterator_traits<iterator_t<_Base>>::iterator_category;
[...]
        -: 8601:    size() const requires sized_range<const _Vp>
        -: 8602:    { return ranges::size(_M_base); }
        -: 8603:  };
        -: 8604:
        -: 8605:  template<typename _Range>
        -: 8606:    as_rvalue_view(_Range&&) -> as_rvalue_view<views::all_t<_Range>>;
        -: 8607:
        -: 8608:  template<typename _Tp>
        -: 8609:    inline constexpr bool enable_borrowed_range<as_rvalue_view<_Tp>>
        -: 8610:      = enable_borrowed_range<_Tp>;
        -: 8611:
        -: 8612:  namespace views
        -: 8613:  {
        -: 8614:    namespace __detail
        -: 8615:    {
        -: 8616:      template<typename _Tp>
        -: 8617:	concept __can_as_rvalue_view = requires { as_rvalue_view(std::declval<_Tp>()); };
        -: 8618:    }
        -: 8619:
        -: 8620:    struct _AsRvalue : __adaptor::_RangeAdaptorClosure
        -: 8621:    {
        -: 8622:      template<viewable_range _Range>
        -: 8623:	requires __detail::__can_as_rvalue_view<_Range>
        -: 8624:	constexpr auto
        -: 8625:	operator() [[nodiscard]] (_Range&& __r) const
        -: 8626:	{
        -: 8627:	  if constexpr (same_as<range_rvalue_reference_t<_Range>,
        -: 8628:				range_reference_t<_Range>>)
        -: 8629:	    return views::all(std::forward<_Range>(__r));
        -: 8630:	  else
        -: 8631:	    return as_rvalue_view(std::forward<_Range>(__r));
        -: 8632:	}
        -: 8633:    };
        -: 8634:
        -: 8635:    inline constexpr _AsRvalue as_rvalue;
        -: 8636:  }
        -: 8637:
        -: 8638:#define __cpp_lib_ranges_enumerate 202302L
        -: 8639:
        -: 8640:  namespace __detail
        -: 8641:  {
        -: 8642:    template<typename _Range>
        -: 8643:      concept __range_with_movable_reference = input_range<_Range>
        -: 8644:	&& move_constructible<range_reference_t<_Range>>
        -: 8645:	&& move_constructible<range_rvalue_reference_t<_Range>>;
        -: 8646:  }
        -: 8647:
        -: 8648:  template<view _Vp>
        -: 8649:    requires __detail::__range_with_movable_reference<_Vp>
        -: 8650:  class enumerate_view : public view_interface<enumerate_view<_Vp>>
        -: 8651:  {
        -: 8652:    _Vp _M_base = _Vp();
        -: 8653:
        -: 8654:    template<bool _Const> class _Iterator;
        -: 8655:    template<bool _Const> class _Sentinel;
        -: 8656:
        -: 8657:  public:
        -: 8658:    enumerate_view() requires default_initializable<_Vp> = default;
        -: 8659:
        -: 8660:    constexpr explicit
        -: 8661:    enumerate_view(_Vp __base)
        -: 8662:    : _M_base(std::move(__base))
        -: 8663:    { }
        -: 8664:
        -: 8665:    constexpr auto
        -: 8666:    begin() requires (!__detail::__simple_view<_Vp>)
        -: 8667:    { return _Iterator<false>(ranges::begin(_M_base), 0); }
        -: 8668:
        -: 8669:    constexpr auto
        -: 8670:    begin() const requires __detail::__range_with_movable_reference<const _Vp>
        -: 8671:    { return _Iterator<true>(ranges::begin(_M_base), 0); }
        -: 8672:
        -: 8673:    constexpr auto
        -: 8674:    end() requires (!__detail::__simple_view<_Vp>)
        -: 8675:    {
        -: 8676:      if constexpr (common_range<_Vp> && sized_range<_Vp>)
        -: 8677:	return _Iterator<false>(ranges::end(_M_base), ranges::distance(_M_base));
        -: 8678:      else
        -: 8679:	return _Sentinel<false>(ranges::end(_M_base));
        -: 8680:    }
        -: 8681:
        -: 8682:    constexpr auto
        -: 8683:    end() const requires __detail::__range_with_movable_reference<const _Vp>
        -: 8684:    {
        -: 8685:      if constexpr (common_range<const _Vp> && sized_range<const _Vp>)
        -: 8686:	return _Iterator<true>(ranges::end(_M_base), ranges::distance(_M_base));
        -: 8687:      else
        -: 8688:	return _Sentinel<true>(ranges::end(_M_base));
        -: 8689:    }
        -: 8690:
        -: 8691:    constexpr auto
        -: 8692:    size() requires sized_range<_Vp>
        -: 8693:    { return ranges::size(_M_base); }
        -: 8694:
        -: 8695:    constexpr auto
        -: 8696:    size() const requires sized_range<const _Vp>
        -: 8697:    { return ranges::size(_M_base); }
        -: 8698:
        -: 8699:    constexpr _Vp
        -: 8700:    base() const & requires copy_constructible<_Vp>
        -: 8701:    { return _M_base; }
        -: 8702:
        -: 8703:    constexpr _Vp
        -: 8704:    base() &&
        -: 8705:    { return std::move(_M_base); }
        -: 8706:  };
        -: 8707:
        -: 8708:  template<typename _Range>
        -: 8709:    enumerate_view(_Range&&) -> enumerate_view<views::all_t<_Range>>;
        -: 8710:
        -: 8711:  template<typename _Tp>
        -: 8712:    inline constexpr bool enable_borrowed_range<enumerate_view<_Tp>>
        -: 8713:      = enable_borrowed_range<_Tp>;
        -: 8714:
        -: 8715:  template<view _Vp>
        -: 8716:  requires __detail::__range_with_movable_reference<_Vp>
        -: 8717:  template<bool _Const>
        -: 8718:  class enumerate_view<_Vp>::_Iterator
        -: 8719:  {
        -: 8720:    using _Base = __maybe_const_t<_Const, _Vp>;
        -: 8721:
        -: 8722:    static auto
        -: 8723:    _S_iter_concept()
        -: 8724:    {
        -: 8725:      if constexpr (random_access_range<_Base>)
        -: 8726:	return random_access_iterator_tag{};
        -: 8727:      else if constexpr (bidirectional_range<_Base>)
        -: 8728:	return bidirectional_iterator_tag{};
        -: 8729:      else if constexpr (forward_range<_Base>)
        -: 8730:	return forward_iterator_tag{};
        -: 8731:      else
        -: 8732:	return input_iterator_tag{};
        -: 8733:    }
        -: 8734:
        -: 8735:    friend enumerate_view;
        -: 8736:
        -: 8737:  public:
        -: 8738:    using iterator_category = input_iterator_tag;
        -: 8739:    using iterator_concept = decltype(_S_iter_concept());
        -: 8740:    using difference_type = range_difference_t<_Base>;
        -: 8741:    using value_type = tuple<difference_type, range_value_t<_Base>>;
        -: 8742:
        -: 8743:  private:
        -: 8744:    using __reference_type = tuple<difference_type, range_reference_t<_Base>>;
        -: 8745:
        -: 8746:    iterator_t<_Base> _M_current = iterator_t<_Base>();
        -: 8747:    difference_type _M_pos = 0;
        -: 8748:
        -: 8749:    constexpr explicit
        -: 8750:    _Iterator(iterator_t<_Base> __current, difference_type __pos)
        -: 8751:    : _M_current(std::move(__current)), _M_pos(__pos)
        -: 8752:    { }
        -: 8753:
        -: 8754:  public:
        -: 8755:    _Iterator() requires default_initializable<iterator_t<_Base>> = default;
        -: 8756:
        -: 8757:    constexpr
        -: 8758:    _Iterator(_Iterator<!_Const> __i)
        -: 8759:    requires _Const && convertible_to<iterator_t<_Vp>, iterator_t<_Base>>
        -: 8760:    : _M_current(std::move(__i._M_current)), _M_pos(__i._M_pos)
        -: 8761:    { }
        -: 8762:
        -: 8763:    constexpr const iterator_t<_Base> &
        -: 8764:    base() const & noexcept
        -: 8765:    { return _M_current; }
        -: 8766:
        -: 8767:    constexpr iterator_t<_Base>
        -: 8768:    base() &&
        -: 8769:    { return std::move(_M_current); }
        -: 8770:
        -: 8771:    constexpr difference_type
        -: 8772:    index() const noexcept
        -: 8773:    { return _M_pos; }
        -: 8774:
        -: 8775:    constexpr auto
        -: 8776:    operator*() const
        -: 8777:    { return __reference_type(_M_pos, *_M_current); }
        -: 8778:
        -: 8779:    constexpr _Iterator&
        -: 8780:    operator++()
        -: 8781:    {
        -: 8782:      ++_M_current;
        -: 8783:      ++_M_pos;
        -: 8784:      return *this;
        -: 8785:    }
        -: 8786:
        -: 8787:    constexpr void
        -: 8788:    operator++(int)
        -: 8789:    { ++*this; }
        -: 8790:
        -: 8791:    constexpr _Iterator
        -: 8792:    operator++(int) requires forward_range<_Base>
        -: 8793:    {
        -: 8794:      auto __tmp = *this;
        -: 8795:      ++*this;
        -: 8796:      return __tmp;
        -: 8797:    }
        -: 8798:
        -: 8799:    constexpr _Iterator&
        -: 8800:    operator--() requires bidirectional_range<_Base>
        -: 8801:    {
        -: 8802:      --_M_current;
        -: 8803:      --_M_pos;
        -: 8804:      return *this;
        -: 8805:    }
        -: 8806:
        -: 8807:    constexpr _Iterator
        -: 8808:    operator--(int) requires bidirectional_range<_Base>
        -: 8809:    {
        -: 8810:      auto __tmp = *this;
        -: 8811:      --*this;
        -: 8812:      return __tmp;
        -: 8813:    }
        -: 8814:
        -: 8815:    constexpr _Iterator&
        -: 8816:    operator+=(difference_type __n) requires random_access_range<_Base>
        -: 8817:    {
        -: 8818:      _M_current += __n;
        -: 8819:      _M_pos += __n;
        -: 8820:      return *this;
        -: 8821:    }
        -: 8822:
        -: 8823:    constexpr _Iterator&
        -: 8824:    operator-=(difference_type __n) requires random_access_range<_Base>
        -: 8825:    {
        -: 8826:      _M_current -= __n;
        -: 8827:      _M_pos -= __n;
        -: 8828:      return *this;
        -: 8829:    }
        -: 8830:
        -: 8831:    constexpr auto
        -: 8832:    operator[](difference_type __n) const requires random_access_range<_Base>
        -: 8833:    { return __reference_type(_M_pos + __n, _M_current[__n]); }
        -: 8834:
        -: 8835:    friend constexpr bool
        -: 8836:    operator==(const _Iterator& __x, const _Iterator& __y) noexcept
        -: 8837:    { return __x._M_pos == __y._M_pos; }
        -: 8838:
        -: 8839:    friend constexpr strong_ordering
        -: 8840:    operator<=>(const _Iterator& __x, const _Iterator& __y) noexcept
        -: 8841:    { return __x._M_pos <=> __y._M_pos; }
        -: 8842:
        -: 8843:    friend constexpr _Iterator
        -: 8844:    operator+(const _Iterator& __x, difference_type __y)
        -: 8845:    requires random_access_range<_Base>
        -: 8846:    { return (auto(__x) += __y); }
        -: 8847:
        -: 8848:    friend constexpr _Iterator
        -: 8849:    operator+(difference_type __x, const _Iterator& __y)
        -: 8850:    requires random_access_range<_Base>
        -: 8851:    { return auto(__y) += __x; }
        -: 8852:
        -: 8853:    friend constexpr _Iterator
        -: 8854:    operator-(const _Iterator& __x, difference_type __y)
        -: 8855:    requires random_access_range<_Base>
        -: 8856:    { return auto(__x) -= __y; }
        -: 8857:
        -: 8858:    friend constexpr difference_type
        -: 8859:    operator-(const _Iterator& __x, const _Iterator& __y)
        -: 8860:    { return __x._M_pos - __y._M_pos; }
        -: 8861:
        -: 8862:    friend constexpr auto
        -: 8863:    iter_move(const _Iterator& __i)
        -: 8864:    noexcept(noexcept(ranges::iter_move(__i._M_current))
        -: 8865:	     && is_nothrow_move_constructible_v<range_rvalue_reference_t<_Base>>)
        -: 8866:    {
        -: 8867:      return tuple<difference_type, range_rvalue_reference_t<_Base>>
        -: 8868:	(__i._M_pos, ranges::iter_move(__i._M_current));
        -: 8869:    }
        -: 8870:  };
        -: 8871:
        -: 8872:  template<view _Vp>
        -: 8873:  requires __detail::__range_with_movable_reference<_Vp>
        -: 8874:  template<bool _Const>
        -: 8875:  class enumerate_view<_Vp>::_Sentinel
        -: 8876:  {
        -: 8877:    using _Base = __maybe_const_t<_Const, _Vp>;
        -: 8878:
        -: 8879:    sentinel_t<_Base> _M_end = sentinel_t<_Base>();
        -: 8880:
        -: 8881:    constexpr explicit
        -: 8882:    _Sentinel(sentinel_t<_Base> __end)
        -: 8883:    : _M_end(std::move(__end))
        -: 8884:    { }
        -: 8885:
        -: 8886:    friend enumerate_view;
        -: 8887:
        -: 8888:  public:
        -: 8889:    _Sentinel() = default;
        -: 8890:
        -: 8891:    constexpr
        -: 8892:    _Sentinel(_Sentinel<!_Const> __other)
        -: 8893:    requires _Const && convertible_to<sentinel_t<_Vp>, sentinel_t<_Base>>
        -: 8894:    : _M_end(std::move(__other._M_end))
        -: 8895:    { }
        -: 8896:
        -: 8897:    constexpr sentinel_t<_Base>
        -: 8898:    base() const
        -: 8899:    { return _M_end; }
        -: 8900:
        -: 8901:    template<bool _OtherConst>
        -: 8902:    requires sentinel_for<sentinel_t<_Base>, iterator_t<__maybe_const_t<_OtherConst, _Vp>>>
        -: 8903:    friend constexpr bool
        -: 8904:    operator==(const _Iterator<_OtherConst>& __x, const _Sentinel& __y)
        -: 8905:    { return __x._M_current == __y._M_end; }
        -: 8906:
        -: 8907:    template<bool _OtherConst>
        -: 8908:    requires sized_sentinel_for<sentinel_t<_Base>, iterator_t<__maybe_const_t<_OtherConst, _Vp>>>
        -: 8909:    friend constexpr range_difference_t<__maybe_const_t<_OtherConst, _Vp>>
        -: 8910:    operator-(const _Iterator<_OtherConst>& __x, const _Sentinel& __y)
        -: 8911:    { return __x._M_current - __y._M_end; }
        -: 8912:
        -: 8913:    template<bool _OtherConst>
        -: 8914:    requires sized_sentinel_for<sentinel_t<_Base>, iterator_t<__maybe_const_t<_OtherConst, _Vp>>>
        -: 8915:    friend constexpr range_difference_t<__maybe_const_t<_OtherConst, _Vp>>
        -: 8916:    operator-(const _Sentinel& __x, const _Iterator<_OtherConst>& __y)
        -: 8917:    { return __x._M_end - __y._M_current; }
        -: 8918:  };
        -: 8919:
        -: 8920:  namespace views
        -: 8921:  {
        -: 8922:    namespace __detail
        -: 8923:    {
        -: 8924:      template<typename _Tp>
        -: 8925:	concept __can_enumerate_view
        -: 8926:	  = requires { enumerate_view<all_t<_Tp>>(std::declval<_Tp>()); };
        -: 8927:    }
        -: 8928:
        -: 8929:    struct _Enumerate : __adaptor::_RangeAdaptorClosure
        -: 8930:    {
        -: 8931:      template<viewable_range _Range>
        -: 8932:	requires __detail::__can_enumerate_view<_Range>
        -: 8933:	constexpr auto
        -: 8934:	operator() [[nodiscard]] (_Range&& __r) const
        -: 8935:	{ return enumerate_view<all_t<_Range>>(std::forward<_Range>(__r)); }
        -: 8936:    };
        -: 8937:
        -: 8938:    inline constexpr _Enumerate enumerate;
        -: 8939:  }
        -: 8940:
        -: 8941:#define __cpp_lib_ranges_as_const 202207L
        -: 8942:
        -: 8943:  template<view _Vp>
        -: 8944:    requires input_range<_Vp>
        -: 8945:  class as_const_view : public view_interface<as_const_view<_Vp>>
        -: 8946:  {
        -: 8947:    _Vp _M_base = _Vp();
        -: 8948:
        -: 8949:  public:
        -: 8950:    as_const_view() requires default_initializable<_Vp> = default;
        -: 8951:
        -: 8952:    constexpr explicit
        -: 8953:    as_const_view(_Vp __base)
        -: 8954:    noexcept(is_nothrow_move_constructible_v<_Vp>)
        -: 8955:    : _M_base(std::move(__base))
        -: 8956:    { }
        -: 8957:
        -: 8958:    constexpr _Vp
        -: 8959:    base() const &
        -: 8960:    noexcept(is_nothrow_copy_constructible_v<_Vp>)
        -: 8961:    requires copy_constructible<_Vp>
        -: 8962:    { return _M_base; }
        -: 8963:
        -: 8964:    constexpr _Vp
        -: 8965:    base() &&
        -: 8966:    noexcept(is_nothrow_move_constructible_v<_Vp>)
        -: 8967:    { return std::move(_M_base); }
        -: 8968:
        -: 8969:    constexpr auto
        -: 8970:    begin() requires (!__detail::__simple_view<_Vp>)
        -: 8971:    { return ranges::cbegin(_M_base); }
        -: 8972:
        -: 8973:    constexpr auto
        -: 8974:    begin() const requires range<const _Vp>
        -: 8975:    { return ranges::cbegin(_M_base); }
        -: 8976:
        -: 8977:    constexpr auto
        -: 8978:    end() requires (!__detail::__simple_view<_Vp>)
        -: 8979:    { return ranges::cend(_M_base); }
        -: 8980:
        -: 8981:    constexpr auto
        -: 8982:    end() const requires range<const _Vp>
        -: 8983:    { return ranges::cend(_M_base); }
        -: 8984:
        -: 8985:    constexpr auto
        -: 8986:    size() requires sized_range<_Vp>
        -: 8987:    { return ranges::size(_M_base); }
        -: 8988:
        -: 8989:    constexpr auto
        -: 8990:    size() const requires sized_range<const _Vp>
        -: 8991:    { return ranges::size(_M_base); }
        -: 8992:  };
        -: 8993:
        -: 8994:  template<typename _Range>
        -: 8995:    as_const_view(_Range&&) -> as_const_view<views::all_t<_Range>>;
        -: 8996:
        -: 8997:  template<typename _Tp>
        -: 8998:    inline constexpr bool enable_borrowed_range<as_const_view<_Tp>>
        -: 8999:      = enable_borrowed_range<_Tp>;
        -: 9000:
        -: 9001:  namespace views
        -: 9002:  {
        -: 9003:    namespace __detail
        -: 9004:    {
        -: 9005:      template<typename _Tp>
        -: 9006:	inline constexpr bool __is_ref_view = false;
        -: 9007:
        -: 9008:      template<typename _Range>
        -: 9009:	inline constexpr bool __is_ref_view<ref_view<_Range>> = true;
        -: 9010:
        -: 9011:      template<typename _Range>
        -: 9012:	concept __can_as_const_view = requires { as_const_view(std::declval<_Range>()); };
        -: 9013:    }
        -: 9014:
        -: 9015:    struct _AsConst : __adaptor::_RangeAdaptorClosure
        -: 9016:    {
        -: 9017:      template<viewable_range _Range>
        -: 9018:      constexpr auto
        -: 9019:      operator()(_Range&& __r) const
        -: 9020:      noexcept(noexcept(as_const_view(std::declval<_Range>())))
        -: 9021:      requires __detail::__can_as_const_view<_Range>
        -: 9022:      {
        -: 9023:	using _Tp = remove_cvref_t<_Range>;
        -: 9024:	using element_type = remove_reference_t<range_reference_t<_Range>>;
        -: 9025:	if constexpr (constant_range<views::all_t<_Range>>)
        -: 9026:	  return views::all(std::forward<_Range>(__r));
        -: 9027:	else if constexpr (__detail::__is_empty_view<_Tp>)
        -: 9028:	  return views::empty<const element_type>;
        -: 9029:	else if constexpr (std::__detail::__is_span<_Tp>)
        -: 9030:	  return span<const element_type, _Tp::extent>(std::forward<_Range>(__r));
        -: 9031:	else if constexpr (__detail::__is_ref_view<_Tp>
        -: 9032:			   && constant_range<const element_type>)
        -: 9033:	  return ref_view(static_cast<const element_type&>
        -: 9034:			  (std::forward<_Range>(__r).base()));
        -: 9035:	else if constexpr (is_lvalue_reference_v<_Range>
        -: 9036:			   && constant_range<const _Tp>
        -: 9037:			   && !view<_Tp>)
        -: 9038:	  return ref_view(static_cast<const _Tp&>(__r));
        -: 9039:	else
        -: 9040:	  return as_const_view(std::forward<_Range>(__r));
        -: 9041:      }
        -: 9042:    };
        -: 9043:
        -: 9044:    inline constexpr _AsConst as_const;
        -: 9045:  }
        -: 9046:#endif // C++23
        -: 9047:} // namespace ranges
        -: 9048:
        -: 9049:  namespace views = ranges::views;
        -: 9050:
        -: 9051:_GLIBCXX_END_NAMESPACE_VERSION
        -: 9052:} // namespace
        -: 9053:#endif // library concepts
        -: 9054:#endif // C++2a
        -: 9055:#endif /* _GLIBCXX_RANGES */
