        -:    0:Source:D:/C,C++/CLion 2024.3.4/Projects/Lab6_7/Repo/repository_fals_discipline.cpp
        -:    0:Graph:D:\C,C++\CLion 2024.3.4\Projects\Lab6_7\cmake-build-debug-coverage\CMakeFiles\Lab6_7.dir\Repo\repository_fals_discipline.cpp.gcno
        -:    0:Data:D:\C,C++\CLion 2024.3.4\Projects\Lab6_7\cmake-build-debug-coverage\CMakeFiles\Lab6_7.dir\Repo\repository_fals_discipline.cpp.gcda
        -:    0:Runs:1
        -:    1:#include "repository_fals_discipline.h"
        -:    2:
        -:    3:
        -:    4:
function _ZNK18RepoDisciplinaFals9try_throwEv called 34 returned 97% blocks executed 68%
       34:    5:void RepoDisciplinaFals::try_throw() const {
       34:    6:    if (uniform_real_distribution<> dist(0.0, 1.0); dist(gen) < prob)
       34:    6-block  0
call    0 returned 34
branch  1 taken 34 (fallthrough)
branch  2 taken 0 (throw)
       34:    6-block  1
call    3 returned 34
branch  4 taken 34 (fallthrough)
branch  5 taken 0 (throw)
       34:    6-block  2
branch  6 taken 1 (fallthrough)
branch  7 taken 33
        3:    7:        throw RepoException("Exceptie aruncata de repo!");
        1:    7-block  0
call    0 returned 1
        1:    7-block  1
call    1 returned 1
branch  2 taken 1 (fallthrough)
branch  3 taken 0 (throw)
        1:    7-block  2
call    4 returned 1
call    5 returned 1
        1:    7-block  3
call    6 returned 1
    $$$$$:    7-block  4
    $$$$$:    7-block  5
    $$$$$:    7-block  6
call    7 never executed
       33:    8:}
       33:    8-block  0
        -:    9:
function _ZN18RepoDisciplinaFals6adaugaERK10Disciplina called 18 returned 89% blocks executed 81%
       18:   10:void RepoDisciplinaFals::adauga(const Disciplina &dis) {
       18:   11:    try_throw();
       18:   11-block  0
call    0 returned 17
        -:   12:
       74:   13:    for (const auto &val: data | values)
call    0 returned 17
branch  1 taken 17 (fallthrough)
branch  2 taken 0 (throw)
       17:   13-block  0
call    3 returned 17
branch  4 taken 17 (fallthrough)
branch  5 taken 0 (throw)
       17:   13-block  1
call    6 returned 17
branch  7 taken 17 (fallthrough)
branch  8 taken 0 (throw)
       17:   13-block  2
       58:   13-block  3
call    9 returned 58
       57:   13-block  4
call   10 returned 57
       74:   13-block  5
call   11 returned 74
branch 12 taken 58
branch 13 taken 16 (fallthrough)
       60:   14:        if (val == dis) throw RepoException("Disciplina exista deja!");
call    0 returned 58
branch  1 taken 1 (fallthrough)
branch  2 taken 57
        1:   14-block  0
call    3 returned 1
        1:   14-block  1
call    4 returned 1
branch  5 taken 1 (fallthrough)
branch  6 taken 0 (throw)
        1:   14-block  2
call    7 returned 1
call    8 returned 1
        1:   14-block  3
call    9 returned 1
    $$$$$:   14-block  4
    $$$$$:   14-block  5
    $$$$$:   14-block  6
call   10 never executed
        -:   15:
       16:   16:    data[static_cast<int>(data.size())] = dis;
       16:   16-block  0
call    0 returned 16
call    1 returned 16
branch  2 taken 16 (fallthrough)
branch  3 taken 0 (throw)
       16:   16-block  1
call    4 returned 16
branch  5 taken 16 (fallthrough)
branch  6 taken 0 (throw)
       16:   17:}
       16:   17-block  0
        -:   18:
function _ZN18RepoDisciplinaFals8modificaEyRK10Disciplina called 4 returned 75% blocks executed 80%
        4:   19:void RepoDisciplinaFals::modifica(size_t index, const Disciplina &d) {
        4:   20:    try_throw();
        4:   20-block  0
call    0 returned 4
        -:   21:
       25:   22:    for (const auto &val: data | values)
call    0 returned 4
branch  1 taken 4 (fallthrough)
branch  2 taken 0 (throw)
        4:   22-block  0
call    3 returned 4
branch  4 taken 4 (fallthrough)
branch  5 taken 0 (throw)
        4:   22-block  1
call    6 returned 4
branch  7 taken 4 (fallthrough)
branch  8 taken 0 (throw)
        4:   22-block  2
       22:   22-block  3
call    9 returned 22
       21:   22-block  4
call   10 returned 21
       25:   22-block  5
call   11 returned 25
branch 12 taken 22
branch 13 taken 3 (fallthrough)
       22:   23:        if (val == d)
call    0 returned 22
branch  1 taken 1 (fallthrough)
branch  2 taken 21
        3:   24:            throw RepoException("Disciplina exista deja!");
        1:   24-block  0
call    0 returned 1
        1:   24-block  1
call    1 returned 1
branch  2 taken 1 (fallthrough)
branch  3 taken 0 (throw)
        1:   24-block  2
call    4 returned 1
call    5 returned 1
        1:   24-block  3
call    6 returned 1
    $$$$$:   24-block  4
    $$$$$:   24-block  5
    $$$$$:   24-block  6
call    7 never executed
        -:   25:
        3:   26:    data[static_cast<int>(index)] = d;
        3:   26-block  0
call    0 returned 3
branch  1 taken 3 (fallthrough)
branch  2 taken 0 (throw)
        3:   26-block  1
call    3 returned 3
branch  4 taken 3 (fallthrough)
branch  5 taken 0 (throw)
        3:   27:}
        3:   27-block  0
        -:   28:
function _ZN18RepoDisciplinaFals6stergeEi called 5 returned 100% blocks executed 92%
        5:   29:void RepoDisciplinaFals::sterge(int index) {
        5:   30:    try_throw();
        5:   30-block  0
call    0 returned 5
        -:   31:
        5:   32:    data.erase(index);
call    0 returned 5
        -:   33:
        5:   34:    int size = static_cast<int>(data.size()) + 1;
call    0 returned 5
       14:   35:    for (int i = index + 1; i < size; ++i) {
        9:   35-block  0
       14:   35-block  1
branch  0 taken 9
branch  1 taken 5 (fallthrough)
        9:   36:        data[i-1] = data[i];
        9:   36-block  0
call    0 returned 9
branch  1 taken 9 (fallthrough)
branch  2 taken 0 (throw)
        9:   36-block  1
call    3 returned 9
branch  4 taken 9 (fallthrough)
branch  5 taken 0 (throw)
        9:   36-block  2
call    6 returned 9
branch  7 taken 9 (fallthrough)
branch  8 taken 0 (throw)
    $$$$$:   36-block  3
        9:   37:        data.erase(i);
        9:   37-block  0
call    0 returned 9
branch  1 taken 9 (fallthrough)
branch  2 taken 0 (throw)
        -:   38:    }
        5:   39:}
        5:   39-block  0
        -:   40:
function _ZNK18RepoDisciplinaFals5cautaEy called 7 returned 100% blocks executed 88%
        7:   41:const Disciplina &RepoDisciplinaFals::cauta(size_t index) const {
        7:   42:    try_throw();
        7:   42-block  0
call    0 returned 7
        7:   43:    return data.find(static_cast<int>(index))->second;
call    0 returned 7
branch  1 taken 7 (fallthrough)
branch  2 taken 0 (throw)
        7:   43-block  0
call    3 returned 7
        7:   43-block  1
        7:   43-block  2
    $$$$$:   43-block  3
        -:   44:}
        -:   45:
function _ZNK18RepoDisciplinaFals6getAllEv called 25 returned 100% blocks executed 100%
       25:   46:const vector<Disciplina> &RepoDisciplinaFals::getAll() const noexcept {
       25:   47:    static vector<Disciplina> cache;
       25:   47-block  0
branch  0 taken 1 (fallthrough)
branch  1 taken 24
        1:   47-block  1
call    2 returned 1
branch  3 taken 1 (fallthrough)
branch  4 taken 0
        1:   47-block  2
call    5 returned 1
call    6 returned 1
       25:   48:    cache.clear();
       25:   48-block  0
call    0 returned 25
        -:   49:
        -:   50:
      129:   51:    for (const auto &val : data | values)
call    0 returned 25
call    1 returned 25
call    2 returned 25
      104:   51-block  0
call    3 returned 104
call    4 returned 104
      129:   51-block  1
call    5 returned 129
branch  6 taken 104
branch  7 taken 25 (fallthrough)
      104:   52:        cache.emplace_back(val);
call    0 returned 104
        -:   53:
       25:   54:    return cache;
       25:   54-block  0
        -:   55:}
        -:   56:
function _ZN18RepoDisciplinaFals17inserare_la_indexEyRK10Disciplina called 2 returned 100% blocks executed 81%
        2:   57:void RepoDisciplinaFals::inserare_la_index(size_t index, const Disciplina &d) {
        2:   58:    map<int, Disciplina> copie;
        2:   58-block  0
call    0 returned 2
        -:   59:
        -:   60:    // eliberam indexul
       20:   61:    for (auto &[key, val] : data)
call    0 returned 2
call    1 returned 2
       18:   61-block  0
call    2 returned 18
call    3 returned 18
call    4 returned 18
       18:   61-block  1
call    5 returned 18
       20:   61-block  2
call    6 returned 20
branch  7 taken 18
branch  8 taken 2 (fallthrough)
       18:   62:        if (key >= static_cast<int>(index))
branch  0 taken 8 (fallthrough)
branch  1 taken 10
        8:   63:            copie[key + 1] = val;
        8:   63-block  0
call    0 returned 8
branch  1 taken 8 (fallthrough)
branch  2 taken 0 (throw)
        8:   63-block  1
call    3 returned 8
branch  4 taken 8 (fallthrough)
branch  5 taken 0 (throw)
        8:   63-block  2
    $$$$$:   63-block  3
        -:   64:        else
       10:   65:            copie[key] = val;
       10:   65-block  0
call    0 returned 10
branch  1 taken 10 (fallthrough)
branch  2 taken 0 (throw)
       10:   65-block  1
call    3 returned 10
branch  4 taken 10 (fallthrough)
branch  5 taken 0 (throw)
        -:   66:
        -:   67:    // bagam pe cel care dorim pe pozitia index
        2:   68:    copie[static_cast<int>(index)] = d;
        2:   68-block  0
call    0 returned 2
branch  1 taken 2 (fallthrough)
branch  2 taken 0 (throw)
        2:   68-block  1
call    3 returned 2
branch  4 taken 2 (fallthrough)
branch  5 taken 0 (throw)
    $$$$$:   68-block  2
        2:   69:    data = move(copie);
        2:   69-block  0
call    0 returned 2
call    1 returned 2
        2:   70:}
call    0 returned 2
    $$$$$:   70-block  0
call    1 never executed
