        -:    0:Source:D:/C,C++/CLion 2024.3.4/Projects/Lab6_7/DTO/dto_discipline.h
        -:    0:Graph:D:\C,C++\CLion 2024.3.4\Projects\Lab6_7\cmake-build-debug-coverage\CMakeFiles\Lab6_7.dir\Service\service_discipline.cpp.gcno
        -:    0:Data:D:\C,C++\CLion 2024.3.4\Projects\Lab6_7\cmake-build-debug-coverage\CMakeFiles\Lab6_7.dir\Service\service_discipline.cpp.gcda
        -:    0:Runs:1
        -:    1:#pragma once
        -:    2:#include <string>
        -:    3:#include <utility>
        -:    4:
        -:    5:using std::string;
        -:    6:using std::move;
        -:    7:
        -:    8:/**
        -:    9: * Clasa care tine evidenta frecventelor unei chestii din repository
        -:   10: */
        -:   11:class ReportDTO final {
        -:   12:private:
        -:   13:    int count = 0;
        -:   14:
        -:   15:public:
        -:   16:    /**
        -:   17:     * Constructor explicit pentru declararea initializata
        -:   18:     * @param count frecventa acelui tip
        -:   19:     */
function _ZN9ReportDTOC1Ei called 10 returned 100% blocks executed 100%
       10:   20:    explicit ReportDTO(int count) : count{count} {
       10:   21:    }
        -:   22:
        -:   23:    /**
        -:   24:     * Constructor implicit pentru declararea neinitializata
        -:   25:     */
function _ZN9ReportDTOC1Ev called 0 returned 0% blocks executed 0%
    #####:   26:    ReportDTO() = default;
        -:   27:
        -:   28:
        -:   29:    /**
        -:   30:    * Functia returneaza frecventa tipului de discipline curente
        -:   31:    * @return frecventa tipului de discipline curente
        -:   32:    */
        -:   33:    [[nodiscard]] int getCount() const noexcept;
        -:   34:};
