        -:    0:Source:D:/C,C++/CLion 2024.3.4/Projects/Lab6_7/Undo/undo_discipline.cpp
        -:    0:Graph:D:\C,C++\CLion 2024.3.4\Projects\Lab6_7\cmake-build-debug-coverage\CMakeFiles\Lab6_7.dir\Undo\undo_discipline.cpp.gcno
        -:    0:Data:D:\C,C++\CLion 2024.3.4\Projects\Lab6_7\cmake-build-debug-coverage\CMakeFiles\Lab6_7.dir\Undo\undo_discipline.cpp.gcda
        -:    0:Runs:1
        -:    1:#include "undo_discipline.h"
        -:    2:
function _ZN10UndoAdauga6doUndoEv called 3 returned 100% blocks executed 100%
        3:    3:void UndoAdauga::doUndo() {
        -:    4:    //Ultima disciplina e intotdeauna adaugata la final
        3:    5:    repo.sterge(static_cast<int>(repo.getAll().size()) - 1);
        3:    5-block  0
call    0 returned 3
call    1 returned 3
call    2 returned 3
        3:    6:}
        -:    7:
function _ZN12UndoModifica6doUndoEv called 3 returned 100% blocks executed 100%
        3:    8:void UndoModifica::doUndo() {
        3:    9:    repo.modifica(index, d_veche);
        3:    9-block  0
call    0 returned 3
        3:   10:}
        -:   11:
function _ZN10UndoSterge6doUndoEv called 6 returned 100% blocks executed 100%
        6:   12:void UndoSterge::doUndo() {
        6:   13:    repo.inserare_la_index(index ,d);
        6:   13-block  0
call    0 returned 6
        6:   14:}
