        -:    0:Source:/mnt/d/C,C++/CLion 2024.3.4/Projects/Lab2_4_Matei/main.c
        -:    0:Graph:/mnt/d/C,C++/CLion 2024.3.4/Projects/Lab2_4_Matei/cmake-build-debug-coverage/CMakeFiles/Lab03.dir/main.c.gcno
        -:    0:Data:/mnt/d/C,C++/CLion 2024.3.4/Projects/Lab2_4_Matei/cmake-build-debug-coverage/CMakeFiles/Lab03.dir/main.c.gcda
        -:    0:Runs:1
        -:    1:#include <stdio.h>
        -:    2:#include "teste.h"
        -:    3:#include "consola.h"
        -:    4:
        -:    5:/*
        -:    6:Creati o aplicatie modulara in C.
        -:    7:Se cere interfata utilizator de tip consola.
        -:    8:Datele introduse de utilizator trebuie validate.
        -:    9:Folositi athitectura stratificata.
        -:   10:Folositi dezvoltare dirijata de teste (Test Driven Development)
        -:   11:Fiecare metoda din aplicatie trebuie specificat si testat.
        -:   12:Implementati vector dinamic pentru lucru cu liste:
        -:   13:  - in prima saptamana puteti folosi reprezentarea cu un struct ( un vector static si lungime in el)
        -:   14:  - pana in saptamana 2 trebuie folosit alocare dinamica (sa acomodeze oricate elemente)
        -:   15:Timp de lucru 2 saptamani.
        -:   16:
        -:   17:Gestiune farmacie
        -:   18:
        -:   19:Administratorul unei farmacii are nevoie de o aplicatie care permite gestiunea stocului din farmacie.
        -:   20:Fiecare medicament din stoc are un cod unic, un nume,concentratie, cantitate disponibila in stoc.
        -:   21:Creati o aplicatie care permite:
        -:   22: a) Adaugare de noi medicamente. Daca medicamentul este deja in stoc trebuie actualizat cantitatea
        -:   23: b) Actualizare medicamente (modificare nume, concentratie pentru un medicament din stoc)
        -:   24: c) Stergerea intregului stoc dintr-un medicament dat
        -:   25: d) Vizualizare medicamente din stoc, ordonat dupa nume, cantitate (crescator/descrescator)
        -:   26: e) Vizualizare lista de medicamente filtrate dupa un criteriu. Medicamente unde stocul disponibil
        -:   27:    este mai mic decat o valoare data; medicamente cu numele incepand cu o litera data.
        -:   28:*/
        -:   29:
function main called 1 returned 100% blocks executed 100%
        1:   30:int main() {
        1:   31:  ruleaza_toate_testele();
        1:   31-block  0
call    0 returned 1
        -:   32:  //ui_ruleaza_aplicatie();
        1:   33:  return 0;
        -:   34:}
