        -:    0:Source:/mnt/d/C,C++/CLion 2024.3.4/Projects/Lab2_4/domain/materie_prima.c
        -:    0:Graph:/mnt/d/C,C++/CLion 2024.3.4/Projects/Lab2_4/cmake-build-debug-coverage/CMakeFiles/Lab2_4.dir/domain/materie_prima.c.gcno
        -:    0:Data:/mnt/d/C,C++/CLion 2024.3.4/Projects/Lab2_4/cmake-build-debug-coverage/CMakeFiles/Lab2_4.dir/domain/materie_prima.c.gcda
        -:    0:Runs:1
        -:    1:#include <stdlib.h>
        -:    2:#include <string.h>
        -:    3:#include "materie_prima.h"
        -:    4:
        -:    5:
function validare called 23 returned 100% blocks executed 100%
       23:    6:int validare(MateriePrima m) {
       23:    7:    if (strlen(m.nume) == 0 || strlen(m.producator) == 0) return 0;
       23:    7-block  0
branch  0 taken 21 (fallthrough)
branch  1 taken 2
       21:    7-block  1
branch  2 taken 2 (fallthrough)
branch  3 taken 19
        4:    7-block  2
       19:    8:    if (m.cantitate < 0) return 0;
       19:    8-block  0
branch  0 taken 1 (fallthrough)
branch  1 taken 18
        1:    8-block  1
       18:    9:    return 1;
       18:    9-block  0
        -:   10:}
