        -:    0:Source:/mnt/d/C,C++/CLion 2024.3.4/Projects/Lab2_4/service/materie_service.c
        -:    0:Graph:/mnt/d/C,C++/CLion 2024.3.4/Projects/Lab2_4/cmake-build-debug-coverage/CMakeFiles/Lab2_4.dir/service/materie_service.c.gcno
        -:    0:Data:/mnt/d/C,C++/CLion 2024.3.4/Projects/Lab2_4/cmake-build-debug-coverage/CMakeFiles/Lab2_4.dir/service/materie_service.c.gcda
        -:    0:Runs:1
        -:    1:#include "materie_service.h"
        -:    2:#include <string.h>
        -:    3:
        -:    4:
function adaugare_validata called 17 returned 100% blocks executed 100%
       17:    5:void adaugare_validata(ListaMaterii *lista, MateriePrima m) {
       17:    6:    if (validare(m))
       17:    6-block  0
call    0 returned 17
branch  1 taken 16 (fallthrough)
branch  2 taken 1
       16:    7:        adaugare(lista, m);
       16:    7-block  0
call    0 returned 16
       17:    8:}
        -:    9:
        -:   10:
function modificare_validata called 2 returned 100% blocks executed 100%
        2:   11:void modificare_validata(ListaMaterii* lista, int index, MateriePrima m) {
        2:   12:    if (validare(m) && index >= 0 && index < lista->nr_elemente)
        2:   12-block  0
call    0 returned 2
branch  1 taken 1 (fallthrough)
branch  2 taken 1
        1:   12-block  1
branch  3 taken 1 (fallthrough)
branch  4 taken 0
        1:   12-block  2
branch  5 taken 1 (fallthrough)
branch  6 taken 0
        1:   13:        modificare(lista, index, m);
        1:   13-block  0
call    0 returned 1
        2:   14:}
        -:   15:
        -:   16:
function stergere_validata called 2 returned 100% blocks executed 100%
        2:   17:void stergere_validata(ListaMaterii* lista, int index) {
        2:   18:    if (index >= 0 && index <= lista->nr_elemente)
        2:   18-block  0
branch  0 taken 2 (fallthrough)
branch  1 taken 0
        2:   18-block  1
branch  2 taken 1 (fallthrough)
branch  3 taken 1
        1:   19:         stergere(lista, index);
        1:   19-block  0
call    0 returned 1
        2:   20:}
        -:   21:
        -:   22:
function filtrare_dupa_nume called 1 returned 100% blocks executed 100%
        1:   23:ListaMaterii filtrare_dupa_nume(ListaMaterii lista, char litera) {
        1:   24:    ListaMaterii filtrata = creeare();
        1:   24-block  0
call    0 returned 1
        3:   25:    for (int i = 0; i < lista.nr_elemente; i++) {
        2:   25-block  0
        3:   25-block  1
branch  0 taken 2
branch  1 taken 1 (fallthrough)
        2:   26:        if (lista.materii[i].nume[0] == litera) {
        2:   26-block  0
branch  0 taken 1 (fallthrough)
branch  1 taken 1
        1:   27:            adaugare(&filtrata, lista.materii[i]);
        1:   27-block  0
call    0 returned 1
        -:   28:        }
        -:   29:    }
        1:   30:    return filtrata;
        1:   30-block  0
        -:   31:}
        -:   32:
        -:   33:
function filtrare_dupa_cantitate called 1 returned 100% blocks executed 100%
        1:   34:ListaMaterii filtrare_dupa_cantitate(ListaMaterii lista, int prag) {
        1:   35:    ListaMaterii filtrata = creeare();
        1:   35-block  0
call    0 returned 1
        3:   36:    for (int i = 0; i < lista.nr_elemente; i++) {
        2:   36-block  0
        3:   36-block  1
branch  0 taken 2
branch  1 taken 1 (fallthrough)
        2:   37:        if (lista.materii[i].cantitate < prag) {
        2:   37-block  0
branch  0 taken 1 (fallthrough)
branch  1 taken 1
        1:   38:            adaugare(&filtrata, lista.materii[i]);
        1:   38-block  0
call    0 returned 1
        -:   39:        }
        -:   40:    }
        1:   41:    return filtrata;
        1:   41-block  0
        -:   42:}
        -:   43:
        -:   44:
function cmpDupaNume called 2 returned 100% blocks executed 100%
        2:   45:int cmpDupaNume(MateriePrima a, MateriePrima b) {
        2:   46:    return strcmp(a.nume, b.nume);
        2:   46-block  0
        -:   47:}
        -:   48:
        -:   49:
        -:   50:
function cmpDupaCantitate called 2 returned 100% blocks executed 100%
        2:   51:int cmpDupaCantitate(MateriePrima a, MateriePrima b) {
        2:   52:    return a.cantitate - b.cantitate;
        2:   52-block  0
        -:   53:}
        -:   54:
        -:   55:
function sortare called 2 returned 100% blocks executed 100%
        2:   56:void sortare(ListaMaterii* lista, Compare dupa_camp) {
        4:   57:    for (int i = 0; i < lista->nr_elemente - 1; i++)
        2:   57-block  0
        2:   57-block  1
        4:   57-block  2
branch  0 taken 2
branch  1 taken 2 (fallthrough)
        4:   58:        for (int j = i + 1; j < lista->nr_elemente; j++)
        2:   58-block  0
        2:   58-block  1
        4:   58-block  2
branch  0 taken 2
branch  1 taken 2 (fallthrough)
        2:   59:            if (dupa_camp(lista->materii[i], lista->materii[j])>0){
        2:   59-block  0
call    0 returned 2
branch  1 taken 2 (fallthrough)
branch  2 taken 0
        2:   60:                MateriePrima temp = lista->materii[i];
        2:   61:                lista->materii[i] = lista->materii[j];
        2:   62:                lista->materii[j] = temp;
        2:   62-block  0
        -:   63:            }
        2:   64:}
