/usr/bin/cmake -DCMAKE_BUILD_TYPE=Debug -DCMAKE_C_COMPILER=/usr/bin/clang -DCMAKE_CXX_COMPILER=/usr/bin/clang++ -G "Unix Makefiles" -S "/mnt/d/C,C++/CLion 2024.3.4/Projects/Lab6_7" -B "/mnt/d/C,C++/CLion 2024.3.4/Projects/Lab6_7/cmake-build-debug-wsl"
-- The CXX compiler identification is Clang 18.1.3
-- Detecting CXX compiler ABI info
-- Detecting CXX compiler ABI info - failed
-- Check for working CXX compiler: /usr/bin/clang++
-- Check for working CXX compiler: /usr/bin/clang++ - broken
CMake Error at /usr/share/cmake-3.28/Modules/CMakeTestCXXCompiler.cmake:60 (message):
  The C++ compiler

    "/usr/bin/clang++"

  is not able to compile a simple test program.

  It fails with the following output:

    Change Dir: '/mnt/d/C,C++/CLion 2024.3.4/Projects/Lab6_7/cmake-build-debug-wsl/CMakeFiles/CMakeScratch/TryCompile-L1B3Q6'
    
    Run Build Command(s): /usr/bin/cmake -E env VERBOSE=1 /usr/bin/gmake -f Makefile cmTC_64b88/fast
    /usr/bin/gmake  -f CMakeFiles/cmTC_64b88.dir/build.make CMakeFiles/cmTC_64b88.dir/build
    gmake[1]: Entering directory '/mnt/d/C,C++/CLion 2024.3.4/Projects/Lab6_7/cmake-build-debug-wsl/CMakeFiles/CMakeScratch/TryCompile-L1B3Q6'
    Building CXX object CMakeFiles/cmTC_64b88.dir/testCXXCompiler.cxx.o
    /usr/bin/clang++   -fcolor-diagnostics -MD -MT CMakeFiles/cmTC_64b88.dir/testCXXCompiler.cxx.o -MF CMakeFiles/cmTC_64b88.dir/testCXXCompiler.cxx.o.d -o CMakeFiles/cmTC_64b88.dir/testCXXCompiler.cxx.o -c "/mnt/d/C,C++/CLion 2024.3.4/Projects/Lab6_7/cmake-build-debug-wsl/CMakeFiles/CMakeScratch/TryCompile-L1B3Q6/testCXXCompiler.cxx"
    Linking CXX executable cmTC_64b88
    /usr/bin/cmake -E cmake_link_script CMakeFiles/cmTC_64b88.dir/link.txt --verbose=1
    /usr/bin/clang++ CMakeFiles/cmTC_64b88.dir/testCXXCompiler.cxx.o -o cmTC_64b88 
    /usr/bin/ld: cannot find -lstdc++: No such file or directory
    clang++: error: linker command failed with exit code 1 (use -v to see invocation)
    gmake[1]: *** [CMakeFiles/cmTC_64b88.dir/build.make:100: cmTC_64b88] Error 1
    gmake[1]: Leaving directory '/mnt/d/C,C++/CLion 2024.3.4/Projects/Lab6_7/cmake-build-debug-wsl/CMakeFiles/CMakeScratch/TryCompile-L1B3Q6'
    gmake: *** [Makefile:127: cmTC_64b88/fast] Error 2
    
    

  

  CMake will not be able to correctly generate this project.
Call Stack (most recent call first):
  CMakeLists.txt:2 (project)


-- Configuring incomplete, errors occurred!
